2024-02-15 11:07:58,374 [INFO] Activator:176 - 


2024-02-15 11:07:58,383 [INFO] Activator:177 - !SESSION log4j initialized
2024-02-15 11:08:03,249 [INFO] LogOutputStream:77 - [STDOUT_REDIRECT] 
2024-02-15 11:08:04,605 [INFO] ApplicationProperties:184 - Using Application install path: C:\Users\rsoza\Documents\coding\c++\stm32\STM32CubeIDE_1.14.1\STM32CubeIDE\plugins\com.st.stm32cube.common.mx_6.10.0.202311202037
2024-02-15 11:08:04,621 [INFO] DbMcusXml:78 - Set database path to: C:\Users\rsoza\Documents\coding\c++\stm32\STM32CubeIDE_1.14.1\STM32CubeIDE\plugins\com.st.stm32cube.common.mx_6.10.0.202311202037\\db\/mcu/
2024-02-15 11:08:04,622 [INFO] ApiDb:274 - Set plugin database path to: C:\Users\rsoza\Documents\coding\c++\stm32\STM32CubeIDE_1.14.1\STM32CubeIDE\plugins\com.st.stm32cube.common.mx_6.10.0.202311202037\\db\/plugins/boardmanager/
2024-02-15 11:08:04,622 [WARN] ApiDb:259 - Overriding images path with different value:  => C:\Users\rsoza\Documents\coding\c++\stm32\STM32CubeIDE_1.14.1\STM32CubeIDE\plugins\com.st.stm32cube.common.mx_6.10.0.202311202037\\db\/plugins/mcufinder/images/
2024-02-15 11:08:04,629 [INFO] ApiDb:250 - Set database path to: C:\Users\rsoza\.stmcufinder\plugins\mcufinder//mcu/
2024-02-15 11:08:04,630 [INFO] DbMcusAds:125 - Set database path to: C:\Users\rsoza\.stmcufinder\plugins\mcufinder//mcu/
2024-02-15 11:08:04,633 [INFO] CrossReferenceDbSqlite:203 - Set database path to: C:\Users\rsoza\.stmcufinder\plugins\mcufinder//mcu/cs/
2024-02-15 11:08:04,724 [INFO] RulesReader:64 - Compatibility file has been processed (297 Rules)
2024-02-15 11:08:04,790 [INFO] DbMcusXml:78 - Set database path to: C:\Users\rsoza\Documents\coding\c++\stm32\STM32CubeIDE_1.14.1\STM32CubeIDE\plugins\com.st.stm32cube.common.mx_6.10.0.202311202037\\db\/mcu/
2024-02-15 11:08:04,790 [INFO] ApiDb:274 - Set plugin database path to: C:\Users\rsoza\Documents\coding\c++\stm32\STM32CubeIDE_1.14.1\STM32CubeIDE\plugins\com.st.stm32cube.common.mx_6.10.0.202311202037\\db\/plugins/boardmanager/
2024-02-15 11:08:04,790 [INFO] ApiDb:261 - Set plugin images path to: C:\Users\rsoza\Documents\coding\c++\stm32\STM32CubeIDE_1.14.1\STM32CubeIDE\plugins\com.st.stm32cube.common.mx_6.10.0.202311202037\\db\/plugins/mcufinder/images/
2024-02-15 11:08:04,790 [WARN] DbFile:41 - Overriding database path with different value: C:\Users\rsoza\.stmcufinder\plugins\mcufinder/ => C:\Users\rsoza\.stmcufinder\plugins\mcufinder
2024-02-15 11:08:04,790 [INFO] ApiDb:250 - Set database path to: C:\Users\rsoza\.stmcufinder\plugins\mcufinder//mcu/
2024-02-15 11:08:04,790 [WARN] DbFile:41 - Overriding database path with different value: C:\Users\rsoza\.stmcufinder\plugins\mcufinder/ => C:\Users\rsoza\.stmcufinder\plugins\mcufinder
2024-02-15 11:08:04,791 [INFO] DbMcusAds:125 - Set database path to: C:\Users\rsoza\.stmcufinder\plugins\mcufinder//mcu/
2024-02-15 11:08:04,791 [WARN] DbFile:41 - Overriding database path with different value: C:\Users\rsoza\.stmcufinder\plugins\mcufinder/ => C:\Users\rsoza\.stmcufinder\plugins\mcufinder
2024-02-15 11:08:04,791 [WARN] DbFile:41 - Overriding database path with different value: C:\Users\rsoza\.stmcufinder\plugins\mcufinder/ => C:\Users\rsoza\.stmcufinder\plugins\mcufinder
2024-02-15 11:08:04,791 [INFO] CrossReferenceDbSqlite:203 - Set database path to: C:\Users\rsoza\.stmcufinder\plugins\mcufinder//mcu/cs/
2024-02-15 11:08:04,849 [INFO] MainPanel:264 - HeapMemory: 268435456
2024-02-15 11:08:04,918 [INFO] DbMcusXml:78 - Set database path to: C:\Users\rsoza\Documents\coding\c++\stm32\STM32CubeIDE_1.14.1\STM32CubeIDE\plugins\com.st.stm32cube.common.mx_6.10.0.202311202037\\db\/mcu/
2024-02-15 11:08:04,918 [INFO] ApiDb:274 - Set plugin database path to: C:\Users\rsoza\Documents\coding\c++\stm32\STM32CubeIDE_1.14.1\STM32CubeIDE\plugins\com.st.stm32cube.common.mx_6.10.0.202311202037\\db\/plugins/boardmanager/
2024-02-15 11:08:04,918 [INFO] ApiDb:261 - Set plugin images path to: C:\Users\rsoza\Documents\coding\c++\stm32\STM32CubeIDE_1.14.1\STM32CubeIDE\plugins\com.st.stm32cube.common.mx_6.10.0.202311202037\\db\/plugins/mcufinder/images/
2024-02-15 11:08:04,918 [WARN] DbFile:41 - Overriding database path with different value: C:\Users\rsoza\.stmcufinder\plugins\mcufinder/ => C:\Users\rsoza\.stmcufinder\plugins\mcufinder
2024-02-15 11:08:04,918 [INFO] ApiDb:250 - Set database path to: C:\Users\rsoza\.stmcufinder\plugins\mcufinder//mcu/
2024-02-15 11:08:04,918 [WARN] DbFile:41 - Overriding database path with different value: C:\Users\rsoza\.stmcufinder\plugins\mcufinder/ => C:\Users\rsoza\.stmcufinder\plugins\mcufinder
2024-02-15 11:08:04,919 [INFO] DbMcusAds:125 - Set database path to: C:\Users\rsoza\.stmcufinder\plugins\mcufinder//mcu/
2024-02-15 11:08:04,919 [WARN] DbFile:41 - Overriding database path with different value: C:\Users\rsoza\.stmcufinder\plugins\mcufinder/ => C:\Users\rsoza\.stmcufinder\plugins\mcufinder
2024-02-15 11:08:04,919 [WARN] DbFile:41 - Overriding database path with different value: C:\Users\rsoza\.stmcufinder\plugins\mcufinder/ => C:\Users\rsoza\.stmcufinder\plugins\mcufinder
2024-02-15 11:08:04,919 [INFO] CrossReferenceDbSqlite:203 - Set database path to: C:\Users\rsoza\.stmcufinder\plugins\mcufinder//mcu/cs/
2024-02-15 11:08:04,933 [INFO] ApplicationProperties:184 - Using Application install path: C:\Users\rsoza\Documents\coding\c++\stm32\STM32CubeIDE_1.14.1\STM32CubeIDE\plugins\com.st.stm32cube.common.mx_6.10.0.202311202037
2024-02-15 11:08:04,934 [INFO] PluginManage:196 - Search for loadable plugins [exclusion list=, ]
2024-02-15 11:08:04,935 [INFO] PluginManage:310 - Check plugin analytics
2024-02-15 11:08:05,040 [INFO] AnalyticsPlugin:253 - Accepted Software Licenses: 
2024-02-15 11:08:05,041 [INFO] AnalyticsPlugin:255 - Accepted CMSIS Pack Licenses: 
2024-02-15 11:08:05,041 [INFO] AnalyticsPlugin:257 - Accepted Firmware Licenses: 
2024-02-15 11:08:05,042 [INFO] PluginManage:359 - Loaded plugin analytics (category:tool,tabindex:-1)
2024-02-15 11:08:05,042 [INFO] PluginManage:310 - Check plugin cadmodel
2024-02-15 11:08:05,047 [INFO] CADModel:105 - Init CAD model plugin
2024-02-15 11:08:05,047 [INFO] PluginManage:359 - Loaded plugin cadmodel (category:power,tabindex:5)
2024-02-15 11:08:05,047 [INFO] PluginManage:310 - Check plugin clock
2024-02-15 11:08:05,055 [INFO] PluginManage:359 - Loaded plugin clock (category:base,tabindex:2)
2024-02-15 11:08:05,055 [INFO] PluginManage:310 - Check plugin ddr
2024-02-15 11:08:05,056 [INFO] PluginManage:359 - Loaded plugin ddr (category:tool,tabindex:6)
2024-02-15 11:08:05,056 [INFO] PluginManage:310 - Check plugin filemanager
2024-02-15 11:08:05,158 [INFO] PluginManage:359 - Loaded plugin filemanager (category:base,tabindex:10)
2024-02-15 11:08:05,158 [INFO] PluginManage:310 - Check plugin ipmanager
2024-02-15 11:08:05,164 [INFO] PluginManage:359 - Loaded plugin ipmanager (category:base,tabindex:5)
2024-02-15 11:08:05,165 [INFO] PluginManage:310 - Check plugin lpbam
2024-02-15 11:08:05,171 [INFO] PluginManage:359 - Loaded plugin lpbam (category:base,tabindex:0)
2024-02-15 11:08:05,171 [INFO] PluginManage:310 - Check plugin memorymap
2024-02-15 11:08:05,183 [INFO] PluginManage:359 - Loaded plugin memorymap (category:base,tabindex:4)
2024-02-15 11:08:05,183 [INFO] PluginManage:310 - Check plugin pinoutandconfiguration
2024-02-15 11:08:05,189 [INFO] PluginManage:359 - Loaded plugin pinoutandconfiguration (category:base,tabindex:1)
2024-02-15 11:08:05,189 [INFO] PluginManage:310 - Check plugin pinoutconfig
2024-02-15 11:08:05,266 [WARN] SupportedApi:132 - Cannot load RTOS API schema: s4s-elt-must-match.1: The content of 'definitions' must match (annotation?, (simpleType | complexType)?, (unique | key | keyref)*)). A problem was found starting at: attribute.
2024-02-15 11:08:05,383 [INFO] PluginManage:359 - Loaded plugin pinoutconfig (category:base,tabindex:0)
2024-02-15 11:08:05,383 [INFO] PluginManage:310 - Check plugin power
2024-02-15 11:08:05,392 [INFO] PluginManage:359 - Loaded plugin power (category:power,tabindex:4)
2024-02-15 11:08:05,392 [INFO] PluginManage:310 - Check plugin projectmanager
2024-02-15 11:08:05,407 [INFO] PluginManage:359 - Loaded plugin projectmanager (category:projectmanager,tabindex:3)
2024-02-15 11:08:05,407 [INFO] PluginManage:310 - Check plugin thirdparty
2024-02-15 11:08:05,515 [INFO] PluginManage:359 - Loaded plugin thirdparty (category:base,tabindex:-1)
2024-02-15 11:08:05,515 [WARN] IntegrityCheckThread:84 - waiting for thirdparty lock release [integrity check]
2024-02-15 11:08:05,516 [INFO] PluginManage:310 - Check plugin tools
2024-02-15 11:08:05,516 [INFO] IntegrityCheckThread:86 - entering critical section [integrity check]
2024-02-15 11:08:05,516 [INFO] ThirdPartyUpdaterWithRetryManager:70 - Updater plugin not ready yet. [1/15]
2024-02-15 11:08:05,518 [INFO] PluginManage:359 - Loaded plugin tools (category:base,tabindex:7)
2024-02-15 11:08:05,518 [INFO] PluginManage:310 - Check plugin tutovideos
2024-02-15 11:08:05,680 [INFO] PluginManage:359 - Loaded plugin tutovideos (category:base,tabindex:-1)
2024-02-15 11:08:05,680 [INFO] PluginManage:310 - Check plugin updater
2024-02-15 11:08:05,691 [INFO] PluginManage:359 - Loaded plugin updater (category:base,tabindex:12)
2024-02-15 11:08:05,691 [INFO] PluginManage:310 - Check plugin userauth
2024-02-15 11:08:05,695 [INFO] UserAuth:114 - Init User Auth plugin
2024-02-15 11:08:05,695 [INFO] PluginManage:359 - Loaded plugin userauth (category:base,tabindex:14)
2024-02-15 11:08:05,696 [INFO] PluginManage:283 - PluginManage : Loaded plugins [17]
2024-02-15 11:08:05,870 [INFO] PinOutPanel:1499 - setPackage(No Configuration,No Configuration)
2024-02-15 11:08:05,943 [INFO] CADModel:165 - CPN selected for project level
2024-02-15 11:08:05,943 [INFO] CADModel:114 - Register for checkConnection events
2024-02-15 11:08:05,955 [INFO] IPUIPlugin:80 - create IPUIPlugin
2024-02-15 11:08:05,955 [INFO] PluginManager:220 - loadIPPluginJar : add adc
2024-02-15 11:08:05,957 [INFO] IPUIPlugin:80 - create IPUIPlugin
2024-02-15 11:08:05,957 [INFO] PluginManager:220 - loadIPPluginJar : add aes
2024-02-15 11:08:05,959 [INFO] IPUIPlugin:80 - create IPUIPlugin
2024-02-15 11:08:05,959 [INFO] PluginManager:220 - loadIPPluginJar : add can
2024-02-15 11:08:05,960 [INFO] IPUIPlugin:80 - create IPUIPlugin
2024-02-15 11:08:05,960 [INFO] PluginManager:220 - loadIPPluginJar : add comp
2024-02-15 11:08:05,962 [INFO] IPUIPlugin:80 - create IPUIPlugin
2024-02-15 11:08:05,962 [INFO] PluginManager:220 - loadIPPluginJar : add cryp
2024-02-15 11:08:05,964 [INFO] IPUIPlugin:80 - create IPUIPlugin
2024-02-15 11:08:05,964 [INFO] PluginManager:220 - loadIPPluginJar : add dfsdm
2024-02-15 11:08:05,968 [INFO] IPUIPlugin:80 - create IPUIPlugin
2024-02-15 11:08:05,968 [INFO] PluginManager:220 - loadIPPluginJar : add dma
2024-02-15 11:08:05,970 [INFO] IPUIPlugin:80 - create IPUIPlugin
2024-02-15 11:08:05,970 [INFO] PluginManager:220 - loadIPPluginJar : add dma3
2024-02-15 11:08:05,971 [INFO] IPUIPlugin:80 - create IPUIPlugin
2024-02-15 11:08:05,971 [INFO] PluginManager:220 - loadIPPluginJar : add fatfs
2024-02-15 11:08:05,974 [INFO] IPUIPlugin:80 - create IPUIPlugin
2024-02-15 11:08:05,974 [INFO] PluginManager:220 - loadIPPluginJar : add fmc
2024-02-15 11:08:05,978 [INFO] IPUIPlugin:80 - create IPUIPlugin
2024-02-15 11:08:05,978 [INFO] PluginManager:220 - loadIPPluginJar : add freertos
2024-02-15 11:08:05,979 [INFO] IPUIPlugin:80 - create IPUIPlugin
2024-02-15 11:08:05,979 [INFO] PluginManager:220 - loadIPPluginJar : add genericplugin
2024-02-15 11:08:05,981 [INFO] IPUIPlugin:80 - create IPUIPlugin
2024-02-15 11:08:05,981 [INFO] PluginManager:220 - loadIPPluginJar : add gfxmmu
2024-02-15 11:08:05,985 [INFO] IPUIPlugin:80 - create IPUIPlugin
2024-02-15 11:08:05,986 [INFO] PluginManager:220 - loadIPPluginJar : add gic
2024-02-15 11:08:05,989 [INFO] IPUIPlugin:80 - create IPUIPlugin
2024-02-15 11:08:05,989 [INFO] PluginManager:220 - loadIPPluginJar : add gpio
2024-02-15 11:08:05,992 [INFO] IPUIPlugin:80 - create IPUIPlugin
2024-02-15 11:08:05,992 [INFO] PluginManager:220 - loadIPPluginJar : add gtzc
2024-02-15 11:08:05,994 [INFO] IPUIPlugin:80 - create IPUIPlugin
2024-02-15 11:08:05,994 [INFO] PluginManager:220 - loadIPPluginJar : add hash
2024-02-15 11:08:05,996 [INFO] IPUIPlugin:80 - create IPUIPlugin
2024-02-15 11:08:05,997 [INFO] PluginManager:220 - loadIPPluginJar : add i2c
2024-02-15 11:08:05,999 [INFO] IPUIPlugin:80 - create IPUIPlugin
2024-02-15 11:08:05,999 [INFO] PluginManager:220 - loadIPPluginJar : add i2s
2024-02-15 11:08:06,001 [INFO] IPUIPlugin:80 - create IPUIPlugin
2024-02-15 11:08:06,001 [INFO] PluginManager:220 - loadIPPluginJar : add i3c
2024-02-15 11:08:06,004 [INFO] IPUIPlugin:80 - create IPUIPlugin
2024-02-15 11:08:06,004 [INFO] PluginManager:220 - loadIPPluginJar : add ipddr
2024-02-15 11:08:06,011 [INFO] IPUIPlugin:80 - create IPUIPlugin
2024-02-15 11:08:06,012 [INFO] PluginManager:220 - loadIPPluginJar : add linkedlist
2024-02-15 11:08:06,014 [INFO] IPUIPlugin:80 - create IPUIPlugin
2024-02-15 11:08:06,015 [INFO] PluginManager:220 - loadIPPluginJar : add lorawan
2024-02-15 11:08:06,016 [INFO] IPUIPlugin:80 - create IPUIPlugin
2024-02-15 11:08:06,016 [INFO] PluginManager:220 - loadIPPluginJar : add ltdc
2024-02-15 11:08:06,021 [INFO] IPUIPlugin:80 - create IPUIPlugin
2024-02-15 11:08:06,022 [INFO] PluginManager:220 - loadIPPluginJar : add mdma
2024-02-15 11:08:06,025 [INFO] IPUIPlugin:80 - create IPUIPlugin
2024-02-15 11:08:06,025 [INFO] PluginManager:220 - loadIPPluginJar : add nvic
2024-02-15 11:08:06,028 [INFO] IPUIPlugin:80 - create IPUIPlugin
2024-02-15 11:08:06,028 [INFO] PluginManager:220 - loadIPPluginJar : add opamp
2024-02-15 11:08:06,033 [INFO] IPUIPlugin:80 - create IPUIPlugin
2024-02-15 11:08:06,033 [INFO] PluginManager:220 - loadIPPluginJar : add openamp
2024-02-15 11:08:06,036 [INFO] IPUIPlugin:80 - create IPUIPlugin
2024-02-15 11:08:06,036 [INFO] PluginManager:220 - loadIPPluginJar : add pdm2pcm
2024-02-15 11:08:06,042 [INFO] IPUIPlugin:80 - create IPUIPlugin
2024-02-15 11:08:06,044 [INFO] PluginManager:220 - loadIPPluginJar : add plateformsettings
2024-02-15 11:08:06,046 [INFO] IPUIPlugin:80 - create IPUIPlugin
2024-02-15 11:08:06,046 [INFO] PluginManager:220 - loadIPPluginJar : add quadspi
2024-02-15 11:08:06,050 [INFO] IPUIPlugin:80 - create IPUIPlugin
2024-02-15 11:08:06,050 [INFO] PluginManager:220 - loadIPPluginJar : add resmgrutility
2024-02-15 11:08:06,053 [INFO] IPUIPlugin:80 - create IPUIPlugin
2024-02-15 11:08:06,053 [INFO] PluginManager:220 - loadIPPluginJar : add sai
2024-02-15 11:08:06,055 [INFO] IPUIPlugin:80 - create IPUIPlugin
2024-02-15 11:08:06,056 [INFO] PluginManager:220 - loadIPPluginJar : add spi
2024-02-15 11:08:06,060 [INFO] IPUIPlugin:80 - create IPUIPlugin
2024-02-15 11:08:06,060 [INFO] PluginManager:220 - loadIPPluginJar : add stm32_wpan
2024-02-15 11:08:06,062 [INFO] IPUIPlugin:80 - create IPUIPlugin
2024-02-15 11:08:06,062 [INFO] PluginManager:220 - loadIPPluginJar : add tim
2024-02-15 11:08:06,066 [INFO] IPUIPlugin:80 - create IPUIPlugin
2024-02-15 11:08:06,066 [INFO] PluginManager:220 - loadIPPluginJar : add touchsensing
2024-02-15 11:08:06,068 [INFO] IPUIPlugin:80 - create IPUIPlugin
2024-02-15 11:08:06,068 [INFO] PluginManager:220 - loadIPPluginJar : add tracer_emb
2024-02-15 11:08:06,070 [INFO] IPUIPlugin:80 - create IPUIPlugin
2024-02-15 11:08:06,070 [INFO] PluginManager:220 - loadIPPluginJar : add ts
2024-02-15 11:08:06,072 [INFO] IPUIPlugin:80 - create IPUIPlugin
2024-02-15 11:08:06,072 [INFO] PluginManager:220 - loadIPPluginJar : add tsc
2024-02-15 11:08:06,074 [INFO] IPUIPlugin:80 - create IPUIPlugin
2024-02-15 11:08:06,074 [INFO] PluginManager:220 - loadIPPluginJar : add ucpd
2024-02-15 11:08:06,076 [INFO] IPUIPlugin:80 - create IPUIPlugin
2024-02-15 11:08:06,076 [INFO] PluginManager:220 - loadIPPluginJar : add usart
2024-02-15 11:08:06,079 [INFO] IPUIPlugin:80 - create IPUIPlugin
2024-02-15 11:08:06,080 [INFO] PluginManager:220 - loadIPPluginJar : add usbx
2024-02-15 11:08:06,196 [INFO] CADModel:165 - CPN selected for project level
2024-02-15 11:08:06,197 [INFO] CADModel:114 - Register for checkConnection events
2024-02-15 11:08:06,197 [FATAL] Updater:308 - Updater called before beeing initialized
2024-02-15 11:08:06,197 [ERROR] CADModel:125 - Updater not yet initialized, retry later 
2024-02-15 11:08:06,299 [INFO] CADModel:165 - CPN selected for project level
2024-02-15 11:08:06,299 [INFO] CADModel:114 - Register for checkConnection events
2024-02-15 11:08:06,299 [FATAL] Updater:308 - Updater called before beeing initialized
2024-02-15 11:08:06,299 [ERROR] CADModel:125 - Updater not yet initialized, retry later 
2024-02-15 11:08:06,302 [FATAL] Updater:308 - Updater called before beeing initialized
2024-02-15 11:08:06,391 [FATAL] Updater:308 - Updater called before beeing initialized
2024-02-15 11:08:06,394 [INFO] DbMcusAds:53 - JSON generation date=Wed Nov 29 04:52:27 CST 2023 (1701255147200)
2024-02-15 11:08:06,395 [FATAL] Updater:308 - Updater called before beeing initialized
2024-02-15 11:08:06,433 [WARN] DetailPanel:346 - Failed to get advertising image, set to default
2024-02-15 11:08:06,511 [FATAL] Updater:308 - Updater called before beeing initialized
2024-02-15 11:08:06,513 [FATAL] Updater:308 - Updater called before beeing initialized
2024-02-15 11:08:06,513 [FATAL] Updater:308 - Updater called before beeing initialized
2024-02-15 11:08:06,513 [WARN] DetailPanel:346 - Failed to get advertising image, set to default
2024-02-15 11:08:06,514 [FATAL] Updater:308 - Updater called before beeing initialized
2024-02-15 11:08:06,556 [ERROR] Updater:1120 - MainUpdater not yet initialized. External WinMGr cannot be set.
2024-02-15 11:08:06,558 [INFO] Updater:1056 - Updater Version found : 6.10.0
2024-02-15 11:08:06,578 [INFO] ApplicationProperties:184 - Using Application install path: C:\Users\rsoza\Documents\coding\c++\stm32\STM32CubeIDE_1.14.1\STM32CubeIDE\plugins\com.st.stm32cube.common.mx_6.10.0.202311202037
2024-02-15 11:08:08,194 [ERROR] LogOutputStream:75 - [STDERR_REDIRECT] Feb 15, 2024 11:08:08 AM java.util.prefs.WindowsPreferences <init>
2024-02-15 11:08:08,197 [ERROR] LogOutputStream:75 - [STDERR_REDIRECT] WARNING: Could not open/create prefs root node Software\JavaSoft\Prefs at root 0xffffffff80000002. Windows RegCreateKeyEx(...) returned error code 5.
2024-02-15 11:08:08,197 [ERROR] LogOutputStream:75 - [STDERR_REDIRECT] 
2024-02-15 11:08:08,519 [INFO] ThirdPartyUpdaterWithRetryManager:70 - Updater plugin not ready yet. [2/15]
2024-02-15 11:08:08,585 [INFO] MainUpdater:2873 - connection check result : 10
2024-02-15 11:08:08,585 [INFO] MainUpdater:3567 - Updater definition file requires update
2024-02-15 11:08:08,586 [INFO] MainUpdater:290 - Updater Check For Update Now.
2024-02-15 11:08:08,586 [INFO] MicroXplorer:498 - Change Database Version : DB.6.0.100
2024-02-15 11:08:08,589 [INFO] McuFinderGlobals:63 - Set McuFinder mode to 2 (CubeIDE integrated)
2024-02-15 11:08:08,589 [INFO] UserAuth:180 - activating auth plugin
2024-02-15 11:08:08,591 [INFO] UserAuth:404 - Internet connection configuration mode: 1
2024-02-15 11:08:08,602 [INFO] JxBrowserEngine:152 - Initiate JxBrowser Engine with user profile folder
2024-02-15 11:08:08,730 [INFO] ServerAccessManage:473 - Download File updaters.zip
2024-02-15 11:08:09,475 [INFO] WebApp:161 - Instantiating new browser for Auth
2024-02-15 11:08:10,081 [INFO] WebApp:780 - Register for checkConnection events
2024-02-15 11:08:10,081 [INFO] WebApp:414 - Apply proxy settings
2024-02-15 11:08:10,081 [INFO] WebApp:499 - Chromium requires no authentication
2024-02-15 11:08:10,086 [INFO] WebApp:442 - Direct internet connection detected
2024-02-15 11:08:10,212 [INFO] WebApp:192 - Starting web application
2024-02-15 11:08:10,212 [INFO] WebApp:544 - Web application path used C:\Users\rsoza\Documents\coding\c++\stm32\STM32CubeIDE_1.14.1\STM32CubeIDE\plugins\com.st.stm32cube.common.mx_6.10.0.202311202037\db\plugins\mcufinder\reactClient1\index.html
2024-02-15 11:08:10,411 [INFO] FileExtend:240 - Unzip File : updaters.zip
2024-02-15 11:08:10,411 [INFO] FileExtend:255 - Standard Zip Deflate
2024-02-15 11:08:11,102 [INFO] ServerAccessManage:473 - Download File PacksControlFlags.xml
2024-02-15 11:08:11,461 [INFO] ServerAccessManage:473 - Download File cubemx.pidx
2024-02-15 11:08:11,520 [WARN] MainUpdater:1194 - Updater busy. Cannot search thirdparties
2024-02-15 11:08:11,520 [INFO] ThirdPartyUpdaterWithRetryManager:96 - Updater plugin is busy. [1/15]
2024-02-15 11:08:11,543 [INFO] LoadServerUpdatesThread:375 - End of LoadServerUpdate Thread
2024-02-15 11:08:11,691 [INFO] CheckServerUpdateThread:120 - End of CheckServer Thread
2024-02-15 11:08:14,669 [WARN] PackLoader:240 - Cannot read IP mode file for STMicroelectronics.X-CUBE-SMBUS.2.1.0
2024-02-15 11:08:14,680 [WARN] PackLoader:240 - Cannot read IP mode file for STMicroelectronics.X-CUBE-TOUCHGFX.4.23.0
2024-02-15 11:08:14,708 [WARN] PackLoader:240 - Cannot read IP mode file for STMicroelectronics.X-CUBE-AZRTOS-F7.1.1.0
2024-02-15 11:08:14,720 [WARN] PackLoader:240 - Cannot read IP mode file for STMicroelectronics.FP-SNS-MOTENV1.4.3.2
2024-02-15 11:08:14,727 [WARN] PackLoader:240 - Cannot read IP mode file for STMicroelectronics.FP-SNS-FLIGHT1.5.0.2
2024-02-15 11:08:14,735 [WARN] PackLoader:240 - Cannot read IP mode file for STMicroelectronics.X-CUBE-DISPLAY.3.0.0
2024-02-15 11:08:14,750 [WARN] PackLoader:240 - Cannot read IP mode file for STMicroelectronics.X-CUBE-BLE1.7.0.0
2024-02-15 11:08:14,756 [WARN] PackLoader:240 - Cannot read IP mode file for emotas.I-CUBE-CANOPEN.1.3.0
2024-02-15 11:08:14,761 [WARN] PackLoader:240 - Cannot read IP mode file for STMicroelectronics.FP-SNS-SMARTAG2.1.2.0
2024-02-15 11:08:14,773 [INFO] LogOutputStream:77 - [STDOUT_REDIRECT] 1 : Invalid condition id : UX_CORESTACK_Condition cause : null
2024-02-15 11:08:14,773 [INFO] LogOutputStream:77 - [STDOUT_REDIRECT] 1 : Invalid condition id : UX_CORESTACK_Condition cause : null
2024-02-15 11:08:14,774 [INFO] LogOutputStream:77 - [STDOUT_REDIRECT] 1 : Invalid condition id : UX_CORESTACK_Condition cause : null
2024-02-15 11:08:14,775 [INFO] LogOutputStream:77 - [STDOUT_REDIRECT] 1 : Invalid condition id : UX_CORESTACK_Condition cause : null
2024-02-15 11:08:14,776 [INFO] LogOutputStream:77 - [STDOUT_REDIRECT] 1 : Invalid condition id : UX_CORESTACK_Condition cause : null
2024-02-15 11:08:14,780 [WARN] PackLoader:240 - Cannot read IP mode file for STMicroelectronics.X-CUBE-AZRTOS-WL.2.0.0
2024-02-15 11:08:14,790 [WARN] PackLoader:240 - Cannot read IP mode file for WES.I-CUBE-Cesium.1.3.0
2024-02-15 11:08:14,794 [WARN] PackLoader:240 - Cannot read IP mode file for STMicroelectronics.X-CUBE-BLE2.3.3.0
2024-02-15 11:08:14,801 [WARN] PackLoader:240 - Cannot read IP mode file for STMicroelectronics.X-CUBE-ALGOBUILD.1.3.0
2024-02-15 11:08:14,815 [WARN] PackLoader:240 - Cannot read IP mode file for STMicroelectronics.X-CUBE-AZRTOS-G0.1.1.0
2024-02-15 11:08:14,822 [WARN] PackLoader:240 - Cannot read IP mode file for STMicroelectronics.X-CUBE-NFC4.3.0.0
2024-02-15 11:08:14,831 [WARN] PackLoader:240 - Cannot read IP mode file for STMicroelectronics.X-CUBE-BLEMGR.3.0.0
2024-02-15 11:08:14,838 [WARN] PackLoader:240 - Cannot read IP mode file for STMicroelectronics.FP-ATR-SIGFOX1.3.2.0
2024-02-15 11:08:14,844 [WARN] PackLoader:240 - Cannot read IP mode file for STMicroelectronics.X-CUBE-EEPRMA1.5.1.0
2024-02-15 11:08:14,871 [WARN] PackLoader:240 - Cannot read IP mode file for SEGGER.I-CUBE-embOS.1.3.1
2024-02-15 11:08:14,911 [WARN] PackLoader:240 - Cannot read IP mode file for STMicroelectronics.X-CUBE-GNSS1.6.0.0
2024-02-15 11:08:14,930 [WARN] PackLoader:240 - Cannot read IP mode file for STMicroelectronics.X-CUBE-AZRTOS-F4.1.1.0
2024-02-15 11:08:14,936 [WARN] PackLoader:240 - Cannot read IP mode file for wolfSSL.I-CUBE-wolfSSL.5.6.6
2024-02-15 11:08:14,951 [WARN] PackLoader:240 - Cannot read IP mode file for STMicroelectronics.X-CUBE-AZRTOS-L5.2.0.0
2024-02-15 11:08:14,959 [WARN] PackLoader:240 - Cannot read IP mode file for ITTIA_DB.I-CUBE-ITTIADB.8.8.0
2024-02-15 11:08:14,964 [WARN] PackLoader:240 - Cannot read IP mode file for STMicroelectronics.X-CUBE-NFC7.1.0.1
2024-02-15 11:08:14,970 [WARN] PackLoader:240 - Cannot read IP mode file for STMicroelectronics.X-CUBE-NFC6.3.0.0
2024-02-15 11:08:14,976 [WARN] PackLoader:240 - Cannot read IP mode file for STMicroelectronics.X-CUBE-AI.8.1.0
2024-02-15 11:08:14,990 [WARN] ConditionMgr:438 - getConditionDescription Invalid condition id : LAN8742 Phy interface Condition cause : null
2024-02-15 11:08:14,991 [WARN] PackLoader:240 - Cannot read IP mode file for STMicroelectronics.X-CUBE-AZRTOS-L4.2.0.0
2024-02-15 11:08:14,992 [WARN] ConditionMgr:1039 - genDependencies : Invalid condition id : LAN8742 Phy interface Condition cause : null
2024-02-15 11:08:14,993 [WARN] ConditionMgr:1039 - genDependencies : Invalid condition id : LAN8742 Phy interface Condition cause : null
2024-02-15 11:08:14,993 [WARN] ConditionMgr:1039 - genDependencies : Invalid condition id : LAN8742 Phy interface Condition cause : null
2024-02-15 11:08:15,000 [WARN] PackLoader:240 - Cannot read IP mode file for STMicroelectronics.X-CUBE-SFXS2LP1.4.0.0
2024-02-15 11:08:15,011 [WARN] ConditionMgr:438 - getConditionDescription Invalid condition id : UX DEVICE CLASS RTOS Condition cause : null
2024-02-15 11:08:15,011 [WARN] ConditionMgr:438 - getConditionDescription Invalid condition id : UX DEVICE CLASS RTOS Condition cause : null
2024-02-15 11:08:15,013 [WARN] PackLoader:240 - Cannot read IP mode file for STMicroelectronics.X-CUBE-AZRTOS-WB.2.0.0
2024-02-15 11:08:15,014 [WARN] ConditionMgr:1039 - genDependencies : Invalid condition id : UX DEVICE CLASS RTOS Condition cause : null
2024-02-15 11:08:15,014 [WARN] ConditionMgr:1039 - genDependencies : Invalid condition id : UX DEVICE CLASS RTOS Condition cause : null
2024-02-15 11:08:15,014 [WARN] ConditionMgr:1039 - genDependencies : Invalid condition id : UX DEVICE CLASS RTOS Condition cause : null
2024-02-15 11:08:15,014 [WARN] ConditionMgr:1039 - genDependencies : Invalid condition id : UX DEVICE CLASS RTOS Condition cause : null
2024-02-15 11:08:15,014 [WARN] ConditionMgr:1039 - genDependencies : Invalid condition id : UX DEVICE CLASS RTOS Condition cause : null
2024-02-15 11:08:15,024 [WARN] PackLoader:240 - Cannot read IP mode file for STMicroelectronics.X-CUBE-SUBG2.5.0.0
2024-02-15 11:08:15,039 [WARN] PackLoader:240 - Cannot read IP mode file for STMicroelectronics.X-CUBE-AZRTOS-G4.2.0.0
2024-02-15 11:08:15,050 [WARN] PackLoader:240 - Cannot read IP mode file for Infineon.AIROC-Wi-Fi-Bluetooth-STM32.1.5.1
2024-02-15 11:08:15,057 [WARN] PackLoader:240 - Cannot read IP mode file for STMicroelectronics.FP-SNS-MOTENVWB1.1.3.1
2024-02-15 11:08:15,060 [WARN] PackLoader:240 - Cannot read IP mode file for STMicroelectronics.X-CUBE-ISPU.2.0.0
2024-02-15 11:08:15,092 [WARN] PackLoader:240 - Cannot read IP mode file for STMicroelectronics.X-CUBE-MEMS1.10.0.0
2024-02-15 11:08:15,206 [WARN] PackLoader:240 - Cannot read IP mode file for STMicroelectronics.X-CUBE-FREERTOS.1.1.0
2024-02-15 11:08:15,212 [WARN] PackLoader:240 - Cannot read IP mode file for portGmbH.I-Cube-SoM-uGOAL.1.1.0
2024-02-15 11:08:15,218 [WARN] PackLoader:240 - Cannot read IP mode file for STMicroelectronics.X-CUBE-ALS.1.0.1
2024-02-15 11:08:15,222 [WARN] PackLoader:240 - Cannot read IP mode file for STMicroelectronics.FP-ATR-ASTRA1.2.0.0
2024-02-15 11:08:15,231 [WARN] PackLoader:240 - Cannot read IP mode file for STMicroelectronics.X-CUBE-TOF1.3.4.0
2024-02-15 11:08:15,252 [WARN] PackLoader:240 - Cannot read IP mode file for STMicroelectronics.X-CUBE-AZRTOS-H7.3.2.0
2024-02-15 11:08:15,255 [INFO] ThirdParty:978 - Integrity check success = true
2024-02-15 11:08:15,255 [INFO] IntegrityCheckThread:100 - exiting critical section [integrity check]
2024-02-15 11:08:15,255 [INFO] IntegrityCheckThread:103 - End integrity checks thread
2024-02-15 11:08:30,874 [ERROR] LogOutputStream:75 - [STDERR_REDIRECT] SLF4J: Failed to load class "org.slf4j.impl.StaticLoggerBinder".
2024-02-15 11:08:30,875 [ERROR] LogOutputStream:75 - [STDERR_REDIRECT] SLF4J: Defaulting to no-operation (NOP) logger implementation
2024-02-15 11:08:30,876 [ERROR] LogOutputStream:75 - [STDERR_REDIRECT] SLF4J: See http://www.slf4j.org/codes.html#StaticLoggerBinder for further details.
2024-02-15 22:01:16,155 [ERROR] LogOutputStream:75 - [STDERR_REDIRECT] 
2024-02-15 22:01:16,155 [ERROR] LogOutputStream:75 - [STDERR_REDIRECT] 
