2024-02-16 12:52:21,345 [INFO] Activator:176 - 


2024-02-16 12:52:21,349 [INFO] Activator:177 - !SESSION log4j initialized
2024-02-16 12:52:26,024 [INFO] LogOutputStream:77 - [STDOUT_REDIRECT] 
2024-02-16 12:52:27,875 [INFO] ApplicationProperties:184 - Using Application install path: C:\Users\rsoza\Documents\coding\c++\stm32\STM32CubeIDE_1.14.1\STM32CubeIDE\plugins\com.st.stm32cube.common.mx_6.10.0.202311202037
2024-02-16 12:52:27,887 [INFO] DbMcusXml:78 - Set database path to: C:\Users\rsoza\Documents\coding\c++\stm32\STM32CubeIDE_1.14.1\STM32CubeIDE\plugins\com.st.stm32cube.common.mx_6.10.0.202311202037\\db\/mcu/
2024-02-16 12:52:27,888 [INFO] ApiDb:274 - Set plugin database path to: C:\Users\rsoza\Documents\coding\c++\stm32\STM32CubeIDE_1.14.1\STM32CubeIDE\plugins\com.st.stm32cube.common.mx_6.10.0.202311202037\\db\/plugins/boardmanager/
2024-02-16 12:52:27,888 [WARN] ApiDb:259 - Overriding images path with different value:  => C:\Users\rsoza\Documents\coding\c++\stm32\STM32CubeIDE_1.14.1\STM32CubeIDE\plugins\com.st.stm32cube.common.mx_6.10.0.202311202037\\db\/plugins/mcufinder/images/
2024-02-16 12:52:27,893 [INFO] ApiDb:250 - Set database path to: C:\Users\rsoza\.stmcufinder\plugins\mcufinder//mcu/
2024-02-16 12:52:27,894 [INFO] DbMcusAds:125 - Set database path to: C:\Users\rsoza\.stmcufinder\plugins\mcufinder//mcu/
2024-02-16 12:52:27,895 [INFO] CrossReferenceDbSqlite:203 - Set database path to: C:\Users\rsoza\.stmcufinder\plugins\mcufinder//mcu/cs/
2024-02-16 12:52:27,966 [INFO] RulesReader:64 - Compatibility file has been processed (297 Rules)
2024-02-16 12:52:28,032 [INFO] DbMcusXml:78 - Set database path to: C:\Users\rsoza\Documents\coding\c++\stm32\STM32CubeIDE_1.14.1\STM32CubeIDE\plugins\com.st.stm32cube.common.mx_6.10.0.202311202037\\db\/mcu/
2024-02-16 12:52:28,032 [INFO] ApiDb:274 - Set plugin database path to: C:\Users\rsoza\Documents\coding\c++\stm32\STM32CubeIDE_1.14.1\STM32CubeIDE\plugins\com.st.stm32cube.common.mx_6.10.0.202311202037\\db\/plugins/boardmanager/
2024-02-16 12:52:28,032 [INFO] ApiDb:261 - Set plugin images path to: C:\Users\rsoza\Documents\coding\c++\stm32\STM32CubeIDE_1.14.1\STM32CubeIDE\plugins\com.st.stm32cube.common.mx_6.10.0.202311202037\\db\/plugins/mcufinder/images/
2024-02-16 12:52:28,032 [WARN] DbFile:41 - Overriding database path with different value: C:\Users\rsoza\.stmcufinder\plugins\mcufinder/ => C:\Users\rsoza\.stmcufinder\plugins\mcufinder
2024-02-16 12:52:28,033 [INFO] ApiDb:250 - Set database path to: C:\Users\rsoza\.stmcufinder\plugins\mcufinder//mcu/
2024-02-16 12:52:28,033 [WARN] DbFile:41 - Overriding database path with different value: C:\Users\rsoza\.stmcufinder\plugins\mcufinder/ => C:\Users\rsoza\.stmcufinder\plugins\mcufinder
2024-02-16 12:52:28,033 [INFO] DbMcusAds:125 - Set database path to: C:\Users\rsoza\.stmcufinder\plugins\mcufinder//mcu/
2024-02-16 12:52:28,033 [WARN] DbFile:41 - Overriding database path with different value: C:\Users\rsoza\.stmcufinder\plugins\mcufinder/ => C:\Users\rsoza\.stmcufinder\plugins\mcufinder
2024-02-16 12:52:28,033 [WARN] DbFile:41 - Overriding database path with different value: C:\Users\rsoza\.stmcufinder\plugins\mcufinder/ => C:\Users\rsoza\.stmcufinder\plugins\mcufinder
2024-02-16 12:52:28,033 [INFO] CrossReferenceDbSqlite:203 - Set database path to: C:\Users\rsoza\.stmcufinder\plugins\mcufinder//mcu/cs/
2024-02-16 12:52:28,089 [INFO] MainPanel:264 - HeapMemory: 268435456
2024-02-16 12:52:28,156 [INFO] DbMcusXml:78 - Set database path to: C:\Users\rsoza\Documents\coding\c++\stm32\STM32CubeIDE_1.14.1\STM32CubeIDE\plugins\com.st.stm32cube.common.mx_6.10.0.202311202037\\db\/mcu/
2024-02-16 12:52:28,156 [INFO] ApiDb:274 - Set plugin database path to: C:\Users\rsoza\Documents\coding\c++\stm32\STM32CubeIDE_1.14.1\STM32CubeIDE\plugins\com.st.stm32cube.common.mx_6.10.0.202311202037\\db\/plugins/boardmanager/
2024-02-16 12:52:28,156 [INFO] ApiDb:261 - Set plugin images path to: C:\Users\rsoza\Documents\coding\c++\stm32\STM32CubeIDE_1.14.1\STM32CubeIDE\plugins\com.st.stm32cube.common.mx_6.10.0.202311202037\\db\/plugins/mcufinder/images/
2024-02-16 12:52:28,156 [WARN] DbFile:41 - Overriding database path with different value: C:\Users\rsoza\.stmcufinder\plugins\mcufinder/ => C:\Users\rsoza\.stmcufinder\plugins\mcufinder
2024-02-16 12:52:28,156 [INFO] ApiDb:250 - Set database path to: C:\Users\rsoza\.stmcufinder\plugins\mcufinder//mcu/
2024-02-16 12:52:28,157 [WARN] DbFile:41 - Overriding database path with different value: C:\Users\rsoza\.stmcufinder\plugins\mcufinder/ => C:\Users\rsoza\.stmcufinder\plugins\mcufinder
2024-02-16 12:52:28,157 [INFO] DbMcusAds:125 - Set database path to: C:\Users\rsoza\.stmcufinder\plugins\mcufinder//mcu/
2024-02-16 12:52:28,157 [WARN] DbFile:41 - Overriding database path with different value: C:\Users\rsoza\.stmcufinder\plugins\mcufinder/ => C:\Users\rsoza\.stmcufinder\plugins\mcufinder
2024-02-16 12:52:28,157 [WARN] DbFile:41 - Overriding database path with different value: C:\Users\rsoza\.stmcufinder\plugins\mcufinder/ => C:\Users\rsoza\.stmcufinder\plugins\mcufinder
2024-02-16 12:52:28,157 [INFO] CrossReferenceDbSqlite:203 - Set database path to: C:\Users\rsoza\.stmcufinder\plugins\mcufinder//mcu/cs/
2024-02-16 12:52:28,171 [INFO] ApplicationProperties:184 - Using Application install path: C:\Users\rsoza\Documents\coding\c++\stm32\STM32CubeIDE_1.14.1\STM32CubeIDE\plugins\com.st.stm32cube.common.mx_6.10.0.202311202037
2024-02-16 12:52:28,172 [INFO] PluginManage:196 - Search for loadable plugins [exclusion list=, ]
2024-02-16 12:52:28,173 [INFO] PluginManage:310 - Check plugin analytics
2024-02-16 12:52:28,277 [INFO] AnalyticsPlugin:253 - Accepted Software Licenses: 
2024-02-16 12:52:28,278 [INFO] AnalyticsPlugin:255 - Accepted CMSIS Pack Licenses: 
2024-02-16 12:52:28,278 [INFO] AnalyticsPlugin:257 - Accepted Firmware Licenses: 
2024-02-16 12:52:28,279 [INFO] PluginManage:359 - Loaded plugin analytics (category:tool,tabindex:-1)
2024-02-16 12:52:28,280 [INFO] PluginManage:310 - Check plugin cadmodel
2024-02-16 12:52:28,284 [INFO] CADModel:105 - Init CAD model plugin
2024-02-16 12:52:28,284 [INFO] PluginManage:359 - Loaded plugin cadmodel (category:power,tabindex:5)
2024-02-16 12:52:28,284 [INFO] PluginManage:310 - Check plugin clock
2024-02-16 12:52:28,292 [INFO] PluginManage:359 - Loaded plugin clock (category:base,tabindex:2)
2024-02-16 12:52:28,292 [INFO] PluginManage:310 - Check plugin ddr
2024-02-16 12:52:28,294 [INFO] PluginManage:359 - Loaded plugin ddr (category:tool,tabindex:6)
2024-02-16 12:52:28,294 [INFO] PluginManage:310 - Check plugin filemanager
2024-02-16 12:52:28,391 [INFO] PluginManage:359 - Loaded plugin filemanager (category:base,tabindex:10)
2024-02-16 12:52:28,392 [INFO] PluginManage:310 - Check plugin ipmanager
2024-02-16 12:52:28,397 [INFO] PluginManage:359 - Loaded plugin ipmanager (category:base,tabindex:5)
2024-02-16 12:52:28,397 [INFO] PluginManage:310 - Check plugin lpbam
2024-02-16 12:52:28,403 [INFO] PluginManage:359 - Loaded plugin lpbam (category:base,tabindex:0)
2024-02-16 12:52:28,403 [INFO] PluginManage:310 - Check plugin memorymap
2024-02-16 12:52:28,413 [INFO] PluginManage:359 - Loaded plugin memorymap (category:base,tabindex:4)
2024-02-16 12:52:28,413 [INFO] PluginManage:310 - Check plugin pinoutandconfiguration
2024-02-16 12:52:28,419 [INFO] PluginManage:359 - Loaded plugin pinoutandconfiguration (category:base,tabindex:1)
2024-02-16 12:52:28,419 [INFO] PluginManage:310 - Check plugin pinoutconfig
2024-02-16 12:52:28,485 [WARN] SupportedApi:132 - Cannot load RTOS API schema: s4s-elt-must-match.1: The content of 'definitions' must match (annotation?, (simpleType | complexType)?, (unique | key | keyref)*)). A problem was found starting at: attribute.
2024-02-16 12:52:28,578 [INFO] PluginManage:359 - Loaded plugin pinoutconfig (category:base,tabindex:0)
2024-02-16 12:52:28,578 [INFO] PluginManage:310 - Check plugin power
2024-02-16 12:52:28,586 [INFO] PluginManage:359 - Loaded plugin power (category:power,tabindex:4)
2024-02-16 12:52:28,586 [INFO] PluginManage:310 - Check plugin projectmanager
2024-02-16 12:52:28,598 [INFO] PluginManage:359 - Loaded plugin projectmanager (category:projectmanager,tabindex:3)
2024-02-16 12:52:28,598 [INFO] PluginManage:310 - Check plugin thirdparty
2024-02-16 12:52:28,697 [WARN] IntegrityCheckThread:84 - waiting for thirdparty lock release [integrity check]
2024-02-16 12:52:28,697 [INFO] IntegrityCheckThread:86 - entering critical section [integrity check]
2024-02-16 12:52:28,697 [INFO] PluginManage:359 - Loaded plugin thirdparty (category:base,tabindex:-1)
2024-02-16 12:52:28,697 [INFO] PluginManage:310 - Check plugin tools
2024-02-16 12:52:28,697 [INFO] ThirdPartyUpdaterWithRetryManager:70 - Updater plugin not ready yet. [1/15]
2024-02-16 12:52:28,701 [INFO] PluginManage:359 - Loaded plugin tools (category:base,tabindex:7)
2024-02-16 12:52:28,701 [INFO] PluginManage:310 - Check plugin tutovideos
2024-02-16 12:52:28,829 [INFO] PluginManage:359 - Loaded plugin tutovideos (category:base,tabindex:-1)
2024-02-16 12:52:28,829 [INFO] PluginManage:310 - Check plugin updater
2024-02-16 12:52:28,837 [INFO] PluginManage:359 - Loaded plugin updater (category:base,tabindex:12)
2024-02-16 12:52:28,837 [INFO] PluginManage:310 - Check plugin userauth
2024-02-16 12:52:28,841 [INFO] UserAuth:114 - Init User Auth plugin
2024-02-16 12:52:28,841 [INFO] PluginManage:359 - Loaded plugin userauth (category:base,tabindex:14)
2024-02-16 12:52:28,842 [INFO] PluginManage:283 - PluginManage : Loaded plugins [17]
2024-02-16 12:52:29,000 [INFO] PinOutPanel:1499 - setPackage(No Configuration,No Configuration)
2024-02-16 12:52:29,062 [INFO] CADModel:165 - CPN selected for project level
2024-02-16 12:52:29,062 [INFO] CADModel:114 - Register for checkConnection events
2024-02-16 12:52:29,075 [INFO] IPUIPlugin:80 - create IPUIPlugin
2024-02-16 12:52:29,075 [INFO] PluginManager:220 - loadIPPluginJar : add adc
2024-02-16 12:52:29,077 [INFO] IPUIPlugin:80 - create IPUIPlugin
2024-02-16 12:52:29,077 [INFO] PluginManager:220 - loadIPPluginJar : add aes
2024-02-16 12:52:29,079 [INFO] IPUIPlugin:80 - create IPUIPlugin
2024-02-16 12:52:29,079 [INFO] PluginManager:220 - loadIPPluginJar : add can
2024-02-16 12:52:29,081 [INFO] IPUIPlugin:80 - create IPUIPlugin
2024-02-16 12:52:29,081 [INFO] PluginManager:220 - loadIPPluginJar : add comp
2024-02-16 12:52:29,083 [INFO] IPUIPlugin:80 - create IPUIPlugin
2024-02-16 12:52:29,083 [INFO] PluginManager:220 - loadIPPluginJar : add cryp
2024-02-16 12:52:29,084 [INFO] IPUIPlugin:80 - create IPUIPlugin
2024-02-16 12:52:29,085 [INFO] PluginManager:220 - loadIPPluginJar : add dfsdm
2024-02-16 12:52:29,088 [INFO] IPUIPlugin:80 - create IPUIPlugin
2024-02-16 12:52:29,089 [INFO] PluginManager:220 - loadIPPluginJar : add dma
2024-02-16 12:52:29,091 [INFO] IPUIPlugin:80 - create IPUIPlugin
2024-02-16 12:52:29,091 [INFO] PluginManager:220 - loadIPPluginJar : add dma3
2024-02-16 12:52:29,092 [INFO] IPUIPlugin:80 - create IPUIPlugin
2024-02-16 12:52:29,092 [INFO] PluginManager:220 - loadIPPluginJar : add fatfs
2024-02-16 12:52:29,095 [INFO] IPUIPlugin:80 - create IPUIPlugin
2024-02-16 12:52:29,095 [INFO] PluginManager:220 - loadIPPluginJar : add fmc
2024-02-16 12:52:29,099 [INFO] IPUIPlugin:80 - create IPUIPlugin
2024-02-16 12:52:29,099 [INFO] PluginManager:220 - loadIPPluginJar : add freertos
2024-02-16 12:52:29,101 [INFO] IPUIPlugin:80 - create IPUIPlugin
2024-02-16 12:52:29,101 [INFO] PluginManager:220 - loadIPPluginJar : add genericplugin
2024-02-16 12:52:29,103 [INFO] IPUIPlugin:80 - create IPUIPlugin
2024-02-16 12:52:29,104 [INFO] PluginManager:220 - loadIPPluginJar : add gfxmmu
2024-02-16 12:52:29,108 [INFO] IPUIPlugin:80 - create IPUIPlugin
2024-02-16 12:52:29,108 [INFO] PluginManager:220 - loadIPPluginJar : add gic
2024-02-16 12:52:29,111 [INFO] IPUIPlugin:80 - create IPUIPlugin
2024-02-16 12:52:29,111 [INFO] PluginManager:220 - loadIPPluginJar : add gpio
2024-02-16 12:52:29,113 [INFO] IPUIPlugin:80 - create IPUIPlugin
2024-02-16 12:52:29,113 [INFO] PluginManager:220 - loadIPPluginJar : add gtzc
2024-02-16 12:52:29,115 [INFO] IPUIPlugin:80 - create IPUIPlugin
2024-02-16 12:52:29,115 [INFO] PluginManager:220 - loadIPPluginJar : add hash
2024-02-16 12:52:29,117 [INFO] IPUIPlugin:80 - create IPUIPlugin
2024-02-16 12:52:29,117 [INFO] PluginManager:220 - loadIPPluginJar : add i2c
2024-02-16 12:52:29,119 [INFO] IPUIPlugin:80 - create IPUIPlugin
2024-02-16 12:52:29,119 [INFO] PluginManager:220 - loadIPPluginJar : add i2s
2024-02-16 12:52:29,121 [INFO] IPUIPlugin:80 - create IPUIPlugin
2024-02-16 12:52:29,121 [INFO] PluginManager:220 - loadIPPluginJar : add i3c
2024-02-16 12:52:29,124 [INFO] IPUIPlugin:80 - create IPUIPlugin
2024-02-16 12:52:29,124 [INFO] PluginManager:220 - loadIPPluginJar : add ipddr
2024-02-16 12:52:29,130 [INFO] IPUIPlugin:80 - create IPUIPlugin
2024-02-16 12:52:29,130 [INFO] PluginManager:220 - loadIPPluginJar : add linkedlist
2024-02-16 12:52:29,133 [INFO] IPUIPlugin:80 - create IPUIPlugin
2024-02-16 12:52:29,133 [INFO] PluginManager:220 - loadIPPluginJar : add lorawan
2024-02-16 12:52:29,135 [INFO] IPUIPlugin:80 - create IPUIPlugin
2024-02-16 12:52:29,135 [INFO] PluginManager:220 - loadIPPluginJar : add ltdc
2024-02-16 12:52:29,139 [INFO] IPUIPlugin:80 - create IPUIPlugin
2024-02-16 12:52:29,139 [INFO] PluginManager:220 - loadIPPluginJar : add mdma
2024-02-16 12:52:29,142 [INFO] IPUIPlugin:80 - create IPUIPlugin
2024-02-16 12:52:29,142 [INFO] PluginManager:220 - loadIPPluginJar : add nvic
2024-02-16 12:52:29,144 [INFO] IPUIPlugin:80 - create IPUIPlugin
2024-02-16 12:52:29,144 [INFO] PluginManager:220 - loadIPPluginJar : add opamp
2024-02-16 12:52:29,147 [INFO] IPUIPlugin:80 - create IPUIPlugin
2024-02-16 12:52:29,147 [INFO] PluginManager:220 - loadIPPluginJar : add openamp
2024-02-16 12:52:29,149 [INFO] IPUIPlugin:80 - create IPUIPlugin
2024-02-16 12:52:29,149 [INFO] PluginManager:220 - loadIPPluginJar : add pdm2pcm
2024-02-16 12:52:29,153 [INFO] IPUIPlugin:80 - create IPUIPlugin
2024-02-16 12:52:29,155 [INFO] PluginManager:220 - loadIPPluginJar : add plateformsettings
2024-02-16 12:52:29,156 [INFO] IPUIPlugin:80 - create IPUIPlugin
2024-02-16 12:52:29,156 [INFO] PluginManager:220 - loadIPPluginJar : add quadspi
2024-02-16 12:52:29,158 [INFO] IPUIPlugin:80 - create IPUIPlugin
2024-02-16 12:52:29,158 [INFO] PluginManager:220 - loadIPPluginJar : add resmgrutility
2024-02-16 12:52:29,160 [INFO] IPUIPlugin:80 - create IPUIPlugin
2024-02-16 12:52:29,161 [INFO] PluginManager:220 - loadIPPluginJar : add sai
2024-02-16 12:52:29,162 [INFO] IPUIPlugin:80 - create IPUIPlugin
2024-02-16 12:52:29,162 [INFO] PluginManager:220 - loadIPPluginJar : add spi
2024-02-16 12:52:29,165 [INFO] IPUIPlugin:80 - create IPUIPlugin
2024-02-16 12:52:29,165 [INFO] PluginManager:220 - loadIPPluginJar : add stm32_wpan
2024-02-16 12:52:29,167 [INFO] IPUIPlugin:80 - create IPUIPlugin
2024-02-16 12:52:29,167 [INFO] PluginManager:220 - loadIPPluginJar : add tim
2024-02-16 12:52:29,169 [INFO] IPUIPlugin:80 - create IPUIPlugin
2024-02-16 12:52:29,169 [INFO] PluginManager:220 - loadIPPluginJar : add touchsensing
2024-02-16 12:52:29,170 [INFO] IPUIPlugin:80 - create IPUIPlugin
2024-02-16 12:52:29,170 [INFO] PluginManager:220 - loadIPPluginJar : add tracer_emb
2024-02-16 12:52:29,171 [INFO] IPUIPlugin:80 - create IPUIPlugin
2024-02-16 12:52:29,171 [INFO] PluginManager:220 - loadIPPluginJar : add ts
2024-02-16 12:52:29,173 [INFO] IPUIPlugin:80 - create IPUIPlugin
2024-02-16 12:52:29,173 [INFO] PluginManager:220 - loadIPPluginJar : add tsc
2024-02-16 12:52:29,174 [INFO] IPUIPlugin:80 - create IPUIPlugin
2024-02-16 12:52:29,174 [INFO] PluginManager:220 - loadIPPluginJar : add ucpd
2024-02-16 12:52:29,176 [INFO] IPUIPlugin:80 - create IPUIPlugin
2024-02-16 12:52:29,176 [INFO] PluginManager:220 - loadIPPluginJar : add usart
2024-02-16 12:52:29,178 [INFO] IPUIPlugin:80 - create IPUIPlugin
2024-02-16 12:52:29,178 [INFO] PluginManager:220 - loadIPPluginJar : add usbx
2024-02-16 12:52:29,296 [INFO] CADModel:165 - CPN selected for project level
2024-02-16 12:52:29,296 [INFO] CADModel:114 - Register for checkConnection events
2024-02-16 12:52:29,296 [FATAL] Updater:308 - Updater called before beeing initialized
2024-02-16 12:52:29,296 [ERROR] CADModel:125 - Updater not yet initialized, retry later 
2024-02-16 12:52:29,385 [INFO] CADModel:165 - CPN selected for project level
2024-02-16 12:52:29,385 [INFO] CADModel:114 - Register for checkConnection events
2024-02-16 12:52:29,385 [FATAL] Updater:308 - Updater called before beeing initialized
2024-02-16 12:52:29,385 [ERROR] CADModel:125 - Updater not yet initialized, retry later 
2024-02-16 12:52:29,387 [FATAL] Updater:308 - Updater called before beeing initialized
2024-02-16 12:52:29,458 [FATAL] Updater:308 - Updater called before beeing initialized
2024-02-16 12:52:29,461 [INFO] DbMcusAds:53 - JSON generation date=Wed Nov 29 04:52:27 CST 2023 (1701255147200)
2024-02-16 12:52:29,461 [FATAL] Updater:308 - Updater called before beeing initialized
2024-02-16 12:52:29,496 [WARN] DetailPanel:346 - Failed to get advertising image, set to default
2024-02-16 12:52:29,569 [FATAL] Updater:308 - Updater called before beeing initialized
2024-02-16 12:52:29,570 [FATAL] Updater:308 - Updater called before beeing initialized
2024-02-16 12:52:29,570 [FATAL] Updater:308 - Updater called before beeing initialized
2024-02-16 12:52:29,570 [WARN] DetailPanel:346 - Failed to get advertising image, set to default
2024-02-16 12:52:29,571 [FATAL] Updater:308 - Updater called before beeing initialized
2024-02-16 12:52:29,624 [ERROR] Updater:1120 - MainUpdater not yet initialized. External WinMGr cannot be set.
2024-02-16 12:52:29,625 [INFO] Updater:1056 - Updater Version found : 6.10.0
2024-02-16 12:52:29,639 [INFO] ApplicationProperties:184 - Using Application install path: C:\Users\rsoza\Documents\coding\c++\stm32\STM32CubeIDE_1.14.1\STM32CubeIDE\plugins\com.st.stm32cube.common.mx_6.10.0.202311202037
2024-02-16 12:52:31,214 [ERROR] LogOutputStream:75 - [STDERR_REDIRECT] Feb 16, 2024 12:52:31 PM java.util.prefs.WindowsPreferences <init>
2024-02-16 12:52:31,215 [ERROR] LogOutputStream:75 - [STDERR_REDIRECT] WARNING: Could not open/create prefs root node Software\JavaSoft\Prefs at root 0xffffffff80000002. Windows RegCreateKeyEx(...) returned error code 5.
2024-02-16 12:52:31,215 [ERROR] LogOutputStream:75 - [STDERR_REDIRECT] 
2024-02-16 12:52:31,700 [INFO] ThirdPartyUpdaterWithRetryManager:70 - Updater plugin not ready yet. [2/15]
2024-02-16 12:52:31,960 [INFO] MainUpdater:2873 - connection check result : 10
2024-02-16 12:52:31,961 [INFO] MainUpdater:290 - Updater Check For Update Now.
2024-02-16 12:52:31,961 [INFO] MicroXplorer:498 - Change Database Version : DB.6.0.100
2024-02-16 12:52:31,965 [INFO] McuFinderGlobals:63 - Set McuFinder mode to 2 (CubeIDE integrated)
2024-02-16 12:52:31,965 [INFO] UserAuth:180 - activating auth plugin
2024-02-16 12:52:31,967 [INFO] UserAuth:404 - Internet connection configuration mode: 1
2024-02-16 12:52:31,992 [INFO] JxBrowserEngine:152 - Initiate JxBrowser Engine with user profile folder
2024-02-16 12:52:32,113 [INFO] CheckServerUpdateThread:120 - End of CheckServer Thread
2024-02-16 12:52:32,626 [INFO] WebApp:161 - Instantiating new browser for Auth
2024-02-16 12:52:33,124 [INFO] WebApp:780 - Register for checkConnection events
2024-02-16 12:52:33,124 [INFO] WebApp:414 - Apply proxy settings
2024-02-16 12:52:33,124 [INFO] WebApp:499 - Chromium requires no authentication
2024-02-16 12:52:33,130 [INFO] WebApp:442 - Direct internet connection detected
2024-02-16 12:52:33,240 [INFO] WebApp:192 - Starting web application
2024-02-16 12:52:33,240 [INFO] WebApp:544 - Web application path used C:\Users\rsoza\Documents\coding\c++\stm32\STM32CubeIDE_1.14.1\STM32CubeIDE\plugins\com.st.stm32cube.common.mx_6.10.0.202311202037\db\plugins\mcufinder\reactClient1\index.html
2024-02-16 12:52:34,855 [WARN] PackLoader:240 - Cannot read IP mode file for STMicroelectronics.X-CUBE-SMBUS.2.1.0
2024-02-16 12:52:34,860 [WARN] PackLoader:240 - Cannot read IP mode file for STMicroelectronics.X-CUBE-TOUCHGFX.4.23.0
2024-02-16 12:52:34,879 [WARN] PackLoader:240 - Cannot read IP mode file for STMicroelectronics.X-CUBE-AZRTOS-F7.1.1.0
2024-02-16 12:52:34,889 [WARN] PackLoader:240 - Cannot read IP mode file for STMicroelectronics.FP-SNS-MOTENV1.4.3.2
2024-02-16 12:52:34,895 [WARN] PackLoader:240 - Cannot read IP mode file for STMicroelectronics.FP-SNS-FLIGHT1.5.0.2
2024-02-16 12:52:34,903 [WARN] PackLoader:240 - Cannot read IP mode file for STMicroelectronics.X-CUBE-DISPLAY.3.0.0
2024-02-16 12:52:34,916 [WARN] PackLoader:240 - Cannot read IP mode file for STMicroelectronics.X-CUBE-BLE1.7.0.0
2024-02-16 12:52:34,922 [WARN] PackLoader:240 - Cannot read IP mode file for emotas.I-CUBE-CANOPEN.1.3.0
2024-02-16 12:52:34,926 [WARN] PackLoader:240 - Cannot read IP mode file for STMicroelectronics.FP-SNS-SMARTAG2.1.2.0
2024-02-16 12:52:34,939 [INFO] LogOutputStream:77 - [STDOUT_REDIRECT] 1 : Invalid condition id : UX_CORESTACK_Condition cause : null
2024-02-16 12:52:34,940 [INFO] LogOutputStream:77 - [STDOUT_REDIRECT] 1 : Invalid condition id : UX_CORESTACK_Condition cause : null
2024-02-16 12:52:34,941 [INFO] LogOutputStream:77 - [STDOUT_REDIRECT] 1 : Invalid condition id : UX_CORESTACK_Condition cause : null
2024-02-16 12:52:34,942 [INFO] LogOutputStream:77 - [STDOUT_REDIRECT] 1 : Invalid condition id : UX_CORESTACK_Condition cause : null
2024-02-16 12:52:34,943 [INFO] LogOutputStream:77 - [STDOUT_REDIRECT] 1 : Invalid condition id : UX_CORESTACK_Condition cause : null
2024-02-16 12:52:34,946 [WARN] PackLoader:240 - Cannot read IP mode file for STMicroelectronics.X-CUBE-AZRTOS-WL.2.0.0
2024-02-16 12:52:34,956 [WARN] PackLoader:240 - Cannot read IP mode file for WES.I-CUBE-Cesium.1.3.0
2024-02-16 12:52:34,962 [WARN] PackLoader:240 - Cannot read IP mode file for STMicroelectronics.X-CUBE-BLE2.3.3.0
2024-02-16 12:52:34,968 [WARN] PackLoader:240 - Cannot read IP mode file for STMicroelectronics.X-CUBE-ALGOBUILD.1.3.0
2024-02-16 12:52:34,982 [WARN] PackLoader:240 - Cannot read IP mode file for STMicroelectronics.X-CUBE-AZRTOS-G0.1.1.0
2024-02-16 12:52:34,989 [WARN] PackLoader:240 - Cannot read IP mode file for STMicroelectronics.X-CUBE-NFC4.3.0.0
2024-02-16 12:52:34,997 [WARN] PackLoader:240 - Cannot read IP mode file for STMicroelectronics.X-CUBE-BLEMGR.3.0.0
2024-02-16 12:52:35,005 [WARN] PackLoader:240 - Cannot read IP mode file for STMicroelectronics.FP-ATR-SIGFOX1.3.2.0
2024-02-16 12:52:35,011 [WARN] PackLoader:240 - Cannot read IP mode file for STMicroelectronics.X-CUBE-EEPRMA1.5.1.0
2024-02-16 12:52:35,041 [WARN] PackLoader:240 - Cannot read IP mode file for SEGGER.I-CUBE-embOS.1.3.1
2024-02-16 12:52:35,086 [WARN] PackLoader:240 - Cannot read IP mode file for STMicroelectronics.X-CUBE-GNSS1.6.0.0
2024-02-16 12:52:35,102 [WARN] PackLoader:240 - Cannot read IP mode file for STMicroelectronics.X-CUBE-AZRTOS-F4.1.1.0
2024-02-16 12:52:35,110 [WARN] PackLoader:240 - Cannot read IP mode file for wolfSSL.I-CUBE-wolfSSL.5.6.6
2024-02-16 12:52:35,126 [WARN] PackLoader:240 - Cannot read IP mode file for STMicroelectronics.X-CUBE-AZRTOS-L5.2.0.0
2024-02-16 12:52:35,149 [WARN] PackLoader:240 - Cannot read IP mode file for ITTIA_DB.I-CUBE-ITTIADB.8.8.0
2024-02-16 12:52:35,155 [WARN] PackLoader:240 - Cannot read IP mode file for STMicroelectronics.X-CUBE-NFC7.1.0.1
2024-02-16 12:52:35,165 [WARN] PackLoader:240 - Cannot read IP mode file for STMicroelectronics.X-CUBE-NFC6.3.0.0
2024-02-16 12:52:35,172 [WARN] PackLoader:240 - Cannot read IP mode file for STMicroelectronics.X-CUBE-AI.8.1.0
2024-02-16 12:52:35,189 [WARN] ConditionMgr:438 - getConditionDescription Invalid condition id : LAN8742 Phy interface Condition cause : null
2024-02-16 12:52:35,190 [WARN] PackLoader:240 - Cannot read IP mode file for STMicroelectronics.X-CUBE-AZRTOS-L4.2.0.0
2024-02-16 12:52:35,191 [WARN] ConditionMgr:1039 - genDependencies : Invalid condition id : LAN8742 Phy interface Condition cause : null
2024-02-16 12:52:35,192 [WARN] ConditionMgr:1039 - genDependencies : Invalid condition id : LAN8742 Phy interface Condition cause : null
2024-02-16 12:52:35,192 [WARN] ConditionMgr:1039 - genDependencies : Invalid condition id : LAN8742 Phy interface Condition cause : null
2024-02-16 12:52:35,199 [WARN] PackLoader:240 - Cannot read IP mode file for STMicroelectronics.X-CUBE-SFXS2LP1.4.0.0
2024-02-16 12:52:35,211 [WARN] ConditionMgr:438 - getConditionDescription Invalid condition id : UX DEVICE CLASS RTOS Condition cause : null
2024-02-16 12:52:35,211 [WARN] ConditionMgr:438 - getConditionDescription Invalid condition id : UX DEVICE CLASS RTOS Condition cause : null
2024-02-16 12:52:35,213 [WARN] PackLoader:240 - Cannot read IP mode file for STMicroelectronics.X-CUBE-AZRTOS-WB.2.0.0
2024-02-16 12:52:35,214 [WARN] ConditionMgr:1039 - genDependencies : Invalid condition id : UX DEVICE CLASS RTOS Condition cause : null
2024-02-16 12:52:35,214 [WARN] ConditionMgr:1039 - genDependencies : Invalid condition id : UX DEVICE CLASS RTOS Condition cause : null
2024-02-16 12:52:35,214 [WARN] ConditionMgr:1039 - genDependencies : Invalid condition id : UX DEVICE CLASS RTOS Condition cause : null
2024-02-16 12:52:35,215 [WARN] ConditionMgr:1039 - genDependencies : Invalid condition id : UX DEVICE CLASS RTOS Condition cause : null
2024-02-16 12:52:35,215 [WARN] ConditionMgr:1039 - genDependencies : Invalid condition id : UX DEVICE CLASS RTOS Condition cause : null
2024-02-16 12:52:35,223 [WARN] PackLoader:240 - Cannot read IP mode file for STMicroelectronics.X-CUBE-SUBG2.5.0.0
2024-02-16 12:52:35,240 [WARN] PackLoader:240 - Cannot read IP mode file for STMicroelectronics.X-CUBE-AZRTOS-G4.2.0.0
2024-02-16 12:52:35,251 [WARN] PackLoader:240 - Cannot read IP mode file for Infineon.AIROC-Wi-Fi-Bluetooth-STM32.1.5.1
2024-02-16 12:52:35,258 [WARN] PackLoader:240 - Cannot read IP mode file for STMicroelectronics.FP-SNS-MOTENVWB1.1.3.1
2024-02-16 12:52:35,262 [WARN] PackLoader:240 - Cannot read IP mode file for STMicroelectronics.X-CUBE-ISPU.2.0.0
2024-02-16 12:52:35,299 [WARN] PackLoader:240 - Cannot read IP mode file for STMicroelectronics.X-CUBE-MEMS1.10.0.0
2024-02-16 12:52:35,404 [WARN] PackLoader:240 - Cannot read IP mode file for STMicroelectronics.X-CUBE-FREERTOS.1.1.0
2024-02-16 12:52:35,410 [WARN] PackLoader:240 - Cannot read IP mode file for portGmbH.I-Cube-SoM-uGOAL.1.1.0
2024-02-16 12:52:35,414 [WARN] PackLoader:240 - Cannot read IP mode file for STMicroelectronics.X-CUBE-ALS.1.0.1
2024-02-16 12:52:35,419 [WARN] PackLoader:240 - Cannot read IP mode file for STMicroelectronics.FP-ATR-ASTRA1.2.0.0
2024-02-16 12:52:35,428 [WARN] PackLoader:240 - Cannot read IP mode file for STMicroelectronics.X-CUBE-TOF1.3.4.0
2024-02-16 12:52:35,448 [WARN] PackLoader:240 - Cannot read IP mode file for STMicroelectronics.X-CUBE-AZRTOS-H7.3.2.0
2024-02-16 12:52:35,450 [INFO] ThirdParty:978 - Integrity check success = true
2024-02-16 12:52:35,451 [INFO] IntegrityCheckThread:100 - exiting critical section [integrity check]
2024-02-16 12:52:35,451 [INFO] IntegrityCheckThread:103 - End integrity checks thread
2024-02-16 12:52:53,896 [ERROR] LogOutputStream:75 - [STDERR_REDIRECT] SLF4J: Failed to load class "org.slf4j.impl.StaticLoggerBinder".
2024-02-16 12:52:53,897 [ERROR] LogOutputStream:75 - [STDERR_REDIRECT] SLF4J: Defaulting to no-operation (NOP) logger implementation
2024-02-16 12:52:53,898 [ERROR] LogOutputStream:75 - [STDERR_REDIRECT] SLF4J: See http://www.slf4j.org/codes.html#StaticLoggerBinder for further details.
2024-02-16 13:23:50,952 [ERROR] LogOutputStream:75 - [STDERR_REDIRECT] 
2024-02-16 13:23:50,953 [ERROR] LogOutputStream:75 - [STDERR_REDIRECT] 
2024-02-16 13:58:06,965 [INFO] Activator:176 - 


2024-02-16 13:58:06,966 [INFO] Activator:177 - !SESSION log4j initialized
2024-02-16 13:58:11,452 [INFO] LogOutputStream:77 - [STDOUT_REDIRECT] 
2024-02-16 13:58:12,776 [INFO] ApplicationProperties:184 - Using Application install path: C:\Users\rsoza\Documents\coding\c++\stm32\STM32CubeIDE_1.14.1\STM32CubeIDE\plugins\com.st.stm32cube.common.mx_6.10.0.202311202037
2024-02-16 13:58:12,785 [INFO] DbMcusXml:78 - Set database path to: C:\Users\rsoza\Documents\coding\c++\stm32\STM32CubeIDE_1.14.1\STM32CubeIDE\plugins\com.st.stm32cube.common.mx_6.10.0.202311202037\\db\/mcu/
2024-02-16 13:58:12,786 [INFO] ApiDb:274 - Set plugin database path to: C:\Users\rsoza\Documents\coding\c++\stm32\STM32CubeIDE_1.14.1\STM32CubeIDE\plugins\com.st.stm32cube.common.mx_6.10.0.202311202037\\db\/plugins/boardmanager/
2024-02-16 13:58:12,786 [WARN] ApiDb:259 - Overriding images path with different value:  => C:\Users\rsoza\Documents\coding\c++\stm32\STM32CubeIDE_1.14.1\STM32CubeIDE\plugins\com.st.stm32cube.common.mx_6.10.0.202311202037\\db\/plugins/mcufinder/images/
2024-02-16 13:58:12,789 [INFO] ApiDb:250 - Set database path to: C:\Users\rsoza\.stmcufinder\plugins\mcufinder//mcu/
2024-02-16 13:58:12,790 [INFO] DbMcusAds:125 - Set database path to: C:\Users\rsoza\.stmcufinder\plugins\mcufinder//mcu/
2024-02-16 13:58:12,791 [INFO] CrossReferenceDbSqlite:203 - Set database path to: C:\Users\rsoza\.stmcufinder\plugins\mcufinder//mcu/cs/
2024-02-16 13:58:12,879 [INFO] RulesReader:64 - Compatibility file has been processed (297 Rules)
2024-02-16 13:58:12,939 [INFO] DbMcusXml:78 - Set database path to: C:\Users\rsoza\Documents\coding\c++\stm32\STM32CubeIDE_1.14.1\STM32CubeIDE\plugins\com.st.stm32cube.common.mx_6.10.0.202311202037\\db\/mcu/
2024-02-16 13:58:12,939 [INFO] ApiDb:274 - Set plugin database path to: C:\Users\rsoza\Documents\coding\c++\stm32\STM32CubeIDE_1.14.1\STM32CubeIDE\plugins\com.st.stm32cube.common.mx_6.10.0.202311202037\\db\/plugins/boardmanager/
2024-02-16 13:58:12,939 [INFO] ApiDb:261 - Set plugin images path to: C:\Users\rsoza\Documents\coding\c++\stm32\STM32CubeIDE_1.14.1\STM32CubeIDE\plugins\com.st.stm32cube.common.mx_6.10.0.202311202037\\db\/plugins/mcufinder/images/
2024-02-16 13:58:12,939 [WARN] DbFile:41 - Overriding database path with different value: C:\Users\rsoza\.stmcufinder\plugins\mcufinder/ => C:\Users\rsoza\.stmcufinder\plugins\mcufinder
2024-02-16 13:58:12,939 [INFO] ApiDb:250 - Set database path to: C:\Users\rsoza\.stmcufinder\plugins\mcufinder//mcu/
2024-02-16 13:58:12,939 [WARN] DbFile:41 - Overriding database path with different value: C:\Users\rsoza\.stmcufinder\plugins\mcufinder/ => C:\Users\rsoza\.stmcufinder\plugins\mcufinder
2024-02-16 13:58:12,939 [INFO] DbMcusAds:125 - Set database path to: C:\Users\rsoza\.stmcufinder\plugins\mcufinder//mcu/
2024-02-16 13:58:12,939 [WARN] DbFile:41 - Overriding database path with different value: C:\Users\rsoza\.stmcufinder\plugins\mcufinder/ => C:\Users\rsoza\.stmcufinder\plugins\mcufinder
2024-02-16 13:58:12,939 [WARN] DbFile:41 - Overriding database path with different value: C:\Users\rsoza\.stmcufinder\plugins\mcufinder/ => C:\Users\rsoza\.stmcufinder\plugins\mcufinder
2024-02-16 13:58:12,939 [INFO] CrossReferenceDbSqlite:203 - Set database path to: C:\Users\rsoza\.stmcufinder\plugins\mcufinder//mcu/cs/
2024-02-16 13:58:12,983 [INFO] MainPanel:264 - HeapMemory: 268435456
2024-02-16 13:58:13,023 [INFO] DbMcusXml:78 - Set database path to: C:\Users\rsoza\Documents\coding\c++\stm32\STM32CubeIDE_1.14.1\STM32CubeIDE\plugins\com.st.stm32cube.common.mx_6.10.0.202311202037\\db\/mcu/
2024-02-16 13:58:13,023 [INFO] ApiDb:274 - Set plugin database path to: C:\Users\rsoza\Documents\coding\c++\stm32\STM32CubeIDE_1.14.1\STM32CubeIDE\plugins\com.st.stm32cube.common.mx_6.10.0.202311202037\\db\/plugins/boardmanager/
2024-02-16 13:58:13,024 [INFO] ApiDb:261 - Set plugin images path to: C:\Users\rsoza\Documents\coding\c++\stm32\STM32CubeIDE_1.14.1\STM32CubeIDE\plugins\com.st.stm32cube.common.mx_6.10.0.202311202037\\db\/plugins/mcufinder/images/
2024-02-16 13:58:13,024 [WARN] DbFile:41 - Overriding database path with different value: C:\Users\rsoza\.stmcufinder\plugins\mcufinder/ => C:\Users\rsoza\.stmcufinder\plugins\mcufinder
2024-02-16 13:58:13,024 [INFO] ApiDb:250 - Set database path to: C:\Users\rsoza\.stmcufinder\plugins\mcufinder//mcu/
2024-02-16 13:58:13,024 [WARN] DbFile:41 - Overriding database path with different value: C:\Users\rsoza\.stmcufinder\plugins\mcufinder/ => C:\Users\rsoza\.stmcufinder\plugins\mcufinder
2024-02-16 13:58:13,024 [INFO] DbMcusAds:125 - Set database path to: C:\Users\rsoza\.stmcufinder\plugins\mcufinder//mcu/
2024-02-16 13:58:13,024 [WARN] DbFile:41 - Overriding database path with different value: C:\Users\rsoza\.stmcufinder\plugins\mcufinder/ => C:\Users\rsoza\.stmcufinder\plugins\mcufinder
2024-02-16 13:58:13,024 [WARN] DbFile:41 - Overriding database path with different value: C:\Users\rsoza\.stmcufinder\plugins\mcufinder/ => C:\Users\rsoza\.stmcufinder\plugins\mcufinder
2024-02-16 13:58:13,024 [INFO] CrossReferenceDbSqlite:203 - Set database path to: C:\Users\rsoza\.stmcufinder\plugins\mcufinder//mcu/cs/
2024-02-16 13:58:13,035 [INFO] ApplicationProperties:184 - Using Application install path: C:\Users\rsoza\Documents\coding\c++\stm32\STM32CubeIDE_1.14.1\STM32CubeIDE\plugins\com.st.stm32cube.common.mx_6.10.0.202311202037
2024-02-16 13:58:13,036 [INFO] PluginManage:196 - Search for loadable plugins [exclusion list=, ]
2024-02-16 13:58:13,037 [INFO] PluginManage:310 - Check plugin analytics
2024-02-16 13:58:13,126 [INFO] AnalyticsPlugin:253 - Accepted Software Licenses: 
2024-02-16 13:58:13,126 [INFO] AnalyticsPlugin:255 - Accepted CMSIS Pack Licenses: 
2024-02-16 13:58:13,126 [INFO] AnalyticsPlugin:257 - Accepted Firmware Licenses: 
2024-02-16 13:58:13,128 [INFO] PluginManage:359 - Loaded plugin analytics (category:tool,tabindex:-1)
2024-02-16 13:58:13,128 [INFO] PluginManage:310 - Check plugin cadmodel
2024-02-16 13:58:13,131 [INFO] CADModel:105 - Init CAD model plugin
2024-02-16 13:58:13,131 [INFO] PluginManage:359 - Loaded plugin cadmodel (category:power,tabindex:5)
2024-02-16 13:58:13,131 [INFO] PluginManage:310 - Check plugin clock
2024-02-16 13:58:13,136 [INFO] PluginManage:359 - Loaded plugin clock (category:base,tabindex:2)
2024-02-16 13:58:13,136 [INFO] PluginManage:310 - Check plugin ddr
2024-02-16 13:58:13,137 [INFO] PluginManage:359 - Loaded plugin ddr (category:tool,tabindex:6)
2024-02-16 13:58:13,137 [INFO] PluginManage:310 - Check plugin filemanager
2024-02-16 13:58:13,221 [INFO] PluginManage:359 - Loaded plugin filemanager (category:base,tabindex:10)
2024-02-16 13:58:13,221 [INFO] PluginManage:310 - Check plugin ipmanager
2024-02-16 13:58:13,226 [INFO] PluginManage:359 - Loaded plugin ipmanager (category:base,tabindex:5)
2024-02-16 13:58:13,226 [INFO] PluginManage:310 - Check plugin lpbam
2024-02-16 13:58:13,231 [INFO] PluginManage:359 - Loaded plugin lpbam (category:base,tabindex:0)
2024-02-16 13:58:13,231 [INFO] PluginManage:310 - Check plugin memorymap
2024-02-16 13:58:13,238 [INFO] PluginManage:359 - Loaded plugin memorymap (category:base,tabindex:4)
2024-02-16 13:58:13,238 [INFO] PluginManage:310 - Check plugin pinoutandconfiguration
2024-02-16 13:58:13,243 [INFO] PluginManage:359 - Loaded plugin pinoutandconfiguration (category:base,tabindex:1)
2024-02-16 13:58:13,243 [INFO] PluginManage:310 - Check plugin pinoutconfig
2024-02-16 13:58:13,309 [WARN] SupportedApi:132 - Cannot load RTOS API schema: s4s-elt-must-match.1: The content of 'definitions' must match (annotation?, (simpleType | complexType)?, (unique | key | keyref)*)). A problem was found starting at: attribute.
2024-02-16 13:58:13,391 [INFO] PluginManage:359 - Loaded plugin pinoutconfig (category:base,tabindex:0)
2024-02-16 13:58:13,391 [INFO] PluginManage:310 - Check plugin power
2024-02-16 13:58:13,396 [INFO] PluginManage:359 - Loaded plugin power (category:power,tabindex:4)
2024-02-16 13:58:13,396 [INFO] PluginManage:310 - Check plugin projectmanager
2024-02-16 13:58:13,407 [INFO] PluginManage:359 - Loaded plugin projectmanager (category:projectmanager,tabindex:3)
2024-02-16 13:58:13,407 [INFO] PluginManage:310 - Check plugin thirdparty
2024-02-16 13:58:13,480 [INFO] PluginManage:359 - Loaded plugin thirdparty (category:base,tabindex:-1)
2024-02-16 13:58:13,480 [INFO] PluginManage:310 - Check plugin tools
2024-02-16 13:58:13,480 [WARN] IntegrityCheckThread:84 - waiting for thirdparty lock release [integrity check]
2024-02-16 13:58:13,480 [INFO] IntegrityCheckThread:86 - entering critical section [integrity check]
2024-02-16 13:58:13,480 [INFO] ThirdPartyUpdaterWithRetryManager:70 - Updater plugin not ready yet. [1/15]
2024-02-16 13:58:13,482 [INFO] PluginManage:359 - Loaded plugin tools (category:base,tabindex:7)
2024-02-16 13:58:13,482 [INFO] PluginManage:310 - Check plugin tutovideos
2024-02-16 13:58:13,581 [INFO] PluginManage:359 - Loaded plugin tutovideos (category:base,tabindex:-1)
2024-02-16 13:58:13,581 [INFO] PluginManage:310 - Check plugin updater
2024-02-16 13:58:13,587 [INFO] PluginManage:359 - Loaded plugin updater (category:base,tabindex:12)
2024-02-16 13:58:13,587 [INFO] PluginManage:310 - Check plugin userauth
2024-02-16 13:58:13,590 [INFO] UserAuth:114 - Init User Auth plugin
2024-02-16 13:58:13,591 [INFO] PluginManage:359 - Loaded plugin userauth (category:base,tabindex:14)
2024-02-16 13:58:13,591 [INFO] PluginManage:283 - PluginManage : Loaded plugins [17]
2024-02-16 13:58:13,719 [INFO] PinOutPanel:1499 - setPackage(No Configuration,No Configuration)
2024-02-16 13:58:13,770 [INFO] CADModel:165 - CPN selected for project level
2024-02-16 13:58:13,770 [INFO] CADModel:114 - Register for checkConnection events
2024-02-16 13:58:13,781 [INFO] IPUIPlugin:80 - create IPUIPlugin
2024-02-16 13:58:13,781 [INFO] PluginManager:220 - loadIPPluginJar : add adc
2024-02-16 13:58:13,782 [INFO] IPUIPlugin:80 - create IPUIPlugin
2024-02-16 13:58:13,782 [INFO] PluginManager:220 - loadIPPluginJar : add aes
2024-02-16 13:58:13,784 [INFO] IPUIPlugin:80 - create IPUIPlugin
2024-02-16 13:58:13,784 [INFO] PluginManager:220 - loadIPPluginJar : add can
2024-02-16 13:58:13,785 [INFO] IPUIPlugin:80 - create IPUIPlugin
2024-02-16 13:58:13,785 [INFO] PluginManager:220 - loadIPPluginJar : add comp
2024-02-16 13:58:13,787 [INFO] IPUIPlugin:80 - create IPUIPlugin
2024-02-16 13:58:13,787 [INFO] PluginManager:220 - loadIPPluginJar : add cryp
2024-02-16 13:58:13,790 [INFO] IPUIPlugin:80 - create IPUIPlugin
2024-02-16 13:58:13,790 [INFO] PluginManager:220 - loadIPPluginJar : add dfsdm
2024-02-16 13:58:13,793 [INFO] IPUIPlugin:80 - create IPUIPlugin
2024-02-16 13:58:13,794 [INFO] PluginManager:220 - loadIPPluginJar : add dma
2024-02-16 13:58:13,796 [INFO] IPUIPlugin:80 - create IPUIPlugin
2024-02-16 13:58:13,796 [INFO] PluginManager:220 - loadIPPluginJar : add dma3
2024-02-16 13:58:13,797 [INFO] IPUIPlugin:80 - create IPUIPlugin
2024-02-16 13:58:13,797 [INFO] PluginManager:220 - loadIPPluginJar : add fatfs
2024-02-16 13:58:13,800 [INFO] IPUIPlugin:80 - create IPUIPlugin
2024-02-16 13:58:13,801 [INFO] PluginManager:220 - loadIPPluginJar : add fmc
2024-02-16 13:58:13,804 [INFO] IPUIPlugin:80 - create IPUIPlugin
2024-02-16 13:58:13,804 [INFO] PluginManager:220 - loadIPPluginJar : add freertos
2024-02-16 13:58:13,805 [INFO] IPUIPlugin:80 - create IPUIPlugin
2024-02-16 13:58:13,805 [INFO] PluginManager:220 - loadIPPluginJar : add genericplugin
2024-02-16 13:58:13,806 [INFO] IPUIPlugin:80 - create IPUIPlugin
2024-02-16 13:58:13,806 [INFO] PluginManager:220 - loadIPPluginJar : add gfxmmu
2024-02-16 13:58:13,810 [INFO] IPUIPlugin:80 - create IPUIPlugin
2024-02-16 13:58:13,810 [INFO] PluginManager:220 - loadIPPluginJar : add gic
2024-02-16 13:58:13,813 [INFO] IPUIPlugin:80 - create IPUIPlugin
2024-02-16 13:58:13,813 [INFO] PluginManager:220 - loadIPPluginJar : add gpio
2024-02-16 13:58:13,815 [INFO] IPUIPlugin:80 - create IPUIPlugin
2024-02-16 13:58:13,815 [INFO] PluginManager:220 - loadIPPluginJar : add gtzc
2024-02-16 13:58:13,816 [INFO] IPUIPlugin:80 - create IPUIPlugin
2024-02-16 13:58:13,816 [INFO] PluginManager:220 - loadIPPluginJar : add hash
2024-02-16 13:58:13,818 [INFO] IPUIPlugin:80 - create IPUIPlugin
2024-02-16 13:58:13,818 [INFO] PluginManager:220 - loadIPPluginJar : add i2c
2024-02-16 13:58:13,820 [INFO] IPUIPlugin:80 - create IPUIPlugin
2024-02-16 13:58:13,820 [INFO] PluginManager:220 - loadIPPluginJar : add i2s
2024-02-16 13:58:13,821 [INFO] IPUIPlugin:80 - create IPUIPlugin
2024-02-16 13:58:13,821 [INFO] PluginManager:220 - loadIPPluginJar : add i3c
2024-02-16 13:58:13,824 [INFO] IPUIPlugin:80 - create IPUIPlugin
2024-02-16 13:58:13,824 [INFO] PluginManager:220 - loadIPPluginJar : add ipddr
2024-02-16 13:58:13,828 [INFO] IPUIPlugin:80 - create IPUIPlugin
2024-02-16 13:58:13,828 [INFO] PluginManager:220 - loadIPPluginJar : add linkedlist
2024-02-16 13:58:13,830 [INFO] IPUIPlugin:80 - create IPUIPlugin
2024-02-16 13:58:13,830 [INFO] PluginManager:220 - loadIPPluginJar : add lorawan
2024-02-16 13:58:13,831 [INFO] IPUIPlugin:80 - create IPUIPlugin
2024-02-16 13:58:13,831 [INFO] PluginManager:220 - loadIPPluginJar : add ltdc
2024-02-16 13:58:13,835 [INFO] IPUIPlugin:80 - create IPUIPlugin
2024-02-16 13:58:13,835 [INFO] PluginManager:220 - loadIPPluginJar : add mdma
2024-02-16 13:58:13,837 [INFO] IPUIPlugin:80 - create IPUIPlugin
2024-02-16 13:58:13,837 [INFO] PluginManager:220 - loadIPPluginJar : add nvic
2024-02-16 13:58:13,839 [INFO] IPUIPlugin:80 - create IPUIPlugin
2024-02-16 13:58:13,839 [INFO] PluginManager:220 - loadIPPluginJar : add opamp
2024-02-16 13:58:13,841 [INFO] IPUIPlugin:80 - create IPUIPlugin
2024-02-16 13:58:13,841 [INFO] PluginManager:220 - loadIPPluginJar : add openamp
2024-02-16 13:58:13,842 [INFO] IPUIPlugin:80 - create IPUIPlugin
2024-02-16 13:58:13,842 [INFO] PluginManager:220 - loadIPPluginJar : add pdm2pcm
2024-02-16 13:58:13,847 [INFO] IPUIPlugin:80 - create IPUIPlugin
2024-02-16 13:58:13,849 [INFO] PluginManager:220 - loadIPPluginJar : add plateformsettings
2024-02-16 13:58:13,850 [INFO] IPUIPlugin:80 - create IPUIPlugin
2024-02-16 13:58:13,850 [INFO] PluginManager:220 - loadIPPluginJar : add quadspi
2024-02-16 13:58:13,852 [INFO] IPUIPlugin:80 - create IPUIPlugin
2024-02-16 13:58:13,852 [INFO] PluginManager:220 - loadIPPluginJar : add resmgrutility
2024-02-16 13:58:13,854 [INFO] IPUIPlugin:80 - create IPUIPlugin
2024-02-16 13:58:13,854 [INFO] PluginManager:220 - loadIPPluginJar : add sai
2024-02-16 13:58:13,855 [INFO] IPUIPlugin:80 - create IPUIPlugin
2024-02-16 13:58:13,855 [INFO] PluginManager:220 - loadIPPluginJar : add spi
2024-02-16 13:58:13,859 [INFO] IPUIPlugin:80 - create IPUIPlugin
2024-02-16 13:58:13,859 [INFO] PluginManager:220 - loadIPPluginJar : add stm32_wpan
2024-02-16 13:58:13,860 [INFO] IPUIPlugin:80 - create IPUIPlugin
2024-02-16 13:58:13,860 [INFO] PluginManager:220 - loadIPPluginJar : add tim
2024-02-16 13:58:13,862 [INFO] IPUIPlugin:80 - create IPUIPlugin
2024-02-16 13:58:13,862 [INFO] PluginManager:220 - loadIPPluginJar : add touchsensing
2024-02-16 13:58:13,863 [INFO] IPUIPlugin:80 - create IPUIPlugin
2024-02-16 13:58:13,863 [INFO] PluginManager:220 - loadIPPluginJar : add tracer_emb
2024-02-16 13:58:13,864 [INFO] IPUIPlugin:80 - create IPUIPlugin
2024-02-16 13:58:13,864 [INFO] PluginManager:220 - loadIPPluginJar : add ts
2024-02-16 13:58:13,865 [INFO] IPUIPlugin:80 - create IPUIPlugin
2024-02-16 13:58:13,865 [INFO] PluginManager:220 - loadIPPluginJar : add tsc
2024-02-16 13:58:13,865 [INFO] IPUIPlugin:80 - create IPUIPlugin
2024-02-16 13:58:13,865 [INFO] PluginManager:220 - loadIPPluginJar : add ucpd
2024-02-16 13:58:13,868 [INFO] IPUIPlugin:80 - create IPUIPlugin
2024-02-16 13:58:13,868 [INFO] PluginManager:220 - loadIPPluginJar : add usart
2024-02-16 13:58:13,869 [INFO] IPUIPlugin:80 - create IPUIPlugin
2024-02-16 13:58:13,869 [INFO] PluginManager:220 - loadIPPluginJar : add usbx
2024-02-16 13:58:13,977 [INFO] CADModel:165 - CPN selected for project level
2024-02-16 13:58:13,977 [INFO] CADModel:114 - Register for checkConnection events
2024-02-16 13:58:13,977 [FATAL] Updater:308 - Updater called before beeing initialized
2024-02-16 13:58:13,977 [ERROR] CADModel:125 - Updater not yet initialized, retry later 
2024-02-16 13:58:14,049 [INFO] CADModel:165 - CPN selected for project level
2024-02-16 13:58:14,050 [INFO] CADModel:114 - Register for checkConnection events
2024-02-16 13:58:14,050 [FATAL] Updater:308 - Updater called before beeing initialized
2024-02-16 13:58:14,050 [ERROR] CADModel:125 - Updater not yet initialized, retry later 
2024-02-16 13:58:14,052 [FATAL] Updater:308 - Updater called before beeing initialized
2024-02-16 13:58:14,113 [FATAL] Updater:308 - Updater called before beeing initialized
2024-02-16 13:58:14,116 [INFO] DbMcusAds:53 - JSON generation date=Wed Nov 29 04:52:27 CST 2023 (1701255147200)
2024-02-16 13:58:14,116 [FATAL] Updater:308 - Updater called before beeing initialized
2024-02-16 13:58:14,144 [WARN] DetailPanel:346 - Failed to get advertising image, set to default
2024-02-16 13:58:14,207 [FATAL] Updater:308 - Updater called before beeing initialized
2024-02-16 13:58:14,208 [FATAL] Updater:308 - Updater called before beeing initialized
2024-02-16 13:58:14,208 [FATAL] Updater:308 - Updater called before beeing initialized
2024-02-16 13:58:14,208 [WARN] DetailPanel:346 - Failed to get advertising image, set to default
2024-02-16 13:58:14,208 [FATAL] Updater:308 - Updater called before beeing initialized
2024-02-16 13:58:14,237 [ERROR] Updater:1120 - MainUpdater not yet initialized. External WinMGr cannot be set.
2024-02-16 13:58:14,239 [INFO] Updater:1056 - Updater Version found : 6.10.0
2024-02-16 13:58:14,251 [INFO] ApplicationProperties:184 - Using Application install path: C:\Users\rsoza\Documents\coding\c++\stm32\STM32CubeIDE_1.14.1\STM32CubeIDE\plugins\com.st.stm32cube.common.mx_6.10.0.202311202037
2024-02-16 13:58:15,820 [ERROR] LogOutputStream:75 - [STDERR_REDIRECT] Feb 16, 2024 1:58:15 PM java.util.prefs.WindowsPreferences <init>
2024-02-16 13:58:15,822 [ERROR] LogOutputStream:75 - [STDERR_REDIRECT] WARNING: Could not open/create prefs root node Software\JavaSoft\Prefs at root 0xffffffff80000002. Windows RegCreateKeyEx(...) returned error code 5.
2024-02-16 13:58:15,822 [ERROR] LogOutputStream:75 - [STDERR_REDIRECT] 
2024-02-16 13:58:16,159 [INFO] MainUpdater:2873 - connection check result : 10
2024-02-16 13:58:16,160 [INFO] MainUpdater:290 - Updater Check For Update Now.
2024-02-16 13:58:16,160 [INFO] MicroXplorer:498 - Change Database Version : DB.6.0.100
2024-02-16 13:58:16,165 [INFO] McuFinderGlobals:63 - Set McuFinder mode to 2 (CubeIDE integrated)
2024-02-16 13:58:16,165 [INFO] UserAuth:180 - activating auth plugin
2024-02-16 13:58:16,167 [INFO] UserAuth:404 - Internet connection configuration mode: 1
2024-02-16 13:58:16,186 [INFO] JxBrowserEngine:152 - Initiate JxBrowser Engine with user profile folder
2024-02-16 13:58:16,318 [INFO] CheckServerUpdateThread:120 - End of CheckServer Thread
2024-02-16 13:58:16,635 [WARN] PackLoader:240 - Cannot read IP mode file for STMicroelectronics.X-CUBE-SMBUS.2.1.0
2024-02-16 13:58:16,642 [WARN] PackLoader:240 - Cannot read IP mode file for STMicroelectronics.X-CUBE-TOUCHGFX.4.23.0
2024-02-16 13:58:16,657 [INFO] WebApp:161 - Instantiating new browser for Auth
2024-02-16 13:58:16,663 [WARN] PackLoader:240 - Cannot read IP mode file for STMicroelectronics.X-CUBE-AZRTOS-F7.1.1.0
2024-02-16 13:58:16,673 [WARN] PackLoader:240 - Cannot read IP mode file for STMicroelectronics.FP-SNS-MOTENV1.4.3.2
2024-02-16 13:58:16,678 [WARN] PackLoader:240 - Cannot read IP mode file for STMicroelectronics.FP-SNS-FLIGHT1.5.0.2
2024-02-16 13:58:16,686 [WARN] PackLoader:240 - Cannot read IP mode file for STMicroelectronics.X-CUBE-DISPLAY.3.0.0
2024-02-16 13:58:16,700 [WARN] PackLoader:240 - Cannot read IP mode file for STMicroelectronics.X-CUBE-BLE1.7.0.0
2024-02-16 13:58:16,705 [WARN] PackLoader:240 - Cannot read IP mode file for emotas.I-CUBE-CANOPEN.1.3.0
2024-02-16 13:58:16,712 [WARN] PackLoader:240 - Cannot read IP mode file for STMicroelectronics.FP-SNS-SMARTAG2.1.2.0
2024-02-16 13:58:16,724 [INFO] LogOutputStream:77 - [STDOUT_REDIRECT] 1 : Invalid condition id : UX_CORESTACK_Condition cause : null
2024-02-16 13:58:16,724 [INFO] LogOutputStream:77 - [STDOUT_REDIRECT] 1 : Invalid condition id : UX_CORESTACK_Condition cause : null
2024-02-16 13:58:16,725 [INFO] LogOutputStream:77 - [STDOUT_REDIRECT] 1 : Invalid condition id : UX_CORESTACK_Condition cause : null
2024-02-16 13:58:16,726 [INFO] LogOutputStream:77 - [STDOUT_REDIRECT] 1 : Invalid condition id : UX_CORESTACK_Condition cause : null
2024-02-16 13:58:16,727 [INFO] LogOutputStream:77 - [STDOUT_REDIRECT] 1 : Invalid condition id : UX_CORESTACK_Condition cause : null
2024-02-16 13:58:16,731 [WARN] PackLoader:240 - Cannot read IP mode file for STMicroelectronics.X-CUBE-AZRTOS-WL.2.0.0
2024-02-16 13:58:16,747 [WARN] PackLoader:240 - Cannot read IP mode file for WES.I-CUBE-Cesium.1.3.0
2024-02-16 13:58:16,751 [WARN] PackLoader:240 - Cannot read IP mode file for STMicroelectronics.X-CUBE-BLE2.3.3.0
2024-02-16 13:58:16,757 [WARN] PackLoader:240 - Cannot read IP mode file for STMicroelectronics.X-CUBE-ALGOBUILD.1.3.0
2024-02-16 13:58:16,774 [WARN] PackLoader:240 - Cannot read IP mode file for STMicroelectronics.X-CUBE-AZRTOS-G0.1.1.0
2024-02-16 13:58:16,792 [WARN] PackLoader:240 - Cannot read IP mode file for STMicroelectronics.X-CUBE-NFC4.3.0.0
2024-02-16 13:58:16,799 [WARN] PackLoader:240 - Cannot read IP mode file for STMicroelectronics.X-CUBE-BLEMGR.3.0.0
2024-02-16 13:58:16,805 [WARN] PackLoader:240 - Cannot read IP mode file for STMicroelectronics.FP-ATR-SIGFOX1.3.2.0
2024-02-16 13:58:16,810 [WARN] PackLoader:240 - Cannot read IP mode file for STMicroelectronics.X-CUBE-EEPRMA1.5.1.0
2024-02-16 13:58:16,834 [WARN] PackLoader:240 - Cannot read IP mode file for SEGGER.I-CUBE-embOS.1.3.1
2024-02-16 13:58:16,871 [WARN] PackLoader:240 - Cannot read IP mode file for STMicroelectronics.X-CUBE-GNSS1.6.0.0
2024-02-16 13:58:16,890 [WARN] PackLoader:240 - Cannot read IP mode file for STMicroelectronics.X-CUBE-AZRTOS-F4.1.1.0
2024-02-16 13:58:16,897 [WARN] PackLoader:240 - Cannot read IP mode file for wolfSSL.I-CUBE-wolfSSL.5.6.6
2024-02-16 13:58:16,934 [WARN] PackLoader:240 - Cannot read IP mode file for STMicroelectronics.X-CUBE-AZRTOS-L5.2.0.0
2024-02-16 13:58:16,944 [WARN] PackLoader:240 - Cannot read IP mode file for ITTIA_DB.I-CUBE-ITTIADB.8.8.0
2024-02-16 13:58:16,949 [WARN] PackLoader:240 - Cannot read IP mode file for STMicroelectronics.X-CUBE-NFC7.1.0.1
2024-02-16 13:58:16,958 [WARN] PackLoader:240 - Cannot read IP mode file for STMicroelectronics.X-CUBE-NFC6.3.0.0
2024-02-16 13:58:16,963 [WARN] PackLoader:240 - Cannot read IP mode file for STMicroelectronics.X-CUBE-AI.8.1.0
2024-02-16 13:58:16,979 [WARN] ConditionMgr:438 - getConditionDescription Invalid condition id : LAN8742 Phy interface Condition cause : null
2024-02-16 13:58:16,979 [WARN] PackLoader:240 - Cannot read IP mode file for STMicroelectronics.X-CUBE-AZRTOS-L4.2.0.0
2024-02-16 13:58:16,981 [WARN] ConditionMgr:1039 - genDependencies : Invalid condition id : LAN8742 Phy interface Condition cause : null
2024-02-16 13:58:16,981 [WARN] ConditionMgr:1039 - genDependencies : Invalid condition id : LAN8742 Phy interface Condition cause : null
2024-02-16 13:58:16,981 [WARN] ConditionMgr:1039 - genDependencies : Invalid condition id : LAN8742 Phy interface Condition cause : null
2024-02-16 13:58:16,988 [WARN] PackLoader:240 - Cannot read IP mode file for STMicroelectronics.X-CUBE-SFXS2LP1.4.0.0
2024-02-16 13:58:16,998 [WARN] ConditionMgr:438 - getConditionDescription Invalid condition id : UX DEVICE CLASS RTOS Condition cause : null
2024-02-16 13:58:16,998 [WARN] ConditionMgr:438 - getConditionDescription Invalid condition id : UX DEVICE CLASS RTOS Condition cause : null
2024-02-16 13:58:17,001 [WARN] PackLoader:240 - Cannot read IP mode file for STMicroelectronics.X-CUBE-AZRTOS-WB.2.0.0
2024-02-16 13:58:17,001 [WARN] ConditionMgr:1039 - genDependencies : Invalid condition id : UX DEVICE CLASS RTOS Condition cause : null
2024-02-16 13:58:17,001 [WARN] ConditionMgr:1039 - genDependencies : Invalid condition id : UX DEVICE CLASS RTOS Condition cause : null
2024-02-16 13:58:17,002 [WARN] ConditionMgr:1039 - genDependencies : Invalid condition id : UX DEVICE CLASS RTOS Condition cause : null
2024-02-16 13:58:17,002 [WARN] ConditionMgr:1039 - genDependencies : Invalid condition id : UX DEVICE CLASS RTOS Condition cause : null
2024-02-16 13:58:17,002 [WARN] ConditionMgr:1039 - genDependencies : Invalid condition id : UX DEVICE CLASS RTOS Condition cause : null
2024-02-16 13:58:17,011 [WARN] PackLoader:240 - Cannot read IP mode file for STMicroelectronics.X-CUBE-SUBG2.5.0.0
2024-02-16 13:58:17,027 [WARN] PackLoader:240 - Cannot read IP mode file for STMicroelectronics.X-CUBE-AZRTOS-G4.2.0.0
2024-02-16 13:58:17,040 [WARN] PackLoader:240 - Cannot read IP mode file for Infineon.AIROC-Wi-Fi-Bluetooth-STM32.1.5.1
2024-02-16 13:58:17,046 [WARN] PackLoader:240 - Cannot read IP mode file for STMicroelectronics.FP-SNS-MOTENVWB1.1.3.1
2024-02-16 13:58:17,051 [WARN] PackLoader:240 - Cannot read IP mode file for STMicroelectronics.X-CUBE-ISPU.2.0.0
2024-02-16 13:58:17,088 [WARN] PackLoader:240 - Cannot read IP mode file for STMicroelectronics.X-CUBE-MEMS1.10.0.0
2024-02-16 13:58:17,206 [WARN] PackLoader:240 - Cannot read IP mode file for STMicroelectronics.X-CUBE-FREERTOS.1.1.0
2024-02-16 13:58:17,213 [WARN] PackLoader:240 - Cannot read IP mode file for portGmbH.I-Cube-SoM-uGOAL.1.1.0
2024-02-16 13:58:17,218 [WARN] PackLoader:240 - Cannot read IP mode file for STMicroelectronics.X-CUBE-ALS.1.0.1
2024-02-16 13:58:17,224 [WARN] PackLoader:240 - Cannot read IP mode file for STMicroelectronics.FP-ATR-ASTRA1.2.0.0
2024-02-16 13:58:17,234 [WARN] PackLoader:240 - Cannot read IP mode file for STMicroelectronics.X-CUBE-TOF1.3.4.0
2024-02-16 13:58:17,263 [WARN] PackLoader:240 - Cannot read IP mode file for STMicroelectronics.X-CUBE-AZRTOS-H7.3.2.0
2024-02-16 13:58:17,265 [INFO] ThirdParty:978 - Integrity check success = true
2024-02-16 13:58:17,266 [INFO] IntegrityCheckThread:100 - exiting critical section [integrity check]
2024-02-16 13:58:17,266 [INFO] IntegrityCheckThread:103 - End integrity checks thread
2024-02-16 13:58:17,504 [INFO] WebApp:780 - Register for checkConnection events
2024-02-16 13:58:17,504 [INFO] WebApp:414 - Apply proxy settings
2024-02-16 13:58:17,504 [INFO] WebApp:499 - Chromium requires no authentication
2024-02-16 13:58:17,511 [INFO] WebApp:442 - Direct internet connection detected
2024-02-16 13:58:17,644 [INFO] WebApp:192 - Starting web application
2024-02-16 13:58:17,644 [INFO] WebApp:544 - Web application path used C:\Users\rsoza\Documents\coding\c++\stm32\STM32CubeIDE_1.14.1\STM32CubeIDE\plugins\com.st.stm32cube.common.mx_6.10.0.202311202037\db\plugins\mcufinder\reactClient1\index.html
2024-02-16 13:58:38,232 [ERROR] LogOutputStream:75 - [STDERR_REDIRECT] SLF4J: Failed to load class "org.slf4j.impl.StaticLoggerBinder".
2024-02-16 13:58:38,233 [ERROR] LogOutputStream:75 - [STDERR_REDIRECT] SLF4J: Defaulting to no-operation (NOP) logger implementation
2024-02-16 13:58:38,234 [ERROR] LogOutputStream:75 - [STDERR_REDIRECT] SLF4J: See http://www.slf4j.org/codes.html#StaticLoggerBinder for further details.
2024-02-16 14:08:04,206 [ERROR] LogOutputStream:75 - [STDERR_REDIRECT] 
2024-02-16 14:08:04,206 [ERROR] LogOutputStream:75 - [STDERR_REDIRECT] 
