2024-02-09 20:36:27,264 [INFO] Activator:176 - 


2024-02-09 20:36:27,265 [INFO] Activator:177 - !SESSION log4j initialized
2024-02-09 20:36:28,898 [INFO] LogOutputStream:77 - [STDOUT_REDIRECT] 
2024-02-09 20:36:42,309 [INFO] ApplicationProperties:184 - Using Application install path: C:\Users\rsoza\Documents\coding\c++\stm32\STM32CubeIDE_1.14.1\STM32CubeIDE\plugins\com.st.stm32cube.common.mx_6.10.0.202311202037
2024-02-09 20:36:42,323 [INFO] DbMcusXml:78 - Set database path to: C:\Users\rsoza\Documents\coding\c++\stm32\STM32CubeIDE_1.14.1\STM32CubeIDE\plugins\com.st.stm32cube.common.mx_6.10.0.202311202037\\db\/mcu/
2024-02-09 20:36:42,323 [INFO] ApiDb:274 - Set plugin database path to: C:\Users\rsoza\Documents\coding\c++\stm32\STM32CubeIDE_1.14.1\STM32CubeIDE\plugins\com.st.stm32cube.common.mx_6.10.0.202311202037\\db\/plugins/boardmanager/
2024-02-09 20:36:42,323 [WARN] ApiDb:259 - Overriding images path with different value:  => C:\Users\rsoza\Documents\coding\c++\stm32\STM32CubeIDE_1.14.1\STM32CubeIDE\plugins\com.st.stm32cube.common.mx_6.10.0.202311202037\\db\/plugins/mcufinder/images/
2024-02-09 20:36:42,329 [INFO] ApiDb:250 - Set database path to: C:\Users\rsoza\.stmcufinder\plugins\mcufinder//mcu/
2024-02-09 20:36:42,330 [INFO] DbMcusAds:125 - Set database path to: C:\Users\rsoza\.stmcufinder\plugins\mcufinder//mcu/
2024-02-09 20:36:42,331 [INFO] CrossReferenceDbSqlite:203 - Set database path to: C:\Users\rsoza\.stmcufinder\plugins\mcufinder//mcu/cs/
2024-02-09 20:36:42,417 [INFO] RulesReader:64 - Compatibility file has been processed (297 Rules)
2024-02-09 20:36:42,498 [INFO] DbMcusXml:78 - Set database path to: C:\Users\rsoza\Documents\coding\c++\stm32\STM32CubeIDE_1.14.1\STM32CubeIDE\plugins\com.st.stm32cube.common.mx_6.10.0.202311202037\\db\/mcu/
2024-02-09 20:36:42,499 [INFO] ApiDb:274 - Set plugin database path to: C:\Users\rsoza\Documents\coding\c++\stm32\STM32CubeIDE_1.14.1\STM32CubeIDE\plugins\com.st.stm32cube.common.mx_6.10.0.202311202037\\db\/plugins/boardmanager/
2024-02-09 20:36:42,499 [INFO] ApiDb:261 - Set plugin images path to: C:\Users\rsoza\Documents\coding\c++\stm32\STM32CubeIDE_1.14.1\STM32CubeIDE\plugins\com.st.stm32cube.common.mx_6.10.0.202311202037\\db\/plugins/mcufinder/images/
2024-02-09 20:36:42,499 [WARN] DbFile:41 - Overriding database path with different value: C:\Users\rsoza\.stmcufinder\plugins\mcufinder/ => C:\Users\rsoza\.stmcufinder\plugins\mcufinder
2024-02-09 20:36:42,499 [INFO] ApiDb:250 - Set database path to: C:\Users\rsoza\.stmcufinder\plugins\mcufinder//mcu/
2024-02-09 20:36:42,499 [WARN] DbFile:41 - Overriding database path with different value: C:\Users\rsoza\.stmcufinder\plugins\mcufinder/ => C:\Users\rsoza\.stmcufinder\plugins\mcufinder
2024-02-09 20:36:42,499 [INFO] DbMcusAds:125 - Set database path to: C:\Users\rsoza\.stmcufinder\plugins\mcufinder//mcu/
2024-02-09 20:36:42,500 [WARN] DbFile:41 - Overriding database path with different value: C:\Users\rsoza\.stmcufinder\plugins\mcufinder/ => C:\Users\rsoza\.stmcufinder\plugins\mcufinder
2024-02-09 20:36:42,500 [WARN] DbFile:41 - Overriding database path with different value: C:\Users\rsoza\.stmcufinder\plugins\mcufinder/ => C:\Users\rsoza\.stmcufinder\plugins\mcufinder
2024-02-09 20:36:42,500 [INFO] CrossReferenceDbSqlite:203 - Set database path to: C:\Users\rsoza\.stmcufinder\plugins\mcufinder//mcu/cs/
2024-02-09 20:36:42,568 [INFO] MainPanel:264 - HeapMemory: 268435456
2024-02-09 20:36:42,649 [INFO] DbMcusXml:78 - Set database path to: C:\Users\rsoza\Documents\coding\c++\stm32\STM32CubeIDE_1.14.1\STM32CubeIDE\plugins\com.st.stm32cube.common.mx_6.10.0.202311202037\\db\/mcu/
2024-02-09 20:36:42,649 [INFO] ApiDb:274 - Set plugin database path to: C:\Users\rsoza\Documents\coding\c++\stm32\STM32CubeIDE_1.14.1\STM32CubeIDE\plugins\com.st.stm32cube.common.mx_6.10.0.202311202037\\db\/plugins/boardmanager/
2024-02-09 20:36:42,649 [INFO] ApiDb:261 - Set plugin images path to: C:\Users\rsoza\Documents\coding\c++\stm32\STM32CubeIDE_1.14.1\STM32CubeIDE\plugins\com.st.stm32cube.common.mx_6.10.0.202311202037\\db\/plugins/mcufinder/images/
2024-02-09 20:36:42,650 [WARN] DbFile:41 - Overriding database path with different value: C:\Users\rsoza\.stmcufinder\plugins\mcufinder/ => C:\Users\rsoza\.stmcufinder\plugins\mcufinder
2024-02-09 20:36:42,650 [INFO] ApiDb:250 - Set database path to: C:\Users\rsoza\.stmcufinder\plugins\mcufinder//mcu/
2024-02-09 20:36:42,650 [WARN] DbFile:41 - Overriding database path with different value: C:\Users\rsoza\.stmcufinder\plugins\mcufinder/ => C:\Users\rsoza\.stmcufinder\plugins\mcufinder
2024-02-09 20:36:42,650 [INFO] DbMcusAds:125 - Set database path to: C:\Users\rsoza\.stmcufinder\plugins\mcufinder//mcu/
2024-02-09 20:36:42,650 [WARN] DbFile:41 - Overriding database path with different value: C:\Users\rsoza\.stmcufinder\plugins\mcufinder/ => C:\Users\rsoza\.stmcufinder\plugins\mcufinder
2024-02-09 20:36:42,650 [WARN] DbFile:41 - Overriding database path with different value: C:\Users\rsoza\.stmcufinder\plugins\mcufinder/ => C:\Users\rsoza\.stmcufinder\plugins\mcufinder
2024-02-09 20:36:42,650 [INFO] CrossReferenceDbSqlite:203 - Set database path to: C:\Users\rsoza\.stmcufinder\plugins\mcufinder//mcu/cs/
2024-02-09 20:36:42,676 [INFO] ApplicationProperties:184 - Using Application install path: C:\Users\rsoza\Documents\coding\c++\stm32\STM32CubeIDE_1.14.1\STM32CubeIDE\plugins\com.st.stm32cube.common.mx_6.10.0.202311202037
2024-02-09 20:36:42,678 [INFO] PluginManage:196 - Search for loadable plugins [exclusion list=, ]
2024-02-09 20:36:42,680 [INFO] PluginManage:310 - Check plugin analytics
2024-02-09 20:36:42,826 [INFO] AnalyticsPlugin:253 - Accepted Software Licenses: 
2024-02-09 20:36:42,827 [INFO] AnalyticsPlugin:255 - Accepted CMSIS Pack Licenses: 
2024-02-09 20:36:42,827 [INFO] AnalyticsPlugin:257 - Accepted Firmware Licenses: 
2024-02-09 20:36:42,829 [INFO] PluginManage:359 - Loaded plugin analytics (category:tool,tabindex:-1)
2024-02-09 20:36:42,829 [INFO] PluginManage:310 - Check plugin cadmodel
2024-02-09 20:36:42,833 [INFO] CADModel:105 - Init CAD model plugin
2024-02-09 20:36:42,833 [INFO] PluginManage:359 - Loaded plugin cadmodel (category:power,tabindex:5)
2024-02-09 20:36:42,833 [INFO] PluginManage:310 - Check plugin clock
2024-02-09 20:36:42,843 [INFO] PluginManage:359 - Loaded plugin clock (category:base,tabindex:2)
2024-02-09 20:36:42,843 [INFO] PluginManage:310 - Check plugin ddr
2024-02-09 20:36:42,846 [INFO] PluginManage:359 - Loaded plugin ddr (category:tool,tabindex:6)
2024-02-09 20:36:42,846 [INFO] PluginManage:310 - Check plugin filemanager
2024-02-09 20:36:42,975 [INFO] PluginManage:359 - Loaded plugin filemanager (category:base,tabindex:10)
2024-02-09 20:36:42,975 [INFO] PluginManage:310 - Check plugin ipmanager
2024-02-09 20:36:42,984 [INFO] PluginManage:359 - Loaded plugin ipmanager (category:base,tabindex:5)
2024-02-09 20:36:42,984 [INFO] PluginManage:310 - Check plugin lpbam
2024-02-09 20:36:42,995 [INFO] PluginManage:359 - Loaded plugin lpbam (category:base,tabindex:0)
2024-02-09 20:36:42,995 [INFO] PluginManage:310 - Check plugin memorymap
2024-02-09 20:36:43,016 [INFO] PluginManage:359 - Loaded plugin memorymap (category:base,tabindex:4)
2024-02-09 20:36:43,016 [INFO] PluginManage:310 - Check plugin pinoutandconfiguration
2024-02-09 20:36:43,025 [INFO] PluginManage:359 - Loaded plugin pinoutandconfiguration (category:base,tabindex:1)
2024-02-09 20:36:43,025 [INFO] PluginManage:310 - Check plugin pinoutconfig
2024-02-09 20:36:43,099 [WARN] SupportedApi:132 - Cannot load RTOS API schema: s4s-elt-must-match.1: The content of 'definitions' must match (annotation?, (simpleType | complexType)?, (unique | key | keyref)*)). A problem was found starting at: attribute.
2024-02-09 20:36:43,198 [INFO] PluginManage:359 - Loaded plugin pinoutconfig (category:base,tabindex:0)
2024-02-09 20:36:43,198 [INFO] PluginManage:310 - Check plugin power
2024-02-09 20:36:43,206 [INFO] PluginManage:359 - Loaded plugin power (category:power,tabindex:4)
2024-02-09 20:36:43,206 [INFO] PluginManage:310 - Check plugin projectmanager
2024-02-09 20:36:43,222 [INFO] PluginManage:359 - Loaded plugin projectmanager (category:projectmanager,tabindex:3)
2024-02-09 20:36:43,223 [INFO] PluginManage:310 - Check plugin thirdparty
2024-02-09 20:36:43,336 [INFO] PluginManage:359 - Loaded plugin thirdparty (category:base,tabindex:-1)
2024-02-09 20:36:43,336 [WARN] IntegrityCheckThread:84 - waiting for thirdparty lock release [integrity check]
2024-02-09 20:36:43,336 [INFO] PluginManage:310 - Check plugin tools
2024-02-09 20:36:43,336 [INFO] IntegrityCheckThread:86 - entering critical section [integrity check]
2024-02-09 20:36:43,337 [INFO] ThirdPartyUpdaterWithRetryManager:70 - Updater plugin not ready yet. [1/15]
2024-02-09 20:36:43,339 [INFO] PluginManage:359 - Loaded plugin tools (category:base,tabindex:7)
2024-02-09 20:36:43,340 [INFO] PluginManage:310 - Check plugin tutovideos
2024-02-09 20:36:43,500 [INFO] PluginManage:359 - Loaded plugin tutovideos (category:base,tabindex:-1)
2024-02-09 20:36:43,500 [INFO] PluginManage:310 - Check plugin updater
2024-02-09 20:36:43,510 [INFO] PluginManage:359 - Loaded plugin updater (category:base,tabindex:12)
2024-02-09 20:36:43,511 [INFO] PluginManage:310 - Check plugin userauth
2024-02-09 20:36:43,515 [INFO] UserAuth:114 - Init User Auth plugin
2024-02-09 20:36:43,515 [INFO] PluginManage:359 - Loaded plugin userauth (category:base,tabindex:14)
2024-02-09 20:36:43,515 [INFO] PluginManage:283 - PluginManage : Loaded plugins [17]
2024-02-09 20:36:43,696 [INFO] PinOutPanel:1499 - setPackage(No Configuration,No Configuration)
2024-02-09 20:36:43,763 [INFO] CADModel:165 - CPN selected for project level
2024-02-09 20:36:43,763 [INFO] CADModel:114 - Register for checkConnection events
2024-02-09 20:36:43,779 [INFO] IPUIPlugin:80 - create IPUIPlugin
2024-02-09 20:36:43,780 [INFO] PluginManager:220 - loadIPPluginJar : add adc
2024-02-09 20:36:43,782 [INFO] IPUIPlugin:80 - create IPUIPlugin
2024-02-09 20:36:43,782 [INFO] PluginManager:220 - loadIPPluginJar : add aes
2024-02-09 20:36:43,784 [INFO] IPUIPlugin:80 - create IPUIPlugin
2024-02-09 20:36:43,784 [INFO] PluginManager:220 - loadIPPluginJar : add can
2024-02-09 20:36:43,785 [INFO] IPUIPlugin:80 - create IPUIPlugin
2024-02-09 20:36:43,785 [INFO] PluginManager:220 - loadIPPluginJar : add comp
2024-02-09 20:36:43,788 [INFO] IPUIPlugin:80 - create IPUIPlugin
2024-02-09 20:36:43,788 [INFO] PluginManager:220 - loadIPPluginJar : add cryp
2024-02-09 20:36:43,791 [INFO] IPUIPlugin:80 - create IPUIPlugin
2024-02-09 20:36:43,791 [INFO] PluginManager:220 - loadIPPluginJar : add dfsdm
2024-02-09 20:36:43,797 [INFO] IPUIPlugin:80 - create IPUIPlugin
2024-02-09 20:36:43,797 [INFO] PluginManager:220 - loadIPPluginJar : add dma
2024-02-09 20:36:43,799 [INFO] IPUIPlugin:80 - create IPUIPlugin
2024-02-09 20:36:43,799 [INFO] PluginManager:220 - loadIPPluginJar : add dma3
2024-02-09 20:36:43,801 [INFO] IPUIPlugin:80 - create IPUIPlugin
2024-02-09 20:36:43,801 [INFO] PluginManager:220 - loadIPPluginJar : add fatfs
2024-02-09 20:36:43,807 [INFO] IPUIPlugin:80 - create IPUIPlugin
2024-02-09 20:36:43,807 [INFO] PluginManager:220 - loadIPPluginJar : add fmc
2024-02-09 20:36:43,812 [INFO] IPUIPlugin:80 - create IPUIPlugin
2024-02-09 20:36:43,812 [INFO] PluginManager:220 - loadIPPluginJar : add freertos
2024-02-09 20:36:43,814 [INFO] IPUIPlugin:80 - create IPUIPlugin
2024-02-09 20:36:43,814 [INFO] PluginManager:220 - loadIPPluginJar : add genericplugin
2024-02-09 20:36:43,815 [INFO] IPUIPlugin:80 - create IPUIPlugin
2024-02-09 20:36:43,816 [INFO] PluginManager:220 - loadIPPluginJar : add gfxmmu
2024-02-09 20:36:43,819 [INFO] IPUIPlugin:80 - create IPUIPlugin
2024-02-09 20:36:43,819 [INFO] PluginManager:220 - loadIPPluginJar : add gic
2024-02-09 20:36:43,823 [INFO] IPUIPlugin:80 - create IPUIPlugin
2024-02-09 20:36:43,823 [INFO] PluginManager:220 - loadIPPluginJar : add gpio
2024-02-09 20:36:43,826 [INFO] IPUIPlugin:80 - create IPUIPlugin
2024-02-09 20:36:43,826 [INFO] PluginManager:220 - loadIPPluginJar : add gtzc
2024-02-09 20:36:43,828 [INFO] IPUIPlugin:80 - create IPUIPlugin
2024-02-09 20:36:43,828 [INFO] PluginManager:220 - loadIPPluginJar : add hash
2024-02-09 20:36:43,830 [INFO] IPUIPlugin:80 - create IPUIPlugin
2024-02-09 20:36:43,830 [INFO] PluginManager:220 - loadIPPluginJar : add i2c
2024-02-09 20:36:43,831 [INFO] IPUIPlugin:80 - create IPUIPlugin
2024-02-09 20:36:43,832 [INFO] PluginManager:220 - loadIPPluginJar : add i2s
2024-02-09 20:36:43,833 [INFO] IPUIPlugin:80 - create IPUIPlugin
2024-02-09 20:36:43,833 [INFO] PluginManager:220 - loadIPPluginJar : add i3c
2024-02-09 20:36:43,836 [INFO] IPUIPlugin:80 - create IPUIPlugin
2024-02-09 20:36:43,836 [INFO] PluginManager:220 - loadIPPluginJar : add ipddr
2024-02-09 20:36:43,843 [INFO] IPUIPlugin:80 - create IPUIPlugin
2024-02-09 20:36:43,843 [INFO] PluginManager:220 - loadIPPluginJar : add linkedlist
2024-02-09 20:36:43,845 [INFO] IPUIPlugin:80 - create IPUIPlugin
2024-02-09 20:36:43,846 [INFO] PluginManager:220 - loadIPPluginJar : add lorawan
2024-02-09 20:36:43,847 [INFO] IPUIPlugin:80 - create IPUIPlugin
2024-02-09 20:36:43,847 [INFO] PluginManager:220 - loadIPPluginJar : add ltdc
2024-02-09 20:36:43,854 [INFO] IPUIPlugin:80 - create IPUIPlugin
2024-02-09 20:36:43,854 [INFO] PluginManager:220 - loadIPPluginJar : add mdma
2024-02-09 20:36:43,858 [INFO] IPUIPlugin:80 - create IPUIPlugin
2024-02-09 20:36:43,859 [INFO] PluginManager:220 - loadIPPluginJar : add nvic
2024-02-09 20:36:43,861 [INFO] IPUIPlugin:80 - create IPUIPlugin
2024-02-09 20:36:43,861 [INFO] PluginManager:220 - loadIPPluginJar : add opamp
2024-02-09 20:36:43,864 [INFO] IPUIPlugin:80 - create IPUIPlugin
2024-02-09 20:36:43,864 [INFO] PluginManager:220 - loadIPPluginJar : add openamp
2024-02-09 20:36:43,866 [INFO] IPUIPlugin:80 - create IPUIPlugin
2024-02-09 20:36:43,866 [INFO] PluginManager:220 - loadIPPluginJar : add pdm2pcm
2024-02-09 20:36:43,870 [INFO] IPUIPlugin:80 - create IPUIPlugin
2024-02-09 20:36:43,872 [INFO] PluginManager:220 - loadIPPluginJar : add plateformsettings
2024-02-09 20:36:43,874 [INFO] IPUIPlugin:80 - create IPUIPlugin
2024-02-09 20:36:43,874 [INFO] PluginManager:220 - loadIPPluginJar : add quadspi
2024-02-09 20:36:43,878 [INFO] IPUIPlugin:80 - create IPUIPlugin
2024-02-09 20:36:43,878 [INFO] PluginManager:220 - loadIPPluginJar : add resmgrutility
2024-02-09 20:36:43,880 [INFO] IPUIPlugin:80 - create IPUIPlugin
2024-02-09 20:36:43,880 [INFO] PluginManager:220 - loadIPPluginJar : add sai
2024-02-09 20:36:43,882 [INFO] IPUIPlugin:80 - create IPUIPlugin
2024-02-09 20:36:43,882 [INFO] PluginManager:220 - loadIPPluginJar : add spi
2024-02-09 20:36:43,886 [INFO] IPUIPlugin:80 - create IPUIPlugin
2024-02-09 20:36:43,886 [INFO] PluginManager:220 - loadIPPluginJar : add stm32_wpan
2024-02-09 20:36:43,888 [INFO] IPUIPlugin:80 - create IPUIPlugin
2024-02-09 20:36:43,888 [INFO] PluginManager:220 - loadIPPluginJar : add tim
2024-02-09 20:36:43,892 [INFO] IPUIPlugin:80 - create IPUIPlugin
2024-02-09 20:36:43,893 [INFO] PluginManager:220 - loadIPPluginJar : add touchsensing
2024-02-09 20:36:43,895 [INFO] IPUIPlugin:80 - create IPUIPlugin
2024-02-09 20:36:43,895 [INFO] PluginManager:220 - loadIPPluginJar : add tracer_emb
2024-02-09 20:36:43,897 [INFO] IPUIPlugin:80 - create IPUIPlugin
2024-02-09 20:36:43,897 [INFO] PluginManager:220 - loadIPPluginJar : add ts
2024-02-09 20:36:43,898 [INFO] IPUIPlugin:80 - create IPUIPlugin
2024-02-09 20:36:43,898 [INFO] PluginManager:220 - loadIPPluginJar : add tsc
2024-02-09 20:36:43,900 [INFO] IPUIPlugin:80 - create IPUIPlugin
2024-02-09 20:36:43,900 [INFO] PluginManager:220 - loadIPPluginJar : add ucpd
2024-02-09 20:36:43,903 [INFO] IPUIPlugin:80 - create IPUIPlugin
2024-02-09 20:36:43,903 [INFO] PluginManager:220 - loadIPPluginJar : add usart
2024-02-09 20:36:43,907 [INFO] IPUIPlugin:80 - create IPUIPlugin
2024-02-09 20:36:43,907 [INFO] PluginManager:220 - loadIPPluginJar : add usbx
2024-02-09 20:36:44,030 [INFO] CADModel:165 - CPN selected for project level
2024-02-09 20:36:44,030 [INFO] CADModel:114 - Register for checkConnection events
2024-02-09 20:36:44,030 [FATAL] Updater:308 - Updater called before beeing initialized
2024-02-09 20:36:44,030 [ERROR] CADModel:125 - Updater not yet initialized, retry later 
2024-02-09 20:36:44,143 [INFO] CADModel:165 - CPN selected for project level
2024-02-09 20:36:44,143 [INFO] CADModel:114 - Register for checkConnection events
2024-02-09 20:36:44,143 [FATAL] Updater:308 - Updater called before beeing initialized
2024-02-09 20:36:44,143 [ERROR] CADModel:125 - Updater not yet initialized, retry later 
2024-02-09 20:36:44,146 [FATAL] Updater:308 - Updater called before beeing initialized
2024-02-09 20:36:44,237 [FATAL] Updater:308 - Updater called before beeing initialized
2024-02-09 20:36:44,241 [INFO] DbMcusAds:53 - JSON generation date=Thu Sep 30 01:55:09 CDT 2021 (1632984909247)
2024-02-09 20:36:44,242 [FATAL] Updater:308 - Updater called before beeing initialized
2024-02-09 20:36:44,284 [WARN] DetailPanel:346 - Failed to get advertising image, set to default
2024-02-09 20:36:44,365 [FATAL] Updater:308 - Updater called before beeing initialized
2024-02-09 20:36:44,366 [FATAL] Updater:308 - Updater called before beeing initialized
2024-02-09 20:36:44,367 [FATAL] Updater:308 - Updater called before beeing initialized
2024-02-09 20:36:44,367 [WARN] DetailPanel:346 - Failed to get advertising image, set to default
2024-02-09 20:36:44,367 [FATAL] Updater:308 - Updater called before beeing initialized
2024-02-09 20:36:44,410 [ERROR] Updater:1120 - MainUpdater not yet initialized. External WinMGr cannot be set.
2024-02-09 20:36:44,412 [INFO] Updater:1056 - Updater Version found : 6.10.0
2024-02-09 20:36:44,429 [INFO] ApplicationProperties:184 - Using Application install path: C:\Users\rsoza\Documents\coding\c++\stm32\STM32CubeIDE_1.14.1\STM32CubeIDE\plugins\com.st.stm32cube.common.mx_6.10.0.202311202037
2024-02-09 20:36:46,028 [ERROR] LogOutputStream:75 - [STDERR_REDIRECT] Feb 09, 2024 8:36:46 PM java.util.prefs.WindowsPreferences <init>
2024-02-09 20:36:46,030 [ERROR] LogOutputStream:75 - [STDERR_REDIRECT] WARNING: Could not open/create prefs root node Software\JavaSoft\Prefs at root 0xffffffff80000002. Windows RegCreateKeyEx(...) returned error code 5.
2024-02-09 20:36:46,031 [ERROR] LogOutputStream:75 - [STDERR_REDIRECT] 
2024-02-09 20:36:46,351 [INFO] ThirdPartyUpdaterWithRetryManager:70 - Updater plugin not ready yet. [2/15]
2024-02-09 20:36:47,751 [INFO] MainUpdater:2873 - connection check result : 10
2024-02-09 20:36:47,752 [INFO] MainUpdater:290 - Updater Check For Update Now.
2024-02-09 20:36:47,752 [INFO] MicroXplorer:498 - Change Database Version : DB.6.0.100
2024-02-09 20:36:47,788 [INFO] McuFinderGlobals:63 - Set McuFinder mode to 2 (CubeIDE integrated)
2024-02-09 20:36:47,788 [INFO] UserAuth:180 - activating auth plugin
2024-02-09 20:36:47,792 [INFO] UserAuth:404 - Internet connection configuration mode: 1
2024-02-09 20:36:47,820 [INFO] JxBrowserEngine:152 - Initiate JxBrowser Engine with user profile folder
2024-02-09 20:36:47,941 [INFO] CheckServerUpdateThread:120 - End of CheckServer Thread
2024-02-09 20:36:48,679 [INFO] WebApp:161 - Instantiating new browser for Auth
2024-02-09 20:36:49,233 [INFO] WebApp:780 - Register for checkConnection events
2024-02-09 20:36:49,233 [INFO] WebApp:414 - Apply proxy settings
2024-02-09 20:36:49,233 [INFO] WebApp:499 - Chromium requires no authentication
2024-02-09 20:36:49,239 [INFO] WebApp:442 - Direct internet connection detected
2024-02-09 20:36:49,357 [INFO] WebApp:192 - Starting web application
2024-02-09 20:36:49,357 [INFO] WebApp:544 - Web application path used C:\Users\rsoza\Documents\coding\c++\stm32\STM32CubeIDE_1.14.1\STM32CubeIDE\plugins\com.st.stm32cube.common.mx_6.10.0.202311202037\db\plugins\mcufinder\reactClient1\index.html
2024-02-09 20:36:49,541 [WARN] PackLoader:240 - Cannot read IP mode file for STMicroelectronics.X-CUBE-SMBUS.2.1.0
2024-02-09 20:36:49,547 [WARN] PackLoader:240 - Cannot read IP mode file for STMicroelectronics.X-CUBE-TOUCHGFX.4.23.0
2024-02-09 20:36:49,573 [WARN] PackLoader:240 - Cannot read IP mode file for STMicroelectronics.X-CUBE-AZRTOS-F7.1.1.0
2024-02-09 20:36:49,585 [WARN] PackLoader:240 - Cannot read IP mode file for STMicroelectronics.FP-SNS-MOTENV1.4.3.2
2024-02-09 20:36:49,592 [WARN] PackLoader:240 - Cannot read IP mode file for STMicroelectronics.FP-SNS-FLIGHT1.5.0.2
2024-02-09 20:36:49,600 [WARN] PackLoader:240 - Cannot read IP mode file for STMicroelectronics.X-CUBE-DISPLAY.3.0.0
2024-02-09 20:36:49,617 [WARN] PackLoader:240 - Cannot read IP mode file for STMicroelectronics.X-CUBE-BLE1.7.0.0
2024-02-09 20:36:49,623 [WARN] PackLoader:240 - Cannot read IP mode file for emotas.I-CUBE-CANOPEN.1.3.0
2024-02-09 20:36:49,627 [WARN] PackLoader:240 - Cannot read IP mode file for STMicroelectronics.FP-SNS-SMARTAG2.1.2.0
2024-02-09 20:36:49,639 [INFO] LogOutputStream:77 - [STDOUT_REDIRECT] 1 : Invalid condition id : UX_CORESTACK_Condition cause : null
2024-02-09 20:36:49,639 [INFO] LogOutputStream:77 - [STDOUT_REDIRECT] 1 : Invalid condition id : UX_CORESTACK_Condition cause : null
2024-02-09 20:36:49,640 [INFO] LogOutputStream:77 - [STDOUT_REDIRECT] 1 : Invalid condition id : UX_CORESTACK_Condition cause : null
2024-02-09 20:36:49,641 [INFO] LogOutputStream:77 - [STDOUT_REDIRECT] 1 : Invalid condition id : UX_CORESTACK_Condition cause : null
2024-02-09 20:36:49,643 [INFO] LogOutputStream:77 - [STDOUT_REDIRECT] 1 : Invalid condition id : UX_CORESTACK_Condition cause : null
2024-02-09 20:36:49,646 [WARN] PackLoader:240 - Cannot read IP mode file for STMicroelectronics.X-CUBE-AZRTOS-WL.2.0.0
2024-02-09 20:36:49,658 [WARN] PackLoader:240 - Cannot read IP mode file for WES.I-CUBE-Cesium.1.3.0
2024-02-09 20:36:49,662 [WARN] PackLoader:240 - Cannot read IP mode file for STMicroelectronics.X-CUBE-BLE2.3.3.0
2024-02-09 20:36:49,668 [WARN] PackLoader:240 - Cannot read IP mode file for STMicroelectronics.X-CUBE-ALGOBUILD.1.3.0
2024-02-09 20:36:49,684 [WARN] PackLoader:240 - Cannot read IP mode file for STMicroelectronics.X-CUBE-AZRTOS-G0.1.1.0
2024-02-09 20:36:49,691 [WARN] PackLoader:240 - Cannot read IP mode file for STMicroelectronics.X-CUBE-NFC4.3.0.0
2024-02-09 20:36:49,701 [WARN] PackLoader:240 - Cannot read IP mode file for STMicroelectronics.X-CUBE-BLEMGR.3.0.0
2024-02-09 20:36:49,709 [WARN] PackLoader:240 - Cannot read IP mode file for STMicroelectronics.FP-ATR-SIGFOX1.3.2.0
2024-02-09 20:36:49,714 [WARN] PackLoader:240 - Cannot read IP mode file for STMicroelectronics.X-CUBE-EEPRMA1.5.1.0
2024-02-09 20:36:49,751 [WARN] PackLoader:240 - Cannot read IP mode file for SEGGER.I-CUBE-embOS.1.3.1
2024-02-09 20:36:49,788 [WARN] PackLoader:240 - Cannot read IP mode file for STMicroelectronics.X-CUBE-GNSS1.6.0.0
2024-02-09 20:36:49,803 [WARN] PackLoader:240 - Cannot read IP mode file for STMicroelectronics.X-CUBE-AZRTOS-F4.1.1.0
2024-02-09 20:36:49,810 [WARN] PackLoader:240 - Cannot read IP mode file for wolfSSL.I-CUBE-wolfSSL.5.6.6
2024-02-09 20:36:49,824 [WARN] PackLoader:240 - Cannot read IP mode file for STMicroelectronics.X-CUBE-AZRTOS-L5.2.0.0
2024-02-09 20:36:49,831 [WARN] PackLoader:240 - Cannot read IP mode file for ITTIA_DB.I-CUBE-ITTIADB.8.8.0
2024-02-09 20:36:49,836 [WARN] PackLoader:240 - Cannot read IP mode file for STMicroelectronics.X-CUBE-NFC7.1.0.1
2024-02-09 20:36:49,842 [WARN] PackLoader:240 - Cannot read IP mode file for STMicroelectronics.X-CUBE-NFC6.3.0.0
2024-02-09 20:36:49,848 [WARN] PackLoader:240 - Cannot read IP mode file for STMicroelectronics.X-CUBE-AI.8.1.0
2024-02-09 20:36:49,863 [WARN] ConditionMgr:438 - getConditionDescription Invalid condition id : LAN8742 Phy interface Condition cause : null
2024-02-09 20:36:49,863 [WARN] PackLoader:240 - Cannot read IP mode file for STMicroelectronics.X-CUBE-AZRTOS-L4.2.0.0
2024-02-09 20:36:49,864 [WARN] ConditionMgr:1039 - genDependencies : Invalid condition id : LAN8742 Phy interface Condition cause : null
2024-02-09 20:36:49,864 [WARN] ConditionMgr:1039 - genDependencies : Invalid condition id : LAN8742 Phy interface Condition cause : null
2024-02-09 20:36:49,865 [WARN] ConditionMgr:1039 - genDependencies : Invalid condition id : LAN8742 Phy interface Condition cause : null
2024-02-09 20:36:49,873 [WARN] PackLoader:240 - Cannot read IP mode file for STMicroelectronics.X-CUBE-SFXS2LP1.4.0.0
2024-02-09 20:36:49,885 [WARN] ConditionMgr:438 - getConditionDescription Invalid condition id : UX DEVICE CLASS RTOS Condition cause : null
2024-02-09 20:36:49,886 [WARN] ConditionMgr:438 - getConditionDescription Invalid condition id : UX DEVICE CLASS RTOS Condition cause : null
2024-02-09 20:36:49,887 [WARN] PackLoader:240 - Cannot read IP mode file for STMicroelectronics.X-CUBE-AZRTOS-WB.2.0.0
2024-02-09 20:36:49,888 [WARN] ConditionMgr:1039 - genDependencies : Invalid condition id : UX DEVICE CLASS RTOS Condition cause : null
2024-02-09 20:36:49,888 [WARN] ConditionMgr:1039 - genDependencies : Invalid condition id : UX DEVICE CLASS RTOS Condition cause : null
2024-02-09 20:36:49,888 [WARN] ConditionMgr:1039 - genDependencies : Invalid condition id : UX DEVICE CLASS RTOS Condition cause : null
2024-02-09 20:36:49,888 [WARN] ConditionMgr:1039 - genDependencies : Invalid condition id : UX DEVICE CLASS RTOS Condition cause : null
2024-02-09 20:36:49,889 [WARN] ConditionMgr:1039 - genDependencies : Invalid condition id : UX DEVICE CLASS RTOS Condition cause : null
2024-02-09 20:36:49,897 [WARN] PackLoader:240 - Cannot read IP mode file for STMicroelectronics.X-CUBE-SUBG2.5.0.0
2024-02-09 20:36:49,913 [WARN] PackLoader:240 - Cannot read IP mode file for STMicroelectronics.X-CUBE-AZRTOS-G4.2.0.0
2024-02-09 20:36:49,923 [WARN] PackLoader:240 - Cannot read IP mode file for Infineon.AIROC-Wi-Fi-Bluetooth-STM32.1.5.1
2024-02-09 20:36:49,931 [WARN] PackLoader:240 - Cannot read IP mode file for STMicroelectronics.FP-SNS-MOTENVWB1.1.3.1
2024-02-09 20:36:49,935 [WARN] PackLoader:240 - Cannot read IP mode file for STMicroelectronics.X-CUBE-ISPU.2.0.0
2024-02-09 20:36:49,968 [WARN] PackLoader:240 - Cannot read IP mode file for STMicroelectronics.X-CUBE-MEMS1.10.0.0
2024-02-09 20:36:50,077 [WARN] PackLoader:240 - Cannot read IP mode file for STMicroelectronics.X-CUBE-FREERTOS.1.1.0
2024-02-09 20:36:50,083 [WARN] PackLoader:240 - Cannot read IP mode file for portGmbH.I-Cube-SoM-uGOAL.1.1.0
2024-02-09 20:36:50,088 [WARN] PackLoader:240 - Cannot read IP mode file for STMicroelectronics.X-CUBE-ALS.1.0.1
2024-02-09 20:36:50,093 [WARN] PackLoader:240 - Cannot read IP mode file for STMicroelectronics.FP-ATR-ASTRA1.2.0.0
2024-02-09 20:36:50,102 [WARN] PackLoader:240 - Cannot read IP mode file for STMicroelectronics.X-CUBE-TOF1.3.4.0
2024-02-09 20:36:50,126 [WARN] PackLoader:240 - Cannot read IP mode file for STMicroelectronics.X-CUBE-AZRTOS-H7.3.2.0
2024-02-09 20:36:50,129 [INFO] ThirdParty:978 - Integrity check success = true
2024-02-09 20:36:50,129 [INFO] IntegrityCheckThread:100 - exiting critical section [integrity check]
2024-02-09 20:36:50,129 [INFO] IntegrityCheckThread:103 - End integrity checks thread
2024-02-09 20:37:10,008 [ERROR] LogOutputStream:75 - [STDERR_REDIRECT] SLF4J: Failed to load class "org.slf4j.impl.StaticLoggerBinder".
2024-02-09 20:37:10,009 [ERROR] LogOutputStream:75 - [STDERR_REDIRECT] SLF4J: Defaulting to no-operation (NOP) logger implementation
2024-02-09 20:37:10,011 [ERROR] LogOutputStream:75 - [STDERR_REDIRECT] SLF4J: See http://www.slf4j.org/codes.html#StaticLoggerBinder for further details.
2024-02-09 20:41:32,184 [INFO] McuFinderGlobals:63 - Set McuFinder mode to 2 (CubeIDE integrated)
2024-02-09 20:41:32,187 [INFO] MainUpdater:2873 - connection check result : 10
2024-02-09 20:41:32,189 [INFO] McuFinderGlobals:76 - Set McuFinderConnectedMode to true
2024-02-09 20:41:32,866 [INFO] ServerAccessManage:473 - Download File mcusAds.json._tmp_
2024-02-09 20:41:32,984 [INFO] LoadUrlFilesThread:156 - End of LoadUrlFiles Thread
2024-02-09 20:41:34,462 [INFO] ServerAccessManage:473 - Download File cube-finder-db.zip
2024-02-09 20:43:26,024 [INFO] FileExtend:240 - Unzip File : cube-finder-db.zip
2024-02-09 20:43:26,024 [INFO] FileExtend:255 - Standard Zip Deflate
2024-02-09 20:43:26,665 [INFO] LoadUrlFilesThread:156 - End of LoadUrlFiles Thread
2024-02-09 20:43:27,601 [INFO] ServerAccessManage:473 - Download File crdb.zip
2024-02-09 20:43:29,674 [INFO] FileExtend:240 - Unzip File : crdb.zip
2024-02-09 20:43:29,674 [INFO] FileExtend:255 - Standard Zip Deflate
2024-02-09 20:43:29,794 [INFO] LoadUrlFilesThread:156 - End of LoadUrlFiles Thread
2024-02-09 20:43:30,920 [INFO] ServerAccessManage:473 - Download File tutoVideoDB.zip
2024-02-09 20:43:31,162 [INFO] FileExtend:240 - Unzip File : tutoVideoDB.zip
2024-02-09 20:43:31,162 [INFO] FileExtend:255 - Standard Zip Deflate
2024-02-09 20:43:31,269 [INFO] LoadUrlFilesThread:156 - End of LoadUrlFiles Thread
2024-02-09 20:43:31,271 [WARN] DbFile:41 - Overriding database path with different value: C:\Users\rsoza\.stmcufinder\plugins\mcufinder/ => C:\Users\rsoza\.stmcufinder\plugins\mcufinder
2024-02-09 20:43:32,020 [INFO] ServerAccessManage:473 - Download File api_config.json
2024-02-09 20:43:32,129 [INFO] LoadUrlFilesThread:156 - End of LoadUrlFiles Thread
2024-02-09 20:43:32,129 [INFO] DbMcusAds:53 - JSON generation date=Wed Nov 29 04:52:27 CST 2023 (1701255147200)
2024-02-09 20:43:32,556 [INFO] ServerAccessManage:473 - Download File 
2024-02-09 20:43:32,777 [INFO] LoadUrlFilesThread:185 - End of LoadServerUrlFiles without Thread
2024-02-09 20:43:32,778 [INFO] TargetSelectorAdapter:259 - Refresh data is successful
2024-02-09 20:43:33,665 [INFO] ApiDb:581 - Connected to CubeFinder SQLite database (C:\Users\rsoza\.stmcufinder\plugins\mcufinder\mcu\cube-finder-db.db)
2024-02-09 20:43:33,704 [INFO] ApiDb:668 - CubeFinder database Data Model version=2.1
2024-02-09 20:43:33,704 [INFO] ApiDb:669 - CubeFinder database Configuration version=3.0.39
2024-02-09 20:43:33,704 [INFO] ApiDb:670 - CubeFinder database generation date=2024-01-11 (1704964531)
2024-02-09 20:43:33,704 [INFO] ApiDb:671 - CubeFinder database FW Pack versions=[FP-ATR-ASTRA1_V2.0.0, FP-SNS-FLIGHT1_V5.0.1, FP-SNS-FLIGHT1_V5.0.2, FP-SNS-MOTENV1_V4.3.1, FP-SNS-MOTENV1_V4.3.2, FP-SNS-MOTENVWB1_V1.3.1, FP-SNS-SMARTAG2_V1.2.0, STM32Cube_FW_C0_V1.1.0, STM32Cube_FW_F4_V1.28.0, STM32Cube_FW_F7_V1.17.0, STM32Cube_FW_G0_V1.6.2, STM32Cube_FW_G4_V1.5.2, STM32Cube_FW_H5_V0.5.1, STM32Cube_FW_H5_V1.1.1, STM32Cube_FW_H5_V1.2.0RC2, STM32Cube_FW_H7_V1.11.0, STM32Cube_FW_L0_V1.12.2, STM32Cube_FW_L5_V1.5.0, STM32Cube_FW_U5_V1.3.0RC4, STM32Cube_FW_U5_V1.4.0, STM32Cube_FW_WBA_V1.0.0RC1, STM32Cube_FW_WBA_V1.1.0RC1, STM32Cube_FW_WBA_V1.2.0, STM32Cube_FW_WBA_V1.2.0RC2, STM32Cube_FW_WB_V1.15.0RC1, STM32Cube_FW_WB_V1.16.0, STM32Cube_FW_WB_V1.16.0RC2, STM32Cube_FW_WB_V1.18.0, STM32Cube_FW_WL_V1.3.0, X-CUBE-ALGOBUILD_V1.3.0, X-CUBE-ALS_V1.0.1, X-CUBE-AZRTOS-F4_V1.1.0, X-CUBE-AZRTOS-F7_V1.1.0, X-CUBE-AZRTOS-G0_V1.1.0, X-CUBE-AZRTOS-G4_V2.0.0, X-CUBE-AZRTOS-H7_V3.2.0, X-CUBE-AZRTOS-L4_V1.0.0, X-CUBE-AZRTOS-L4_V2.0.0, X-CUBE-AZRTOS-L5_V1.1.0, X-CUBE-AZRTOS-WB_V2.0.0, X-CUBE-AZRTOS-WL_V2.0.0, X-CUBE-BLE1_V7.0.0, X-CUBE-BLE2_V3.3.0, X-CUBE-BLEMGR_V3.0.0, X-CUBE-EEPRMA1_V4.1.0, X-CUBE-EEPRMA1_V4.2.0, X-CUBE-FREERTOS_V1.1.0, X-CUBE-GNSS1_V6.0.0, X-CUBE-MEMS1_V10.0.0, X-CUBE-MEMS1_V9.1.0, X-CUBE-MEMS1_V9.4.0, X-CUBE-MEMS1_V9.6.0, X-CUBE-NFC4_V3.0.0, X-CUBE-NFC7_V1.0.1, X-CUBE-SFXS2LP1_V4.0.0, X-CUBE-SUBG2_V5.0.0, X-CUBE-TOF1_V3.4.0]
2024-02-09 20:43:34,890 [INFO] ApiDb:240 - Found 371 in-development CPN: [B-G473E-ZEST1S, B-WB1M-WPAN1, B-WL5M-SUBG1, NUCLEO-C031C6, NUCLEO-H503RB, NUCLEO-H563ZI, NUCLEO-U545RE-Q, NUCLEO-U5A5ZJ-Q, NUCLEO-WBA52CG, NUCLEO-WBA55CG, STEVAL-MKBOXPRO, STEVAL-PROTEUS1, STEVAL-STWINBX1, STM320518-EVAL, STM32C0116-DK, STM32C011D6Y3TR, STM32C011D6Y6TR, STM32C011F4P3, STM32C011F4P6, STM32C011F4U3, STM32C011F4U6TR, STM32C011F6P3, STM32C011F6P6, STM32C011F6U3, STM32C011F6U6TR, STM32C011J4M3, STM32C011J4M6, STM32C011J6M3, STM32C011J6M6, STM32C0316-DK, STM32C031C4T3, STM32C031C4T6, STM32C031C4U3, STM32C031C4U6, STM32C031C6T3, STM32C031C6T6, STM32C031C6U3, STM32C031C6U6, STM32C031F4P3, STM32C031F4P6, STM32C031F6P3, STM32C031F6P6, STM32C031G4U3, STM32C031G4U6, STM32C031G6U3, STM32C031G6U6, STM32C031K4T3, STM32C031K4T6, STM32C031K4U3, STM32C031K4U6, STM32C031K6T3, STM32C031K6T6, STM32C031K6U3, STM32C031K6U6, STM32G071K8TXN, STM32G071K8UXN, STM32G081GBU6N, STM32G081KBT6N, STM32G081KBUXN, STM32G0B1CCT6N, STM32G0B1KCT6, STM32G0B1NEY6TR, STM32G0B1RCT6N, STM32G0C1CCT6, STM32G0C1CCT6N, STM32G0C1CCU6N, STM32G0C1CET6N, STM32G0C1CEU6N, STM32G0C1KCT6, STM32G0C1NEY6TR, STM32G0C1RCI6N, STM32G0C1RCT6N, STM32G0C1REI6N, STM32G0C1RET6N, STM32G0C1VCI6, STM32G0C1VEI6, STM32G471CCT6, STM32G471CCU6, STM32G471CET3, STM32G471CET6, STM32G471CEU3, STM32G471CEU6, STM32G471MCT6, STM32G471MET3, STM32G471MET6, STM32G471MEY6TR, STM32G471QCT6, STM32G471QET3, STM32G471RCT6, STM32G471RET3, STM32G471RET6, STM32G471VCH6, STM32G471VCI6, STM32G471VCT6, STM32G471VEH3, STM32G471VEH6, STM32G471VEI3, STM32G471VEI6, STM32G471VET3, STM32G471VET6, STM32G474CCT6, STM32H503CBT6, STM32H503CBU6, STM32H503EBY6TR, STM32H503KBU6, STM32H503RBT6, STM32H562AGI6, STM32H562AII6, STM32H562IGK6, STM32H562IGT6, STM32H562IIK6, STM32H562IIT6, STM32H562RGT6, STM32H562RGV6, STM32H562RIT6, STM32H562RIV6, STM32H562VGT6, STM32H562VIT6, STM32H562ZGT6, STM32H562ZIT6, STM32H563AGI6, STM32H563AII3Q, STM32H563AII6, STM32H563IGK6, STM32H563IGT6, STM32H563IIK3Q, STM32H563IIK6, STM32H563IIT3Q, STM32H563IIT6, STM32H563MIY3QTR, STM32H563RGT6, STM32H563RGV6, STM32H563RIT6, STM32H563RIV6, STM32H563VGT6, STM32H563VIT3Q, STM32H563VIT6, STM32H563ZGT6, STM32H563ZIT3Q, STM32H563ZIT6, STM32H573AII3Q, STM32H573AII6, STM32H573I-DK, STM32H573IIK3Q, STM32H573IIK6, STM32H573IIT3Q, STM32H573IIT6, STM32H573MIY3QTR, STM32H573RIT6, STM32H573RIV6, STM32H573VIT3Q, STM32H573VIT6, STM32H573ZIT3Q, STM32H573ZIT6, STM32L4R5QGI6STR, STM32MP131AAE3, STM32MP131AAF3, STM32MP131AAG3, STM32MP131CAE3, STM32MP131CAF3, STM32MP131CAG3, STM32MP131DAE7, STM32MP131DAF7, STM32MP131DAG7, STM32MP131FAE7, STM32MP131FAF7, STM32MP131FAG7, STM32MP133AAE3, STM32MP133AAF3, STM32MP133AAG3, STM32MP133CAE3, STM32MP133CAF3, STM32MP133CAG3, STM32MP133DAE7, STM32MP133DAF7, STM32MP133DAG7, STM32MP133FAE7, STM32MP133FAF7, STM32MP133FAG7, STM32MP135AAE3, STM32MP135AAF3, STM32MP135AAG3, STM32MP135CAE3, STM32MP135CAF3, STM32MP135CAG3, STM32MP135DAE7, STM32MP135DAF7, STM32MP135DAG7, STM32MP135F-DK, STM32MP135FAE7, STM32MP135FAF7, STM32MP135FAF7T, STM32MP135FAF7U, STM32MP135FAG7, STM32U535CBT6, STM32U535CBT6Q, STM32U535CBU6, STM32U535CBU6Q, STM32U535CCT6, STM32U535CCT6Q, STM32U535CCU6, STM32U535CCU6Q, STM32U535CET6, STM32U535CET6Q, STM32U535CEU6, STM32U535CEU6Q, STM32U535JEY6QTR, STM32U535NCY6QTR, STM32U535NEY6QTR, STM32U535RBI6, STM32U535RBI6Q, STM32U535RBT6, STM32U535RBT6Q, STM32U535RCI6, STM32U535RCI6Q, STM32U535RCT6, STM32U535RCT6Q, STM32U535REI6, STM32U535REI6Q, STM32U535RET6, STM32U535RET6Q, STM32U535VCI6, STM32U535VCI6Q, STM32U535VCT6, STM32U535VCT6Q, STM32U535VEI6, STM32U535VEI6Q, STM32U535VET6, STM32U535VET6Q, STM32U545CET6, STM32U545CET6Q, STM32U545CEU6, STM32U545CEU6Q, STM32U545JEY6QTR, STM32U545NEY6QTR, STM32U545REI6, STM32U545REI6Q, STM32U545RET6, STM32U545RET6Q, STM32U545VEI6, STM32U545VEI6Q, STM32U545VET6, STM32U545VET6Q, STM32U595AIH6, STM32U595AIH6Q, STM32U595AJH6, STM32U595AJH6Q, STM32U595QII6, STM32U595QII6Q, STM32U595QJI6, STM32U595QJI6Q, STM32U595RIT6, STM32U595RIT6Q, STM32U595RJT6, STM32U595RJT6Q, STM32U595VIT6, STM32U595VIT6Q, STM32U595VJT6, STM32U595VJT6Q, STM32U595ZIT6, STM32U595ZIT6Q, STM32U595ZIY6QTR, STM32U595ZJT6, STM32U595ZJT6Q, STM32U595ZJY6QTR, STM32U599BJY6QTR, STM32U599NIH6Q, STM32U599NJH6Q, STM32U599VIT6Q, STM32U599VJT6, STM32U599VJT6Q, STM32U599ZIT6Q, STM32U599ZIY6QTR, STM32U599ZJT6Q, STM32U599ZJY6QTR, STM32U5A5AJH6, STM32U5A5AJH6Q, STM32U5A5QJI6, STM32U5A5QJI6Q, STM32U5A5RJT6, STM32U5A5RJT6Q, STM32U5A5VJT6, STM32U5A5VJT6Q, STM32U5A5ZJT6, STM32U5A5ZJT6Q, STM32U5A5ZJY6QTR, STM32U5A9BJY6QTR, STM32U5A9J-DK, STM32U5A9NJH6Q, STM32U5A9VJT6Q, STM32U5A9ZJT6Q, STM32U5A9ZJY6QTR, STM32U5F7VIT6, STM32U5F7VIT6Q, STM32U5F7VJT6, STM32U5F7VJT6Q, STM32U5F9BJY6QTR, STM32U5F9NJH6Q, STM32U5F9VIT6Q, STM32U5F9VJT6Q, STM32U5F9ZIJ6QTR, STM32U5F9ZIT6Q, STM32U5F9ZJJ6QTR, STM32U5F9ZJT6Q, STM32U5G7VJT6, STM32U5G7VJT6Q, STM32U5G9BJY6QTR, STM32U5G9J-DK1, STM32U5G9J-DK2, STM32U5G9NJH6Q, STM32U5G9VJT6Q, STM32U5G9ZJJ6QTR, STM32U5G9ZJT6Q, STM32WB1MMCH6, STM32WBA50KEU6, STM32WBA50KEU6TR, STM32WBA50KGU6, STM32WBA50KGU6TR, STM32WBA52CEU6, STM32WBA52CEU6TR, STM32WBA52CEU7, STM32WBA52CEU7TR, STM32WBA52CGU6, STM32WBA52CGU6TR, STM32WBA52CGU6U, STM32WBA52CGU7, STM32WBA52CGU7TR, STM32WBA52KEU6, STM32WBA52KEU6TR, STM32WBA52KGU6, STM32WBA52KGU6TR, STM32WBA54CEU6, STM32WBA54CEU6TR, STM32WBA54CEU7, STM32WBA54CEU7TR, STM32WBA54CGU6, STM32WBA54CGU6TR, STM32WBA54CGU7, STM32WBA54CGU7TR, STM32WBA54KEU6, STM32WBA54KEU6TR, STM32WBA54KEU7, STM32WBA54KEU7TR, STM32WBA54KGU6, STM32WBA54KGU6TR, STM32WBA54KGU7, STM32WBA54KGU7TR, STM32WBA55CEU6, STM32WBA55CEU6TR, STM32WBA55CEU7, STM32WBA55CEU7TR, STM32WBA55CGU6, STM32WBA55CGU6TR, STM32WBA55CGU6U, STM32WBA55CGU7, STM32WBA55CGU7TR, STM32WBA55G-DK1, STM32WBA55HEF6, STM32WBA55HEF7, STM32WBA55HGF6, STM32WBA55HGF7, STM32WBA55UEI6, STM32WBA55UEI6TR, STM32WBA55UEI7, STM32WBA55UEI7TR, STM32WBA55UGI6, STM32WBA55UGI6TR, STM32WBA55UGI7, STM32WBA55UGI7TR, STM32WL5MOCH6, STM32WL5MOCH6TR]
2024-02-09 20:43:34,894 [INFO] DbMcus:218 - Found 3930 MCUs, 3930 are supported
2024-02-09 20:43:34,894 [INFO] ApiDb:414 - User favorites file not found: C:\Users\rsoza/.stm32cubeide/favorites.mcus.txt
2024-02-09 20:43:34,894 [INFO] DbMcus:224 - Set 0 / 0 favorites MCUs
2024-02-09 20:43:35,058 [INFO] ApiDb:668 - CubeFinder database Data Model version=2.1
2024-02-09 20:43:35,058 [INFO] ApiDb:669 - CubeFinder database Configuration version=3.0.39
2024-02-09 20:43:35,058 [INFO] ApiDb:670 - CubeFinder database generation date=2024-01-11 (1704964531)
2024-02-09 20:43:35,058 [INFO] ApiDb:671 - CubeFinder database FW Pack versions=[FP-ATR-ASTRA1_V2.0.0, FP-SNS-FLIGHT1_V5.0.1, FP-SNS-FLIGHT1_V5.0.2, FP-SNS-MOTENV1_V4.3.1, FP-SNS-MOTENV1_V4.3.2, FP-SNS-MOTENVWB1_V1.3.1, FP-SNS-SMARTAG2_V1.2.0, STM32Cube_FW_C0_V1.1.0, STM32Cube_FW_F4_V1.28.0, STM32Cube_FW_F7_V1.17.0, STM32Cube_FW_G0_V1.6.2, STM32Cube_FW_G4_V1.5.2, STM32Cube_FW_H5_V0.5.1, STM32Cube_FW_H5_V1.1.1, STM32Cube_FW_H5_V1.2.0RC2, STM32Cube_FW_H7_V1.11.0, STM32Cube_FW_L0_V1.12.2, STM32Cube_FW_L5_V1.5.0, STM32Cube_FW_U5_V1.3.0RC4, STM32Cube_FW_U5_V1.4.0, STM32Cube_FW_WBA_V1.0.0RC1, STM32Cube_FW_WBA_V1.1.0RC1, STM32Cube_FW_WBA_V1.2.0, STM32Cube_FW_WBA_V1.2.0RC2, STM32Cube_FW_WB_V1.15.0RC1, STM32Cube_FW_WB_V1.16.0, STM32Cube_FW_WB_V1.16.0RC2, STM32Cube_FW_WB_V1.18.0, STM32Cube_FW_WL_V1.3.0, X-CUBE-ALGOBUILD_V1.3.0, X-CUBE-ALS_V1.0.1, X-CUBE-AZRTOS-F4_V1.1.0, X-CUBE-AZRTOS-F7_V1.1.0, X-CUBE-AZRTOS-G0_V1.1.0, X-CUBE-AZRTOS-G4_V2.0.0, X-CUBE-AZRTOS-H7_V3.2.0, X-CUBE-AZRTOS-L4_V1.0.0, X-CUBE-AZRTOS-L4_V2.0.0, X-CUBE-AZRTOS-L5_V1.1.0, X-CUBE-AZRTOS-WB_V2.0.0, X-CUBE-AZRTOS-WL_V2.0.0, X-CUBE-BLE1_V7.0.0, X-CUBE-BLE2_V3.3.0, X-CUBE-BLEMGR_V3.0.0, X-CUBE-EEPRMA1_V4.1.0, X-CUBE-EEPRMA1_V4.2.0, X-CUBE-FREERTOS_V1.1.0, X-CUBE-GNSS1_V6.0.0, X-CUBE-MEMS1_V10.0.0, X-CUBE-MEMS1_V9.1.0, X-CUBE-MEMS1_V9.4.0, X-CUBE-MEMS1_V9.6.0, X-CUBE-NFC4_V3.0.0, X-CUBE-NFC7_V1.0.1, X-CUBE-SFXS2LP1_V4.0.0, X-CUBE-SUBG2_V5.0.0, X-CUBE-TOF1_V3.4.0]
2024-02-09 20:43:35,114 [INFO] DbBoardsSqlite:226 - include board P-NUCLEO-WB55-NUCLEO as a kit item of type 'Nucleo-64'
2024-02-09 20:43:35,114 [INFO] DbBoardsSqlite:226 - include board P-NUCLEO-WB55-USBDONGLE as a kit item of type 'Nucleo USB Dongle'
2024-02-09 20:43:35,114 [INFO] DbBoardsSqlite:226 - include board STEVAL-IDP005V1 as a kit item of type 'Evaluation Board'
2024-02-09 20:43:35,115 [INFO] DbBoardsSqlite:226 - include board STEVAL-IDP005V2 as a kit item of type 'Evaluation Board'
2024-02-09 20:43:35,158 [INFO] ApiDb:240 - Found 371 in-development CPN: [B-G473E-ZEST1S, B-WB1M-WPAN1, B-WL5M-SUBG1, NUCLEO-C031C6, NUCLEO-H503RB, NUCLEO-H563ZI, NUCLEO-U545RE-Q, NUCLEO-U5A5ZJ-Q, NUCLEO-WBA52CG, NUCLEO-WBA55CG, STEVAL-MKBOXPRO, STEVAL-PROTEUS1, STEVAL-STWINBX1, STM320518-EVAL, STM32C0116-DK, STM32C011D6Y3TR, STM32C011D6Y6TR, STM32C011F4P3, STM32C011F4P6, STM32C011F4U3, STM32C011F4U6TR, STM32C011F6P3, STM32C011F6P6, STM32C011F6U3, STM32C011F6U6TR, STM32C011J4M3, STM32C011J4M6, STM32C011J6M3, STM32C011J6M6, STM32C0316-DK, STM32C031C4T3, STM32C031C4T6, STM32C031C4U3, STM32C031C4U6, STM32C031C6T3, STM32C031C6T6, STM32C031C6U3, STM32C031C6U6, STM32C031F4P3, STM32C031F4P6, STM32C031F6P3, STM32C031F6P6, STM32C031G4U3, STM32C031G4U6, STM32C031G6U3, STM32C031G6U6, STM32C031K4T3, STM32C031K4T6, STM32C031K4U3, STM32C031K4U6, STM32C031K6T3, STM32C031K6T6, STM32C031K6U3, STM32C031K6U6, STM32G071K8TXN, STM32G071K8UXN, STM32G081GBU6N, STM32G081KBT6N, STM32G081KBUXN, STM32G0B1CCT6N, STM32G0B1KCT6, STM32G0B1NEY6TR, STM32G0B1RCT6N, STM32G0C1CCT6, STM32G0C1CCT6N, STM32G0C1CCU6N, STM32G0C1CET6N, STM32G0C1CEU6N, STM32G0C1KCT6, STM32G0C1NEY6TR, STM32G0C1RCI6N, STM32G0C1RCT6N, STM32G0C1REI6N, STM32G0C1RET6N, STM32G0C1VCI6, STM32G0C1VEI6, STM32G471CCT6, STM32G471CCU6, STM32G471CET3, STM32G471CET6, STM32G471CEU3, STM32G471CEU6, STM32G471MCT6, STM32G471MET3, STM32G471MET6, STM32G471MEY6TR, STM32G471QCT6, STM32G471QET3, STM32G471RCT6, STM32G471RET3, STM32G471RET6, STM32G471VCH6, STM32G471VCI6, STM32G471VCT6, STM32G471VEH3, STM32G471VEH6, STM32G471VEI3, STM32G471VEI6, STM32G471VET3, STM32G471VET6, STM32G474CCT6, STM32H503CBT6, STM32H503CBU6, STM32H503EBY6TR, STM32H503KBU6, STM32H503RBT6, STM32H562AGI6, STM32H562AII6, STM32H562IGK6, STM32H562IGT6, STM32H562IIK6, STM32H562IIT6, STM32H562RGT6, STM32H562RGV6, STM32H562RIT6, STM32H562RIV6, STM32H562VGT6, STM32H562VIT6, STM32H562ZGT6, STM32H562ZIT6, STM32H563AGI6, STM32H563AII3Q, STM32H563AII6, STM32H563IGK6, STM32H563IGT6, STM32H563IIK3Q, STM32H563IIK6, STM32H563IIT3Q, STM32H563IIT6, STM32H563MIY3QTR, STM32H563RGT6, STM32H563RGV6, STM32H563RIT6, STM32H563RIV6, STM32H563VGT6, STM32H563VIT3Q, STM32H563VIT6, STM32H563ZGT6, STM32H563ZIT3Q, STM32H563ZIT6, STM32H573AII3Q, STM32H573AII6, STM32H573I-DK, STM32H573IIK3Q, STM32H573IIK6, STM32H573IIT3Q, STM32H573IIT6, STM32H573MIY3QTR, STM32H573RIT6, STM32H573RIV6, STM32H573VIT3Q, STM32H573VIT6, STM32H573ZIT3Q, STM32H573ZIT6, STM32L4R5QGI6STR, STM32MP131AAE3, STM32MP131AAF3, STM32MP131AAG3, STM32MP131CAE3, STM32MP131CAF3, STM32MP131CAG3, STM32MP131DAE7, STM32MP131DAF7, STM32MP131DAG7, STM32MP131FAE7, STM32MP131FAF7, STM32MP131FAG7, STM32MP133AAE3, STM32MP133AAF3, STM32MP133AAG3, STM32MP133CAE3, STM32MP133CAF3, STM32MP133CAG3, STM32MP133DAE7, STM32MP133DAF7, STM32MP133DAG7, STM32MP133FAE7, STM32MP133FAF7, STM32MP133FAG7, STM32MP135AAE3, STM32MP135AAF3, STM32MP135AAG3, STM32MP135CAE3, STM32MP135CAF3, STM32MP135CAG3, STM32MP135DAE7, STM32MP135DAF7, STM32MP135DAG7, STM32MP135F-DK, STM32MP135FAE7, STM32MP135FAF7, STM32MP135FAF7T, STM32MP135FAF7U, STM32MP135FAG7, STM32U535CBT6, STM32U535CBT6Q, STM32U535CBU6, STM32U535CBU6Q, STM32U535CCT6, STM32U535CCT6Q, STM32U535CCU6, STM32U535CCU6Q, STM32U535CET6, STM32U535CET6Q, STM32U535CEU6, STM32U535CEU6Q, STM32U535JEY6QTR, STM32U535NCY6QTR, STM32U535NEY6QTR, STM32U535RBI6, STM32U535RBI6Q, STM32U535RBT6, STM32U535RBT6Q, STM32U535RCI6, STM32U535RCI6Q, STM32U535RCT6, STM32U535RCT6Q, STM32U535REI6, STM32U535REI6Q, STM32U535RET6, STM32U535RET6Q, STM32U535VCI6, STM32U535VCI6Q, STM32U535VCT6, STM32U535VCT6Q, STM32U535VEI6, STM32U535VEI6Q, STM32U535VET6, STM32U535VET6Q, STM32U545CET6, STM32U545CET6Q, STM32U545CEU6, STM32U545CEU6Q, STM32U545JEY6QTR, STM32U545NEY6QTR, STM32U545REI6, STM32U545REI6Q, STM32U545RET6, STM32U545RET6Q, STM32U545VEI6, STM32U545VEI6Q, STM32U545VET6, STM32U545VET6Q, STM32U595AIH6, STM32U595AIH6Q, STM32U595AJH6, STM32U595AJH6Q, STM32U595QII6, STM32U595QII6Q, STM32U595QJI6, STM32U595QJI6Q, STM32U595RIT6, STM32U595RIT6Q, STM32U595RJT6, STM32U595RJT6Q, STM32U595VIT6, STM32U595VIT6Q, STM32U595VJT6, STM32U595VJT6Q, STM32U595ZIT6, STM32U595ZIT6Q, STM32U595ZIY6QTR, STM32U595ZJT6, STM32U595ZJT6Q, STM32U595ZJY6QTR, STM32U599BJY6QTR, STM32U599NIH6Q, STM32U599NJH6Q, STM32U599VIT6Q, STM32U599VJT6, STM32U599VJT6Q, STM32U599ZIT6Q, STM32U599ZIY6QTR, STM32U599ZJT6Q, STM32U599ZJY6QTR, STM32U5A5AJH6, STM32U5A5AJH6Q, STM32U5A5QJI6, STM32U5A5QJI6Q, STM32U5A5RJT6, STM32U5A5RJT6Q, STM32U5A5VJT6, STM32U5A5VJT6Q, STM32U5A5ZJT6, STM32U5A5ZJT6Q, STM32U5A5ZJY6QTR, STM32U5A9BJY6QTR, STM32U5A9J-DK, STM32U5A9NJH6Q, STM32U5A9VJT6Q, STM32U5A9ZJT6Q, STM32U5A9ZJY6QTR, STM32U5F7VIT6, STM32U5F7VIT6Q, STM32U5F7VJT6, STM32U5F7VJT6Q, STM32U5F9BJY6QTR, STM32U5F9NJH6Q, STM32U5F9VIT6Q, STM32U5F9VJT6Q, STM32U5F9ZIJ6QTR, STM32U5F9ZIT6Q, STM32U5F9ZJJ6QTR, STM32U5F9ZJT6Q, STM32U5G7VJT6, STM32U5G7VJT6Q, STM32U5G9BJY6QTR, STM32U5G9J-DK1, STM32U5G9J-DK2, STM32U5G9NJH6Q, STM32U5G9VJT6Q, STM32U5G9ZJJ6QTR, STM32U5G9ZJT6Q, STM32WB1MMCH6, STM32WBA50KEU6, STM32WBA50KEU6TR, STM32WBA50KGU6, STM32WBA50KGU6TR, STM32WBA52CEU6, STM32WBA52CEU6TR, STM32WBA52CEU7, STM32WBA52CEU7TR, STM32WBA52CGU6, STM32WBA52CGU6TR, STM32WBA52CGU6U, STM32WBA52CGU7, STM32WBA52CGU7TR, STM32WBA52KEU6, STM32WBA52KEU6TR, STM32WBA52KGU6, STM32WBA52KGU6TR, STM32WBA54CEU6, STM32WBA54CEU6TR, STM32WBA54CEU7, STM32WBA54CEU7TR, STM32WBA54CGU6, STM32WBA54CGU6TR, STM32WBA54CGU7, STM32WBA54CGU7TR, STM32WBA54KEU6, STM32WBA54KEU6TR, STM32WBA54KEU7, STM32WBA54KEU7TR, STM32WBA54KGU6, STM32WBA54KGU6TR, STM32WBA54KGU7, STM32WBA54KGU7TR, STM32WBA55CEU6, STM32WBA55CEU6TR, STM32WBA55CEU7, STM32WBA55CEU7TR, STM32WBA55CGU6, STM32WBA55CGU6TR, STM32WBA55CGU6U, STM32WBA55CGU7, STM32WBA55CGU7TR, STM32WBA55G-DK1, STM32WBA55HEF6, STM32WBA55HEF7, STM32WBA55HGF6, STM32WBA55HGF7, STM32WBA55UEI6, STM32WBA55UEI6TR, STM32WBA55UEI7, STM32WBA55UEI7TR, STM32WBA55UGI6, STM32WBA55UGI6TR, STM32WBA55UGI7, STM32WBA55UGI7TR, STM32WL5MOCH6, STM32WL5MOCH6TR]
2024-02-09 20:43:35,238 [INFO] BoardInfo:889 - No configuration file found for board P-NUCLEO-WB55
2024-02-09 20:43:35,238 [INFO] DbBoards:161 - Kit is not supported: P-NUCLEO-WB55
2024-02-09 20:43:35,241 [INFO] BoardInfo:889 - No configuration file found for board STEVAL-BFA001V1B
2024-02-09 20:43:35,241 [INFO] DbBoards:161 - Kit is not supported: STEVAL-BFA001V1B
2024-02-09 20:43:35,242 [INFO] BoardInfo:889 - No configuration file found for board STEVAL-BFA001V2B
2024-02-09 20:43:35,242 [INFO] DbBoards:161 - Kit is not supported: STEVAL-BFA001V2B
2024-02-09 20:43:35,329 [INFO] DbBoards:168 - Found 193 boards, 190 are supported
2024-02-09 20:43:35,329 [INFO] DbBoards:169 - Found 193 boards, 3 of them is supported for  Bsp
2024-02-09 20:43:35,331 [INFO] ApiDb:414 - User favorites file not found: C:\Users\rsoza/.stm32cubeide/favorites.boards.txt
2024-02-09 20:43:35,331 [INFO] DbBoards:198 - Set 0 / 0 favorites Boards
2024-02-09 20:43:35,333 [INFO] ApiDb:668 - CubeFinder database Data Model version=2.1
2024-02-09 20:43:35,333 [INFO] ApiDb:669 - CubeFinder database Configuration version=3.0.39
2024-02-09 20:43:35,333 [INFO] ApiDb:670 - CubeFinder database generation date=2024-01-11 (1704964531)
2024-02-09 20:43:35,333 [INFO] ApiDb:671 - CubeFinder database FW Pack versions=[FP-ATR-ASTRA1_V2.0.0, FP-SNS-FLIGHT1_V5.0.1, FP-SNS-FLIGHT1_V5.0.2, FP-SNS-MOTENV1_V4.3.1, FP-SNS-MOTENV1_V4.3.2, FP-SNS-MOTENVWB1_V1.3.1, FP-SNS-SMARTAG2_V1.2.0, STM32Cube_FW_C0_V1.1.0, STM32Cube_FW_F4_V1.28.0, STM32Cube_FW_F7_V1.17.0, STM32Cube_FW_G0_V1.6.2, STM32Cube_FW_G4_V1.5.2, STM32Cube_FW_H5_V0.5.1, STM32Cube_FW_H5_V1.1.1, STM32Cube_FW_H5_V1.2.0RC2, STM32Cube_FW_H7_V1.11.0, STM32Cube_FW_L0_V1.12.2, STM32Cube_FW_L5_V1.5.0, STM32Cube_FW_U5_V1.3.0RC4, STM32Cube_FW_U5_V1.4.0, STM32Cube_FW_WBA_V1.0.0RC1, STM32Cube_FW_WBA_V1.1.0RC1, STM32Cube_FW_WBA_V1.2.0, STM32Cube_FW_WBA_V1.2.0RC2, STM32Cube_FW_WB_V1.15.0RC1, STM32Cube_FW_WB_V1.16.0, STM32Cube_FW_WB_V1.16.0RC2, STM32Cube_FW_WB_V1.18.0, STM32Cube_FW_WL_V1.3.0, X-CUBE-ALGOBUILD_V1.3.0, X-CUBE-ALS_V1.0.1, X-CUBE-AZRTOS-F4_V1.1.0, X-CUBE-AZRTOS-F7_V1.1.0, X-CUBE-AZRTOS-G0_V1.1.0, X-CUBE-AZRTOS-G4_V2.0.0, X-CUBE-AZRTOS-H7_V3.2.0, X-CUBE-AZRTOS-L4_V1.0.0, X-CUBE-AZRTOS-L4_V2.0.0, X-CUBE-AZRTOS-L5_V1.1.0, X-CUBE-AZRTOS-WB_V2.0.0, X-CUBE-AZRTOS-WL_V2.0.0, X-CUBE-BLE1_V7.0.0, X-CUBE-BLE2_V3.3.0, X-CUBE-BLEMGR_V3.0.0, X-CUBE-EEPRMA1_V4.1.0, X-CUBE-EEPRMA1_V4.2.0, X-CUBE-FREERTOS_V1.1.0, X-CUBE-GNSS1_V6.0.0, X-CUBE-MEMS1_V10.0.0, X-CUBE-MEMS1_V9.1.0, X-CUBE-MEMS1_V9.4.0, X-CUBE-MEMS1_V9.6.0, X-CUBE-NFC4_V3.0.0, X-CUBE-NFC7_V1.0.1, X-CUBE-SFXS2LP1_V4.0.0, X-CUBE-SUBG2_V5.0.0, X-CUBE-TOF1_V3.4.0]
2024-02-09 20:43:35,978 [ERROR] DbExamplesSqlite:437 - Missing JSON key: board_cpn
2024-02-09 20:43:35,978 [ERROR] DbExamplesSqlite:437 - Missing JSON key: board_cpn
2024-02-09 20:43:35,978 [ERROR] DbExamplesSqlite:437 - Missing JSON key: board_cpn
2024-02-09 20:43:35,978 [ERROR] DbExamplesSqlite:437 - Missing JSON key: board_cpn
2024-02-09 20:43:36,018 [INFO] DbExamplesSqlite:395 - Ignored 55 examples not supported by CubeIDE
2024-02-09 20:43:36,018 [INFO] DbExamplesSqlite:396 - Found 7560 examples active
2024-02-09 20:43:36,018 [INFO] DbExamplesSqlite:397 - Found 844 examples obsolete
2024-02-09 20:43:36,018 [INFO] DbExamplesSqlite:398 - Found 0 examples under development
2024-02-09 20:43:36,019 [INFO] DbExamplesSqlite:399 - Found 8 examples not building
2024-02-09 20:43:36,020 [INFO] DbExamples:125 - Found 7513 examples
2024-02-09 20:43:36,031 [INFO] DbExamples:222 - Found 95 boards with related examples
2024-02-09 20:43:36,032 [INFO] DbExamples:235 - Found 80 MCUs with related examples
2024-02-09 20:43:36,048 [INFO] ApiDb:414 - User favorites file not found: C:\Users\rsoza/.stm32cubeide/favorites.examples.txt
2024-02-09 20:43:36,048 [INFO] DbExamples:250 - Set 0 / 0 favorites Examples
2024-02-09 20:43:36,369 [INFO] McuFinderGlobals:76 - Set McuFinderConnectedMode to true
2024-02-09 20:43:36,375 [INFO] MultiScanPanel:200 - Auto-refresh data requested => check proxy status ongoing
2024-02-09 20:43:36,376 [INFO] FinderPluginLoader:95 - Searching for filters in installed packs
2024-02-09 20:43:37,224 [INFO] LoadUrlFilesThread:185 - End of LoadServerUrlFiles without Thread
2024-02-09 20:43:37,244 [INFO] DetailPanel:341 - Set advertising image to C:/Users/rsoza/STM32Cube/Repository/\en.prom-stm32wl3-mcu-finder.jpg
2024-02-09 20:44:12,428 [INFO] MultiScanPanel:200 - Auto-refresh data requested => check proxy status ongoing
2024-02-09 20:44:12,564 [INFO] LoadUrlFilesThread:185 - End of LoadServerUrlFiles without Thread
2024-02-09 20:44:12,565 [INFO] DetailPanel:341 - Set advertising image to C:/Users/rsoza/STM32Cube/Repository/\en.prom-stm32wl3-mcu-finder.jpg
2024-02-09 20:44:12,576 [INFO] DbBoards:642 - Loading board mini-images...
2024-02-09 20:44:13,204 [ERROR] DbBoards:659 - Image file not found for board NUCLEO-WBA55CG: C:\Users\rsoza\.stmcufinder\plugins\mcufinder//mcu//boards_images/NUCLEO-WBA55CG.jpg
2024-02-09 20:44:13,864 [ERROR] DbBoards:659 - Image file not found for board STM32WBA55G-DK1: C:\Users\rsoza\.stmcufinder\plugins\mcufinder//mcu//boards_images/STM32WBA55G-DK1.jpg
2024-02-09 20:44:13,864 [INFO] DbBoards:665 - Loaded 191 board mini-images
2024-02-09 20:45:30,978 [INFO] McuFinderGlobals:76 - Set McuFinderConnectedMode to true
2024-02-09 20:45:30,981 [INFO] ApiDb:448 - Save user favorites file C:\Users\rsoza/.stm32cubeide/favorites.mcus.txt: 0 item(s)
2024-02-09 20:45:30,981 [INFO] ApiDb:452 - User favorites MCUs=[]
2024-02-09 20:45:30,985 [INFO] ApiDb:448 - Save user favorites file C:\Users\rsoza/.stm32cubeide/favorites.boards.txt: 0 item(s)
2024-02-09 20:45:30,985 [INFO] ApiDb:452 - User favorites Boards=[]
