2024-02-14 13:58:44,420 [INFO] Activator:176 - 


2024-02-14 13:58:44,427 [INFO] Activator:177 - !SESSION log4j initialized
2024-02-14 13:58:49,424 [INFO] LogOutputStream:77 - [STDOUT_REDIRECT] 
2024-02-14 13:58:51,472 [INFO] ApplicationProperties:184 - Using Application install path: C:\Users\rsoza\Documents\coding\c++\stm32\STM32CubeIDE_1.14.1\STM32CubeIDE\plugins\com.st.stm32cube.common.mx_6.10.0.202311202037
2024-02-14 13:58:51,486 [INFO] DbMcusXml:78 - Set database path to: C:\Users\rsoza\Documents\coding\c++\stm32\STM32CubeIDE_1.14.1\STM32CubeIDE\plugins\com.st.stm32cube.common.mx_6.10.0.202311202037\\db\/mcu/
2024-02-14 13:58:51,486 [INFO] ApiDb:274 - Set plugin database path to: C:\Users\rsoza\Documents\coding\c++\stm32\STM32CubeIDE_1.14.1\STM32CubeIDE\plugins\com.st.stm32cube.common.mx_6.10.0.202311202037\\db\/plugins/boardmanager/
2024-02-14 13:58:51,486 [WARN] ApiDb:259 - Overriding images path with different value:  => C:\Users\rsoza\Documents\coding\c++\stm32\STM32CubeIDE_1.14.1\STM32CubeIDE\plugins\com.st.stm32cube.common.mx_6.10.0.202311202037\\db\/plugins/mcufinder/images/
2024-02-14 13:58:51,493 [INFO] ApiDb:250 - Set database path to: C:\Users\rsoza\.stmcufinder\plugins\mcufinder//mcu/
2024-02-14 13:58:51,494 [INFO] DbMcusAds:125 - Set database path to: C:\Users\rsoza\.stmcufinder\plugins\mcufinder//mcu/
2024-02-14 13:58:51,497 [INFO] CrossReferenceDbSqlite:203 - Set database path to: C:\Users\rsoza\.stmcufinder\plugins\mcufinder//mcu/cs/
2024-02-14 13:58:51,572 [INFO] RulesReader:64 - Compatibility file has been processed (297 Rules)
2024-02-14 13:58:51,638 [INFO] DbMcusXml:78 - Set database path to: C:\Users\rsoza\Documents\coding\c++\stm32\STM32CubeIDE_1.14.1\STM32CubeIDE\plugins\com.st.stm32cube.common.mx_6.10.0.202311202037\\db\/mcu/
2024-02-14 13:58:51,638 [INFO] ApiDb:274 - Set plugin database path to: C:\Users\rsoza\Documents\coding\c++\stm32\STM32CubeIDE_1.14.1\STM32CubeIDE\plugins\com.st.stm32cube.common.mx_6.10.0.202311202037\\db\/plugins/boardmanager/
2024-02-14 13:58:51,638 [INFO] ApiDb:261 - Set plugin images path to: C:\Users\rsoza\Documents\coding\c++\stm32\STM32CubeIDE_1.14.1\STM32CubeIDE\plugins\com.st.stm32cube.common.mx_6.10.0.202311202037\\db\/plugins/mcufinder/images/
2024-02-14 13:58:51,639 [WARN] DbFile:41 - Overriding database path with different value: C:\Users\rsoza\.stmcufinder\plugins\mcufinder/ => C:\Users\rsoza\.stmcufinder\plugins\mcufinder
2024-02-14 13:58:51,639 [INFO] ApiDb:250 - Set database path to: C:\Users\rsoza\.stmcufinder\plugins\mcufinder//mcu/
2024-02-14 13:58:51,639 [WARN] DbFile:41 - Overriding database path with different value: C:\Users\rsoza\.stmcufinder\plugins\mcufinder/ => C:\Users\rsoza\.stmcufinder\plugins\mcufinder
2024-02-14 13:58:51,639 [INFO] DbMcusAds:125 - Set database path to: C:\Users\rsoza\.stmcufinder\plugins\mcufinder//mcu/
2024-02-14 13:58:51,639 [WARN] DbFile:41 - Overriding database path with different value: C:\Users\rsoza\.stmcufinder\plugins\mcufinder/ => C:\Users\rsoza\.stmcufinder\plugins\mcufinder
2024-02-14 13:58:51,639 [WARN] DbFile:41 - Overriding database path with different value: C:\Users\rsoza\.stmcufinder\plugins\mcufinder/ => C:\Users\rsoza\.stmcufinder\plugins\mcufinder
2024-02-14 13:58:51,639 [INFO] CrossReferenceDbSqlite:203 - Set database path to: C:\Users\rsoza\.stmcufinder\plugins\mcufinder//mcu/cs/
2024-02-14 13:58:51,698 [INFO] MainPanel:264 - HeapMemory: 268435456
2024-02-14 13:58:51,766 [INFO] DbMcusXml:78 - Set database path to: C:\Users\rsoza\Documents\coding\c++\stm32\STM32CubeIDE_1.14.1\STM32CubeIDE\plugins\com.st.stm32cube.common.mx_6.10.0.202311202037\\db\/mcu/
2024-02-14 13:58:51,766 [INFO] ApiDb:274 - Set plugin database path to: C:\Users\rsoza\Documents\coding\c++\stm32\STM32CubeIDE_1.14.1\STM32CubeIDE\plugins\com.st.stm32cube.common.mx_6.10.0.202311202037\\db\/plugins/boardmanager/
2024-02-14 13:58:51,767 [INFO] ApiDb:261 - Set plugin images path to: C:\Users\rsoza\Documents\coding\c++\stm32\STM32CubeIDE_1.14.1\STM32CubeIDE\plugins\com.st.stm32cube.common.mx_6.10.0.202311202037\\db\/plugins/mcufinder/images/
2024-02-14 13:58:51,767 [WARN] DbFile:41 - Overriding database path with different value: C:\Users\rsoza\.stmcufinder\plugins\mcufinder/ => C:\Users\rsoza\.stmcufinder\plugins\mcufinder
2024-02-14 13:58:51,767 [INFO] ApiDb:250 - Set database path to: C:\Users\rsoza\.stmcufinder\plugins\mcufinder//mcu/
2024-02-14 13:58:51,767 [WARN] DbFile:41 - Overriding database path with different value: C:\Users\rsoza\.stmcufinder\plugins\mcufinder/ => C:\Users\rsoza\.stmcufinder\plugins\mcufinder
2024-02-14 13:58:51,767 [INFO] DbMcusAds:125 - Set database path to: C:\Users\rsoza\.stmcufinder\plugins\mcufinder//mcu/
2024-02-14 13:58:51,767 [WARN] DbFile:41 - Overriding database path with different value: C:\Users\rsoza\.stmcufinder\plugins\mcufinder/ => C:\Users\rsoza\.stmcufinder\plugins\mcufinder
2024-02-14 13:58:51,767 [WARN] DbFile:41 - Overriding database path with different value: C:\Users\rsoza\.stmcufinder\plugins\mcufinder/ => C:\Users\rsoza\.stmcufinder\plugins\mcufinder
2024-02-14 13:58:51,767 [INFO] CrossReferenceDbSqlite:203 - Set database path to: C:\Users\rsoza\.stmcufinder\plugins\mcufinder//mcu/cs/
2024-02-14 13:58:51,781 [INFO] ApplicationProperties:184 - Using Application install path: C:\Users\rsoza\Documents\coding\c++\stm32\STM32CubeIDE_1.14.1\STM32CubeIDE\plugins\com.st.stm32cube.common.mx_6.10.0.202311202037
2024-02-14 13:58:51,782 [INFO] PluginManage:196 - Search for loadable plugins [exclusion list=, ]
2024-02-14 13:58:51,783 [INFO] PluginManage:310 - Check plugin analytics
2024-02-14 13:58:51,902 [INFO] AnalyticsPlugin:253 - Accepted Software Licenses: 
2024-02-14 13:58:51,902 [INFO] AnalyticsPlugin:255 - Accepted CMSIS Pack Licenses: 
2024-02-14 13:58:51,903 [INFO] AnalyticsPlugin:257 - Accepted Firmware Licenses: 
2024-02-14 13:58:51,904 [INFO] PluginManage:359 - Loaded plugin analytics (category:tool,tabindex:-1)
2024-02-14 13:58:51,905 [INFO] PluginManage:310 - Check plugin cadmodel
2024-02-14 13:58:51,910 [INFO] CADModel:105 - Init CAD model plugin
2024-02-14 13:58:51,910 [INFO] PluginManage:359 - Loaded plugin cadmodel (category:power,tabindex:5)
2024-02-14 13:58:51,910 [INFO] PluginManage:310 - Check plugin clock
2024-02-14 13:58:51,920 [INFO] PluginManage:359 - Loaded plugin clock (category:base,tabindex:2)
2024-02-14 13:58:51,920 [INFO] PluginManage:310 - Check plugin ddr
2024-02-14 13:58:51,922 [INFO] PluginManage:359 - Loaded plugin ddr (category:tool,tabindex:6)
2024-02-14 13:58:51,922 [INFO] PluginManage:310 - Check plugin filemanager
2024-02-14 13:58:52,031 [INFO] PluginManage:359 - Loaded plugin filemanager (category:base,tabindex:10)
2024-02-14 13:58:52,031 [INFO] PluginManage:310 - Check plugin ipmanager
2024-02-14 13:58:52,038 [INFO] PluginManage:359 - Loaded plugin ipmanager (category:base,tabindex:5)
2024-02-14 13:58:52,038 [INFO] PluginManage:310 - Check plugin lpbam
2024-02-14 13:58:52,047 [INFO] PluginManage:359 - Loaded plugin lpbam (category:base,tabindex:0)
2024-02-14 13:58:52,047 [INFO] PluginManage:310 - Check plugin memorymap
2024-02-14 13:58:52,058 [INFO] PluginManage:359 - Loaded plugin memorymap (category:base,tabindex:4)
2024-02-14 13:58:52,058 [INFO] PluginManage:310 - Check plugin pinoutandconfiguration
2024-02-14 13:58:52,065 [INFO] PluginManage:359 - Loaded plugin pinoutandconfiguration (category:base,tabindex:1)
2024-02-14 13:58:52,065 [INFO] PluginManage:310 - Check plugin pinoutconfig
2024-02-14 13:58:52,132 [WARN] SupportedApi:132 - Cannot load RTOS API schema: s4s-elt-must-match.1: The content of 'definitions' must match (annotation?, (simpleType | complexType)?, (unique | key | keyref)*)). A problem was found starting at: attribute.
2024-02-14 13:58:52,232 [INFO] PluginManage:359 - Loaded plugin pinoutconfig (category:base,tabindex:0)
2024-02-14 13:58:52,232 [INFO] PluginManage:310 - Check plugin power
2024-02-14 13:58:52,241 [INFO] PluginManage:359 - Loaded plugin power (category:power,tabindex:4)
2024-02-14 13:58:52,241 [INFO] PluginManage:310 - Check plugin projectmanager
2024-02-14 13:58:52,256 [INFO] PluginManage:359 - Loaded plugin projectmanager (category:projectmanager,tabindex:3)
2024-02-14 13:58:52,256 [INFO] PluginManage:310 - Check plugin thirdparty
2024-02-14 13:58:52,370 [INFO] PluginManage:359 - Loaded plugin thirdparty (category:base,tabindex:-1)
2024-02-14 13:58:52,370 [WARN] IntegrityCheckThread:84 - waiting for thirdparty lock release [integrity check]
2024-02-14 13:58:52,370 [INFO] PluginManage:310 - Check plugin tools
2024-02-14 13:58:52,370 [INFO] IntegrityCheckThread:86 - entering critical section [integrity check]
2024-02-14 13:58:52,370 [INFO] ThirdPartyUpdaterWithRetryManager:70 - Updater plugin not ready yet. [1/15]
2024-02-14 13:58:52,372 [INFO] PluginManage:359 - Loaded plugin tools (category:base,tabindex:7)
2024-02-14 13:58:52,372 [INFO] PluginManage:310 - Check plugin tutovideos
2024-02-14 13:58:52,499 [INFO] PluginManage:359 - Loaded plugin tutovideos (category:base,tabindex:-1)
2024-02-14 13:58:52,499 [INFO] PluginManage:310 - Check plugin updater
2024-02-14 13:58:52,508 [INFO] PluginManage:359 - Loaded plugin updater (category:base,tabindex:12)
2024-02-14 13:58:52,508 [INFO] PluginManage:310 - Check plugin userauth
2024-02-14 13:58:52,513 [INFO] UserAuth:114 - Init User Auth plugin
2024-02-14 13:58:52,513 [INFO] PluginManage:359 - Loaded plugin userauth (category:base,tabindex:14)
2024-02-14 13:58:52,513 [INFO] PluginManage:283 - PluginManage : Loaded plugins [17]
2024-02-14 13:58:52,691 [INFO] PinOutPanel:1499 - setPackage(No Configuration,No Configuration)
2024-02-14 13:58:52,753 [INFO] CADModel:165 - CPN selected for project level
2024-02-14 13:58:52,753 [INFO] CADModel:114 - Register for checkConnection events
2024-02-14 13:58:52,768 [INFO] IPUIPlugin:80 - create IPUIPlugin
2024-02-14 13:58:52,768 [INFO] PluginManager:220 - loadIPPluginJar : add adc
2024-02-14 13:58:52,770 [INFO] IPUIPlugin:80 - create IPUIPlugin
2024-02-14 13:58:52,770 [INFO] PluginManager:220 - loadIPPluginJar : add aes
2024-02-14 13:58:52,773 [INFO] IPUIPlugin:80 - create IPUIPlugin
2024-02-14 13:58:52,773 [INFO] PluginManager:220 - loadIPPluginJar : add can
2024-02-14 13:58:52,774 [INFO] IPUIPlugin:80 - create IPUIPlugin
2024-02-14 13:58:52,774 [INFO] PluginManager:220 - loadIPPluginJar : add comp
2024-02-14 13:58:52,776 [INFO] IPUIPlugin:80 - create IPUIPlugin
2024-02-14 13:58:52,776 [INFO] PluginManager:220 - loadIPPluginJar : add cryp
2024-02-14 13:58:52,778 [INFO] IPUIPlugin:80 - create IPUIPlugin
2024-02-14 13:58:52,778 [INFO] PluginManager:220 - loadIPPluginJar : add dfsdm
2024-02-14 13:58:52,782 [INFO] IPUIPlugin:80 - create IPUIPlugin
2024-02-14 13:58:52,782 [INFO] PluginManager:220 - loadIPPluginJar : add dma
2024-02-14 13:58:52,784 [INFO] IPUIPlugin:80 - create IPUIPlugin
2024-02-14 13:58:52,785 [INFO] PluginManager:220 - loadIPPluginJar : add dma3
2024-02-14 13:58:52,786 [INFO] IPUIPlugin:80 - create IPUIPlugin
2024-02-14 13:58:52,786 [INFO] PluginManager:220 - loadIPPluginJar : add fatfs
2024-02-14 13:58:52,789 [INFO] IPUIPlugin:80 - create IPUIPlugin
2024-02-14 13:58:52,789 [INFO] PluginManager:220 - loadIPPluginJar : add fmc
2024-02-14 13:58:52,793 [INFO] IPUIPlugin:80 - create IPUIPlugin
2024-02-14 13:58:52,793 [INFO] PluginManager:220 - loadIPPluginJar : add freertos
2024-02-14 13:58:52,794 [INFO] IPUIPlugin:80 - create IPUIPlugin
2024-02-14 13:58:52,794 [INFO] PluginManager:220 - loadIPPluginJar : add genericplugin
2024-02-14 13:58:52,796 [INFO] IPUIPlugin:80 - create IPUIPlugin
2024-02-14 13:58:52,796 [INFO] PluginManager:220 - loadIPPluginJar : add gfxmmu
2024-02-14 13:58:52,799 [INFO] IPUIPlugin:80 - create IPUIPlugin
2024-02-14 13:58:52,799 [INFO] PluginManager:220 - loadIPPluginJar : add gic
2024-02-14 13:58:52,803 [INFO] IPUIPlugin:80 - create IPUIPlugin
2024-02-14 13:58:52,803 [INFO] PluginManager:220 - loadIPPluginJar : add gpio
2024-02-14 13:58:52,805 [INFO] IPUIPlugin:80 - create IPUIPlugin
2024-02-14 13:58:52,805 [INFO] PluginManager:220 - loadIPPluginJar : add gtzc
2024-02-14 13:58:52,807 [INFO] IPUIPlugin:80 - create IPUIPlugin
2024-02-14 13:58:52,807 [INFO] PluginManager:220 - loadIPPluginJar : add hash
2024-02-14 13:58:52,809 [INFO] IPUIPlugin:80 - create IPUIPlugin
2024-02-14 13:58:52,809 [INFO] PluginManager:220 - loadIPPluginJar : add i2c
2024-02-14 13:58:52,810 [INFO] IPUIPlugin:80 - create IPUIPlugin
2024-02-14 13:58:52,810 [INFO] PluginManager:220 - loadIPPluginJar : add i2s
2024-02-14 13:58:52,812 [INFO] IPUIPlugin:80 - create IPUIPlugin
2024-02-14 13:58:52,812 [INFO] PluginManager:220 - loadIPPluginJar : add i3c
2024-02-14 13:58:52,815 [INFO] IPUIPlugin:80 - create IPUIPlugin
2024-02-14 13:58:52,815 [INFO] PluginManager:220 - loadIPPluginJar : add ipddr
2024-02-14 13:58:52,821 [INFO] IPUIPlugin:80 - create IPUIPlugin
2024-02-14 13:58:52,821 [INFO] PluginManager:220 - loadIPPluginJar : add linkedlist
2024-02-14 13:58:52,824 [INFO] IPUIPlugin:80 - create IPUIPlugin
2024-02-14 13:58:52,824 [INFO] PluginManager:220 - loadIPPluginJar : add lorawan
2024-02-14 13:58:52,825 [INFO] IPUIPlugin:80 - create IPUIPlugin
2024-02-14 13:58:52,825 [INFO] PluginManager:220 - loadIPPluginJar : add ltdc
2024-02-14 13:58:52,831 [INFO] IPUIPlugin:80 - create IPUIPlugin
2024-02-14 13:58:52,831 [INFO] PluginManager:220 - loadIPPluginJar : add mdma
2024-02-14 13:58:52,834 [INFO] IPUIPlugin:80 - create IPUIPlugin
2024-02-14 13:58:52,835 [INFO] PluginManager:220 - loadIPPluginJar : add nvic
2024-02-14 13:58:52,837 [INFO] IPUIPlugin:80 - create IPUIPlugin
2024-02-14 13:58:52,837 [INFO] PluginManager:220 - loadIPPluginJar : add opamp
2024-02-14 13:58:52,841 [INFO] IPUIPlugin:80 - create IPUIPlugin
2024-02-14 13:58:52,841 [INFO] PluginManager:220 - loadIPPluginJar : add openamp
2024-02-14 13:58:52,844 [INFO] IPUIPlugin:80 - create IPUIPlugin
2024-02-14 13:58:52,844 [INFO] PluginManager:220 - loadIPPluginJar : add pdm2pcm
2024-02-14 13:58:52,849 [INFO] IPUIPlugin:80 - create IPUIPlugin
2024-02-14 13:58:52,851 [INFO] PluginManager:220 - loadIPPluginJar : add plateformsettings
2024-02-14 13:58:52,852 [INFO] IPUIPlugin:80 - create IPUIPlugin
2024-02-14 13:58:52,853 [INFO] PluginManager:220 - loadIPPluginJar : add quadspi
2024-02-14 13:58:52,856 [INFO] IPUIPlugin:80 - create IPUIPlugin
2024-02-14 13:58:52,856 [INFO] PluginManager:220 - loadIPPluginJar : add resmgrutility
2024-02-14 13:58:52,858 [INFO] IPUIPlugin:80 - create IPUIPlugin
2024-02-14 13:58:52,858 [INFO] PluginManager:220 - loadIPPluginJar : add sai
2024-02-14 13:58:52,860 [INFO] IPUIPlugin:80 - create IPUIPlugin
2024-02-14 13:58:52,860 [INFO] PluginManager:220 - loadIPPluginJar : add spi
2024-02-14 13:58:52,864 [INFO] IPUIPlugin:80 - create IPUIPlugin
2024-02-14 13:58:52,864 [INFO] PluginManager:220 - loadIPPluginJar : add stm32_wpan
2024-02-14 13:58:52,866 [INFO] IPUIPlugin:80 - create IPUIPlugin
2024-02-14 13:58:52,866 [INFO] PluginManager:220 - loadIPPluginJar : add tim
2024-02-14 13:58:52,868 [INFO] IPUIPlugin:80 - create IPUIPlugin
2024-02-14 13:58:52,869 [INFO] PluginManager:220 - loadIPPluginJar : add touchsensing
2024-02-14 13:58:52,870 [INFO] IPUIPlugin:80 - create IPUIPlugin
2024-02-14 13:58:52,871 [INFO] PluginManager:220 - loadIPPluginJar : add tracer_emb
2024-02-14 13:58:52,873 [INFO] IPUIPlugin:80 - create IPUIPlugin
2024-02-14 13:58:52,873 [INFO] PluginManager:220 - loadIPPluginJar : add ts
2024-02-14 13:58:52,875 [INFO] IPUIPlugin:80 - create IPUIPlugin
2024-02-14 13:58:52,875 [INFO] PluginManager:220 - loadIPPluginJar : add tsc
2024-02-14 13:58:52,877 [INFO] IPUIPlugin:80 - create IPUIPlugin
2024-02-14 13:58:52,877 [INFO] PluginManager:220 - loadIPPluginJar : add ucpd
2024-02-14 13:58:52,882 [INFO] IPUIPlugin:80 - create IPUIPlugin
2024-02-14 13:58:52,882 [INFO] PluginManager:220 - loadIPPluginJar : add usart
2024-02-14 13:58:52,886 [INFO] IPUIPlugin:80 - create IPUIPlugin
2024-02-14 13:58:52,886 [INFO] PluginManager:220 - loadIPPluginJar : add usbx
2024-02-14 13:58:53,021 [INFO] CADModel:165 - CPN selected for project level
2024-02-14 13:58:53,021 [INFO] CADModel:114 - Register for checkConnection events
2024-02-14 13:58:53,021 [FATAL] Updater:308 - Updater called before beeing initialized
2024-02-14 13:58:53,021 [ERROR] CADModel:125 - Updater not yet initialized, retry later 
2024-02-14 13:58:53,117 [INFO] CADModel:165 - CPN selected for project level
2024-02-14 13:58:53,117 [INFO] CADModel:114 - Register for checkConnection events
2024-02-14 13:58:53,117 [FATAL] Updater:308 - Updater called before beeing initialized
2024-02-14 13:58:53,117 [ERROR] CADModel:125 - Updater not yet initialized, retry later 
2024-02-14 13:58:53,120 [FATAL] Updater:308 - Updater called before beeing initialized
2024-02-14 13:58:53,216 [FATAL] Updater:308 - Updater called before beeing initialized
2024-02-14 13:58:53,221 [INFO] DbMcusAds:53 - JSON generation date=Wed Nov 29 04:52:27 CST 2023 (1701255147200)
2024-02-14 13:58:53,221 [FATAL] Updater:308 - Updater called before beeing initialized
2024-02-14 13:58:53,259 [WARN] DetailPanel:346 - Failed to get advertising image, set to default
2024-02-14 13:58:53,329 [FATAL] Updater:308 - Updater called before beeing initialized
2024-02-14 13:58:53,331 [FATAL] Updater:308 - Updater called before beeing initialized
2024-02-14 13:58:53,331 [FATAL] Updater:308 - Updater called before beeing initialized
2024-02-14 13:58:53,331 [WARN] DetailPanel:346 - Failed to get advertising image, set to default
2024-02-14 13:58:53,332 [FATAL] Updater:308 - Updater called before beeing initialized
2024-02-14 13:58:53,375 [ERROR] Updater:1120 - MainUpdater not yet initialized. External WinMGr cannot be set.
2024-02-14 13:58:53,376 [INFO] Updater:1056 - Updater Version found : 6.10.0
2024-02-14 13:58:53,394 [INFO] ApplicationProperties:184 - Using Application install path: C:\Users\rsoza\Documents\coding\c++\stm32\STM32CubeIDE_1.14.1\STM32CubeIDE\plugins\com.st.stm32cube.common.mx_6.10.0.202311202037
2024-02-14 13:58:54,966 [ERROR] LogOutputStream:75 - [STDERR_REDIRECT] Feb 14, 2024 1:58:54 PM java.util.prefs.WindowsPreferences <init>
2024-02-14 13:58:54,967 [ERROR] LogOutputStream:75 - [STDERR_REDIRECT] WARNING: Could not open/create prefs root node Software\JavaSoft\Prefs at root 0xffffffff80000002. Windows RegCreateKeyEx(...) returned error code 5.
2024-02-14 13:58:54,967 [ERROR] LogOutputStream:75 - [STDERR_REDIRECT] 
2024-02-14 13:58:55,371 [INFO] ThirdPartyUpdaterWithRetryManager:70 - Updater plugin not ready yet. [2/15]
2024-02-14 13:58:56,336 [INFO] MainUpdater:2873 - connection check result : 10
2024-02-14 13:58:56,337 [INFO] MainUpdater:290 - Updater Check For Update Now.
2024-02-14 13:58:56,337 [INFO] MicroXplorer:498 - Change Database Version : DB.6.0.100
2024-02-14 13:58:56,343 [INFO] McuFinderGlobals:63 - Set McuFinder mode to 2 (CubeIDE integrated)
2024-02-14 13:58:56,343 [INFO] UserAuth:180 - activating auth plugin
2024-02-14 13:58:56,345 [INFO] UserAuth:404 - Internet connection configuration mode: 1
2024-02-14 13:58:56,365 [INFO] JxBrowserEngine:152 - Initiate JxBrowser Engine with user profile folder
2024-02-14 13:58:56,490 [INFO] CheckServerUpdateThread:120 - End of CheckServer Thread
2024-02-14 13:58:57,094 [INFO] WebApp:161 - Instantiating new browser for Auth
2024-02-14 13:58:57,590 [INFO] WebApp:780 - Register for checkConnection events
2024-02-14 13:58:57,590 [INFO] WebApp:414 - Apply proxy settings
2024-02-14 13:58:57,590 [INFO] WebApp:499 - Chromium requires no authentication
2024-02-14 13:58:57,595 [INFO] WebApp:442 - Direct internet connection detected
2024-02-14 13:58:57,727 [INFO] WebApp:192 - Starting web application
2024-02-14 13:58:57,727 [INFO] WebApp:544 - Web application path used C:\Users\rsoza\Documents\coding\c++\stm32\STM32CubeIDE_1.14.1\STM32CubeIDE\plugins\com.st.stm32cube.common.mx_6.10.0.202311202037\db\plugins\mcufinder\reactClient1\index.html
2024-02-14 13:58:58,553 [WARN] PackLoader:240 - Cannot read IP mode file for STMicroelectronics.X-CUBE-SMBUS.2.1.0
2024-02-14 13:58:58,565 [WARN] PackLoader:240 - Cannot read IP mode file for STMicroelectronics.X-CUBE-TOUCHGFX.4.23.0
2024-02-14 13:58:58,586 [WARN] PackLoader:240 - Cannot read IP mode file for STMicroelectronics.X-CUBE-AZRTOS-F7.1.1.0
2024-02-14 13:58:58,597 [WARN] PackLoader:240 - Cannot read IP mode file for STMicroelectronics.FP-SNS-MOTENV1.4.3.2
2024-02-14 13:58:58,606 [WARN] PackLoader:240 - Cannot read IP mode file for STMicroelectronics.FP-SNS-FLIGHT1.5.0.2
2024-02-14 13:58:58,616 [WARN] PackLoader:240 - Cannot read IP mode file for STMicroelectronics.X-CUBE-DISPLAY.3.0.0
2024-02-14 13:58:58,631 [WARN] PackLoader:240 - Cannot read IP mode file for STMicroelectronics.X-CUBE-BLE1.7.0.0
2024-02-14 13:58:58,638 [WARN] PackLoader:240 - Cannot read IP mode file for emotas.I-CUBE-CANOPEN.1.3.0
2024-02-14 13:58:58,643 [WARN] PackLoader:240 - Cannot read IP mode file for STMicroelectronics.FP-SNS-SMARTAG2.1.2.0
2024-02-14 13:58:58,657 [INFO] LogOutputStream:77 - [STDOUT_REDIRECT] 1 : Invalid condition id : UX_CORESTACK_Condition cause : null
2024-02-14 13:58:58,658 [INFO] LogOutputStream:77 - [STDOUT_REDIRECT] 1 : Invalid condition id : UX_CORESTACK_Condition cause : null
2024-02-14 13:58:58,659 [INFO] LogOutputStream:77 - [STDOUT_REDIRECT] 1 : Invalid condition id : UX_CORESTACK_Condition cause : null
2024-02-14 13:58:58,660 [INFO] LogOutputStream:77 - [STDOUT_REDIRECT] 1 : Invalid condition id : UX_CORESTACK_Condition cause : null
2024-02-14 13:58:58,661 [INFO] LogOutputStream:77 - [STDOUT_REDIRECT] 1 : Invalid condition id : UX_CORESTACK_Condition cause : null
2024-02-14 13:58:58,665 [WARN] PackLoader:240 - Cannot read IP mode file for STMicroelectronics.X-CUBE-AZRTOS-WL.2.0.0
2024-02-14 13:58:58,678 [WARN] PackLoader:240 - Cannot read IP mode file for WES.I-CUBE-Cesium.1.3.0
2024-02-14 13:58:58,686 [WARN] PackLoader:240 - Cannot read IP mode file for STMicroelectronics.X-CUBE-BLE2.3.3.0
2024-02-14 13:58:58,695 [WARN] PackLoader:240 - Cannot read IP mode file for STMicroelectronics.X-CUBE-ALGOBUILD.1.3.0
2024-02-14 13:58:58,714 [WARN] PackLoader:240 - Cannot read IP mode file for STMicroelectronics.X-CUBE-AZRTOS-G0.1.1.0
2024-02-14 13:58:58,733 [WARN] PackLoader:240 - Cannot read IP mode file for STMicroelectronics.X-CUBE-NFC4.3.0.0
2024-02-14 13:58:58,745 [WARN] PackLoader:240 - Cannot read IP mode file for STMicroelectronics.X-CUBE-BLEMGR.3.0.0
2024-02-14 13:58:58,752 [WARN] PackLoader:240 - Cannot read IP mode file for STMicroelectronics.FP-ATR-SIGFOX1.3.2.0
2024-02-14 13:58:58,760 [WARN] PackLoader:240 - Cannot read IP mode file for STMicroelectronics.X-CUBE-EEPRMA1.5.1.0
2024-02-14 13:58:58,791 [WARN] PackLoader:240 - Cannot read IP mode file for SEGGER.I-CUBE-embOS.1.3.1
2024-02-14 13:58:58,832 [WARN] PackLoader:240 - Cannot read IP mode file for STMicroelectronics.X-CUBE-GNSS1.6.0.0
2024-02-14 13:58:58,847 [WARN] PackLoader:240 - Cannot read IP mode file for STMicroelectronics.X-CUBE-AZRTOS-F4.1.1.0
2024-02-14 13:58:58,855 [WARN] PackLoader:240 - Cannot read IP mode file for wolfSSL.I-CUBE-wolfSSL.5.6.6
2024-02-14 13:58:58,871 [WARN] PackLoader:240 - Cannot read IP mode file for STMicroelectronics.X-CUBE-AZRTOS-L5.2.0.0
2024-02-14 13:58:58,879 [WARN] PackLoader:240 - Cannot read IP mode file for ITTIA_DB.I-CUBE-ITTIADB.8.8.0
2024-02-14 13:58:58,886 [WARN] PackLoader:240 - Cannot read IP mode file for STMicroelectronics.X-CUBE-NFC7.1.0.1
2024-02-14 13:58:58,895 [WARN] PackLoader:240 - Cannot read IP mode file for STMicroelectronics.X-CUBE-NFC6.3.0.0
2024-02-14 13:58:58,899 [WARN] PackLoader:240 - Cannot read IP mode file for STMicroelectronics.X-CUBE-AI.8.1.0
2024-02-14 13:58:58,914 [WARN] ConditionMgr:438 - getConditionDescription Invalid condition id : LAN8742 Phy interface Condition cause : null
2024-02-14 13:58:58,915 [WARN] PackLoader:240 - Cannot read IP mode file for STMicroelectronics.X-CUBE-AZRTOS-L4.2.0.0
2024-02-14 13:58:58,916 [WARN] ConditionMgr:1039 - genDependencies : Invalid condition id : LAN8742 Phy interface Condition cause : null
2024-02-14 13:58:58,916 [WARN] ConditionMgr:1039 - genDependencies : Invalid condition id : LAN8742 Phy interface Condition cause : null
2024-02-14 13:58:58,918 [WARN] ConditionMgr:1039 - genDependencies : Invalid condition id : LAN8742 Phy interface Condition cause : null
2024-02-14 13:58:58,929 [WARN] PackLoader:240 - Cannot read IP mode file for STMicroelectronics.X-CUBE-SFXS2LP1.4.0.0
2024-02-14 13:58:58,944 [WARN] ConditionMgr:438 - getConditionDescription Invalid condition id : UX DEVICE CLASS RTOS Condition cause : null
2024-02-14 13:58:58,945 [WARN] ConditionMgr:438 - getConditionDescription Invalid condition id : UX DEVICE CLASS RTOS Condition cause : null
2024-02-14 13:58:58,946 [WARN] PackLoader:240 - Cannot read IP mode file for STMicroelectronics.X-CUBE-AZRTOS-WB.2.0.0
2024-02-14 13:58:58,947 [WARN] ConditionMgr:1039 - genDependencies : Invalid condition id : UX DEVICE CLASS RTOS Condition cause : null
2024-02-14 13:58:58,947 [WARN] ConditionMgr:1039 - genDependencies : Invalid condition id : UX DEVICE CLASS RTOS Condition cause : null
2024-02-14 13:58:58,947 [WARN] ConditionMgr:1039 - genDependencies : Invalid condition id : UX DEVICE CLASS RTOS Condition cause : null
2024-02-14 13:58:58,947 [WARN] ConditionMgr:1039 - genDependencies : Invalid condition id : UX DEVICE CLASS RTOS Condition cause : null
2024-02-14 13:58:58,947 [WARN] ConditionMgr:1039 - genDependencies : Invalid condition id : UX DEVICE CLASS RTOS Condition cause : null
2024-02-14 13:58:58,959 [WARN] PackLoader:240 - Cannot read IP mode file for STMicroelectronics.X-CUBE-SUBG2.5.0.0
2024-02-14 13:58:58,978 [WARN] PackLoader:240 - Cannot read IP mode file for STMicroelectronics.X-CUBE-AZRTOS-G4.2.0.0
2024-02-14 13:58:59,006 [WARN] PackLoader:240 - Cannot read IP mode file for Infineon.AIROC-Wi-Fi-Bluetooth-STM32.1.5.1
2024-02-14 13:58:59,016 [WARN] PackLoader:240 - Cannot read IP mode file for STMicroelectronics.FP-SNS-MOTENVWB1.1.3.1
2024-02-14 13:58:59,022 [WARN] PackLoader:240 - Cannot read IP mode file for STMicroelectronics.X-CUBE-ISPU.2.0.0
2024-02-14 13:58:59,071 [WARN] PackLoader:240 - Cannot read IP mode file for STMicroelectronics.X-CUBE-MEMS1.10.0.0
2024-02-14 13:58:59,203 [WARN] PackLoader:240 - Cannot read IP mode file for STMicroelectronics.X-CUBE-FREERTOS.1.1.0
2024-02-14 13:58:59,210 [WARN] PackLoader:240 - Cannot read IP mode file for portGmbH.I-Cube-SoM-uGOAL.1.1.0
2024-02-14 13:58:59,214 [WARN] PackLoader:240 - Cannot read IP mode file for STMicroelectronics.X-CUBE-ALS.1.0.1
2024-02-14 13:58:59,220 [WARN] PackLoader:240 - Cannot read IP mode file for STMicroelectronics.FP-ATR-ASTRA1.2.0.0
2024-02-14 13:58:59,230 [WARN] PackLoader:240 - Cannot read IP mode file for STMicroelectronics.X-CUBE-TOF1.3.4.0
2024-02-14 13:58:59,256 [WARN] PackLoader:240 - Cannot read IP mode file for STMicroelectronics.X-CUBE-AZRTOS-H7.3.2.0
2024-02-14 13:58:59,259 [INFO] ThirdParty:978 - Integrity check success = true
2024-02-14 13:58:59,259 [INFO] IntegrityCheckThread:100 - exiting critical section [integrity check]
2024-02-14 13:58:59,259 [INFO] IntegrityCheckThread:103 - End integrity checks thread
2024-02-14 13:59:18,374 [ERROR] LogOutputStream:75 - [STDERR_REDIRECT] SLF4J: Failed to load class "org.slf4j.impl.StaticLoggerBinder".
2024-02-14 13:59:18,375 [ERROR] LogOutputStream:75 - [STDERR_REDIRECT] SLF4J: Defaulting to no-operation (NOP) logger implementation
2024-02-14 13:59:18,376 [ERROR] LogOutputStream:75 - [STDERR_REDIRECT] SLF4J: See http://www.slf4j.org/codes.html#StaticLoggerBinder for further details.
2024-02-14 22:10:02,660 [INFO] WebApp:354 - JxBrowser engine has been closed 
2024-02-14 22:10:02,925 [ERROR] LogOutputStream:75 - [STDERR_REDIRECT] [Fatal Error] :1:1: Premature end of file.
2024-02-14 22:10:02,925 [ERROR] LogOutputStream:75 - [STDERR_REDIRECT] 
2024-02-14 22:10:03,905 [ERROR] LogOutputStream:75 - [STDERR_REDIRECT] [Fatal Error] :1:1: Premature end of file.
2024-02-14 22:10:03,905 [ERROR] LogOutputStream:75 - [STDERR_REDIRECT] 
2024-02-14 22:10:04,904 [ERROR] LogOutputStream:75 - [STDERR_REDIRECT] [Fatal Error] :1:1: Premature end of file.
2024-02-14 22:10:04,904 [ERROR] LogOutputStream:75 - [STDERR_REDIRECT] 
2024-02-14 22:10:05,910 [ERROR] LogOutputStream:75 - [STDERR_REDIRECT] [Fatal Error] :1:1: Premature end of file.
2024-02-14 22:10:05,910 [ERROR] LogOutputStream:75 - [STDERR_REDIRECT] 
2024-02-14 22:10:06,904 [ERROR] LogOutputStream:75 - [STDERR_REDIRECT] [Fatal Error] :1:1: Premature end of file.
2024-02-14 22:10:06,904 [ERROR] LogOutputStream:75 - [STDERR_REDIRECT] 
2024-02-14 22:10:07,201 [ERROR] LogOutputStream:75 - [STDERR_REDIRECT] 
2024-02-14 22:10:07,201 [ERROR] LogOutputStream:75 - [STDERR_REDIRECT] 
